{"C:\\Users\\julie\\OneDrive\\Documents\\Portfolio\\src\\components\\PortfolioManager.ts": {"path":"C:\\Users\\julie\\OneDrive\\Documents\\Portfolio\\src\\components\\PortfolioManager.ts","statementMap":{"0":{"start":{"line":16,"column":10},"end":{"line":16,"column":59}},"1":{"start":{"line":17,"column":10},"end":{"line":21,"column":4}},"2":{"start":{"line":23,"column":10},"end":{"line":42,"column":4}},"3":{"start":{"line":302,"column":10},"end":{"line":316,"column":4}},"4":{"start":{"line":303,"column":4},"end":{"line":303,"column":23}},"5":{"start":{"line":304,"column":19},"end":{"line":304,"column":55}},"6":{"start":{"line":305,"column":21},"end":{"line":305,"column":62}},"7":{"start":{"line":307,"column":4},"end":{"line":315,"column":5}},"8":{"start":{"line":308,"column":28},"end":{"line":308,"column":61}},"9":{"start":{"line":309,"column":6},"end":{"line":314,"column":7}},"10":{"start":{"line":310,"column":8},"end":{"line":313,"column":11}},"11":{"start":{"line":45,"column":4},"end":{"line":48,"column":7}},"12":{"start":{"line":46,"column":6},"end":{"line":46,"column":91}},"13":{"start":{"line":47,"column":6},"end":{"line":47,"column":34}},"14":{"start":{"line":55,"column":4},"end":{"line":88,"column":5}},"15":{"start":{"line":56,"column":6},"end":{"line":56,"column":72}},"16":{"start":{"line":58,"column":6},"end":{"line":58,"column":34}},"17":{"start":{"line":59,"column":6},"end":{"line":59,"column":24}},"18":{"start":{"line":62,"column":6},"end":{"line":62,"column":35}},"19":{"start":{"line":65,"column":6},"end":{"line":65,"column":48}},"20":{"start":{"line":66,"column":6},"end":{"line":66,"column":62}},"21":{"start":{"line":67,"column":6},"end":{"line":67,"column":76}},"22":{"start":{"line":70,"column":6},"end":{"line":70,"column":40}},"23":{"start":{"line":73,"column":6},"end":{"line":73,"column":39}},"24":{"start":{"line":76,"column":6},"end":{"line":76,"column":24}},"25":{"start":{"line":78,"column":6},"end":{"line":78,"column":38}},"26":{"start":{"line":79,"column":6},"end":{"line":79,"column":35}},"27":{"start":{"line":80,"column":6},"end":{"line":80,"column":66}},"28":{"start":{"line":83,"column":6},"end":{"line":83,"column":27}},"29":{"start":{"line":85,"column":6},"end":{"line":85,"column":33}},"30":{"start":{"line":86,"column":6},"end":{"line":86,"column":91}},"31":{"start":{"line":87,"column":6},"end":{"line":87,"column":18}},"32":{"start":{"line":95,"column":4},"end":{"line":101,"column":7}},"33":{"start":{"line":96,"column":6},"end":{"line":100,"column":7}},"34":{"start":{"line":97,"column":8},"end":{"line":97,"column":71}},"35":{"start":{"line":97,"column":60},"end":{"line":97,"column":69}},"36":{"start":{"line":99,"column":8},"end":{"line":99,"column":18}},"37":{"start":{"line":108,"column":54},"end":{"line":108,"column":56}},"38":{"start":{"line":111,"column":4},"end":{"line":111,"column":72}},"39":{"start":{"line":112,"column":4},"end":{"line":112,"column":70}},"40":{"start":{"line":113,"column":4},"end":{"line":113,"column":71}},"41":{"start":{"line":114,"column":4},"end":{"line":114,"column":59}},"42":{"start":{"line":115,"column":4},"end":{"line":115,"column":68}},"43":{"start":{"line":118,"column":20},"end":{"line":118,"column":58}},"44":{"start":{"line":121,"column":4},"end":{"line":129,"column":7}},"45":{"start":{"line":122,"column":29},"end":{"line":122,"column":74}},"46":{"start":{"line":123,"column":6},"end":{"line":128,"column":7}},"47":{"start":{"line":124,"column":8},"end":{"line":124,"column":58}},"48":{"start":{"line":125,"column":8},"end":{"line":125,"column":65}},"49":{"start":{"line":127,"column":8},"end":{"line":127,"column":79}},"50":{"start":{"line":132,"column":4},"end":{"line":132,"column":42}},"51":{"start":{"line":135,"column":4},"end":{"line":135,"column":38}},"52":{"start":{"line":146,"column":4},"end":{"line":164,"column":7}},"53":{"start":{"line":147,"column":29},"end":{"line":154,"column":7}},"54":{"start":{"line":148,"column":27},"end":{"line":148,"column":52}},"55":{"start":{"line":149,"column":8},"end":{"line":153,"column":9}},"56":{"start":{"line":150,"column":10},"end":{"line":150,"column":29}},"57":{"start":{"line":152,"column":10},"end":{"line":152,"column":42}},"58":{"start":{"line":156,"column":6},"end":{"line":156,"column":23}},"59":{"start":{"line":159,"column":6},"end":{"line":163,"column":18}},"60":{"start":{"line":160,"column":8},"end":{"line":162,"column":9}},"61":{"start":{"line":161,"column":10},"end":{"line":161,"column":72}},"62":{"start":{"line":171,"column":24},"end":{"line":171,"column":45}},"63":{"start":{"line":173,"column":4},"end":{"line":189,"column":5}},"64":{"start":{"line":175,"column":8},"end":{"line":175,"column":34}},"65":{"start":{"line":176,"column":8},"end":{"line":176,"column":14}},"66":{"start":{"line":178,"column":8},"end":{"line":178,"column":34}},"67":{"start":{"line":179,"column":8},"end":{"line":179,"column":14}},"68":{"start":{"line":181,"column":8},"end":{"line":181,"column":37}},"69":{"start":{"line":182,"column":8},"end":{"line":182,"column":14}},"70":{"start":{"line":184,"column":8},"end":{"line":184,"column":32}},"71":{"start":{"line":185,"column":8},"end":{"line":185,"column":14}},"72":{"start":{"line":187,"column":8},"end":{"line":187,"column":37}},"73":{"start":{"line":188,"column":8},"end":{"line":188,"column":14}},"74":{"start":{"line":196,"column":17},"end":{"line":196,"column":41}},"75":{"start":{"line":197,"column":17},"end":{"line":197,"column":71}},"76":{"start":{"line":198,"column":4},"end":{"line":198,"column":16}},"77":{"start":{"line":205,"column":4},"end":{"line":205,"column":31}},"78":{"start":{"line":206,"column":4},"end":{"line":206,"column":30}},"79":{"start":{"line":207,"column":4},"end":{"line":207,"column":34}},"80":{"start":{"line":214,"column":4},"end":{"line":216,"column":5}},"81":{"start":{"line":215,"column":6},"end":{"line":215,"column":41}},"82":{"start":{"line":223,"column":4},"end":{"line":225,"column":5}},"83":{"start":{"line":224,"column":6},"end":{"line":224,"column":47}},"84":{"start":{"line":232,"column":4},"end":{"line":232,"column":29}},"85":{"start":{"line":239,"column":4},"end":{"line":239,"column":34}},"86":{"start":{"line":246,"column":4},"end":{"line":249,"column":5}},"87":{"start":{"line":247,"column":27},"end":{"line":247,"column":98}},"88":{"start":{"line":248,"column":6},"end":{"line":248,"column":70}},"89":{"start":{"line":248,"column":33},"end":{"line":248,"column":68}},"90":{"start":{"line":256,"column":4},"end":{"line":258,"column":5}},"91":{"start":{"line":257,"column":6},"end":{"line":257,"column":40}},"92":{"start":{"line":265,"column":21},"end":{"line":265,"column":68}},"93":{"start":{"line":267,"column":21},"end":{"line":277,"column":null}},"94":{"start":{"line":269,"column":8},"end":{"line":275,"column":11}},"95":{"start":{"line":270,"column":10},"end":{"line":274,"column":11}},"96":{"start":{"line":271,"column":27},"end":{"line":271,"column":54}},"97":{"start":{"line":272,"column":12},"end":{"line":272,"column":39}},"98":{"start":{"line":273,"column":12},"end":{"line":273,"column":53}},"99":{"start":{"line":280,"column":4},"end":{"line":286,"column":7}},"100":{"start":{"line":281,"column":22},"end":{"line":281,"column":39}},"101":{"start":{"line":282,"column":6},"end":{"line":282,"column":34}},"102":{"start":{"line":283,"column":6},"end":{"line":283,"column":51}},"103":{"start":{"line":284,"column":6},"end":{"line":284,"column":49}},"104":{"start":{"line":285,"column":6},"end":{"line":285,"column":32}},"105":{"start":{"line":293,"column":21},"end":{"line":293,"column":62}},"106":{"start":{"line":294,"column":4},"end":{"line":296,"column":7}},"107":{"start":{"line":295,"column":6},"end":{"line":295,"column":62}},"108":{"start":{"line":322,"column":22},"end":{"line":322,"column":66}},"109":{"start":{"line":323,"column":4},"end":{"line":331,"column":7}},"110":{"start":{"line":324,"column":22},"end":{"line":324,"column":40}},"111":{"start":{"line":325,"column":25},"end":{"line":325,"column":48}},"112":{"start":{"line":326,"column":6},"end":{"line":330,"column":7}},"113":{"start":{"line":327,"column":8},"end":{"line":329,"column":16}},"114":{"start":{"line":328,"column":10},"end":{"line":328,"column":49}},"115":{"start":{"line":338,"column":25},"end":{"line":338,"column":67}},"116":{"start":{"line":339,"column":4},"end":{"line":343,"column":7}},"117":{"start":{"line":340,"column":22},"end":{"line":340,"column":41}},"118":{"start":{"line":341,"column":6},"end":{"line":341,"column":55}},"119":{"start":{"line":342,"column":6},"end":{"line":342,"column":49}},"120":{"start":{"line":350,"column":4},"end":{"line":350,"column":34}},"121":{"start":{"line":351,"column":4},"end":{"line":351,"column":26}},"122":{"start":{"line":352,"column":4},"end":{"line":352,"column":29}},"123":{"start":{"line":353,"column":4},"end":{"line":353,"column":31}},"124":{"start":{"line":360,"column":4},"end":{"line":387,"column":5}},"125":{"start":{"line":362,"column":6},"end":{"line":367,"column":9}},"126":{"start":{"line":363,"column":28},"end":{"line":363,"column":44}},"127":{"start":{"line":364,"column":9},"end":{"line":366,"column":11}},"128":{"start":{"line":370,"column":6},"end":{"line":375,"column":9}},"129":{"start":{"line":371,"column":28},"end":{"line":371,"column":44}},"130":{"start":{"line":372,"column":9},"end":{"line":374,"column":11}},"131":{"start":{"line":378,"column":6},"end":{"line":386,"column":9}},"132":{"start":{"line":379,"column":23},"end":{"line":379,"column":46}},"133":{"start":{"line":380,"column":8},"end":{"line":385,"column":9}},"134":{"start":{"line":381,"column":11},"end":{"line":384,"column":13}},"135":{"start":{"line":394,"column":4},"end":{"line":402,"column":5}},"136":{"start":{"line":395,"column":6},"end":{"line":401,"column":9}},"137":{"start":{"line":396,"column":27},"end":{"line":396,"column":76}},"138":{"start":{"line":397,"column":29},"end":{"line":397,"column":98}},"139":{"start":{"line":398,"column":8},"end":{"line":400,"column":9}},"140":{"start":{"line":399,"column":10},"end":{"line":399,"column":59}},"141":{"start":{"line":409,"column":4},"end":{"line":421,"column":5}},"142":{"start":{"line":410,"column":6},"end":{"line":420,"column":9}},"143":{"start":{"line":411,"column":34},"end":{"line":411,"column":51}},"144":{"start":{"line":412,"column":8},"end":{"line":412,"column":48}},"145":{"start":{"line":415,"column":8},"end":{"line":419,"column":11}},"146":{"start":{"line":416,"column":10},"end":{"line":418,"column":11}},"147":{"start":{"line":417,"column":13},"end":{"line":417,"column":55}},"148":{"start":{"line":428,"column":4},"end":{"line":439,"column":5}},"149":{"start":{"line":429,"column":6},"end":{"line":434,"column":9}},"150":{"start":{"line":430,"column":8},"end":{"line":432,"column":9}},"151":{"start":{"line":431,"column":11},"end":{"line":431,"column":66}},"152":{"start":{"line":433,"column":8},"end":{"line":433,"column":77}},"153":{"start":{"line":436,"column":6},"end":{"line":438,"column":9}},"154":{"start":{"line":437,"column":8},"end":{"line":437,"column":64}},"155":{"start":{"line":447,"column":4},"end":{"line":456,"column":7}},"156":{"start":{"line":448,"column":6},"end":{"line":448,"column":72}},"157":{"start":{"line":449,"column":6},"end":{"line":455,"column":7}},"158":{"start":{"line":450,"column":9},"end":{"line":454,"column":11}},"159":{"start":{"line":459,"column":4},"end":{"line":465,"column":7}},"160":{"start":{"line":460,"column":6},"end":{"line":464,"column":7}},"161":{"start":{"line":461,"column":8},"end":{"line":461,"column":31}},"162":{"start":{"line":463,"column":8},"end":{"line":463,"column":32}},"163":{"start":{"line":469,"column":4},"end":{"line":474,"column":7}},"164":{"start":{"line":470,"column":6},"end":{"line":470,"column":34}},"165":{"start":{"line":471,"column":6},"end":{"line":473,"column":14}},"166":{"start":{"line":472,"column":8},"end":{"line":472,"column":28}},"167":{"start":{"line":481,"column":4},"end":{"line":483,"column":5}},"168":{"start":{"line":482,"column":7},"end":{"line":482,"column":55}},"169":{"start":{"line":490,"column":4},"end":{"line":492,"column":5}},"170":{"start":{"line":491,"column":7},"end":{"line":491,"column":56}},"171":{"start":{"line":500,"column":4},"end":{"line":504,"column":7}},"172":{"start":{"line":501,"column":6},"end":{"line":503,"column":7}},"173":{"start":{"line":502,"column":9},"end":{"line":502,"column":42}},"174":{"start":{"line":511,"column":19},"end":{"line":511,"column":72}},"175":{"start":{"line":512,"column":4},"end":{"line":514,"column":5}},"176":{"start":{"line":513,"column":6},"end":{"line":513,"column":36}},"177":{"start":{"line":521,"column":19},"end":{"line":521,"column":72}},"178":{"start":{"line":522,"column":4},"end":{"line":529,"column":5}},"179":{"start":{"line":523,"column":6},"end":{"line":528,"column":15}},"180":{"start":{"line":524,"column":8},"end":{"line":524,"column":35}},"181":{"start":{"line":525,"column":8},"end":{"line":527,"column":16}},"182":{"start":{"line":526,"column":10},"end":{"line":526,"column":40}},"183":{"start":{"line":536,"column":4},"end":{"line":540,"column":5}},"184":{"start":{"line":537,"column":6},"end":{"line":537,"column":45}},"185":{"start":{"line":539,"column":6},"end":{"line":539,"column":52}},"186":{"start":{"line":547,"column":4},"end":{"line":563,"column":5}},"187":{"start":{"line":548,"column":6},"end":{"line":548,"column":65}},"188":{"start":{"line":549,"column":6},"end":{"line":549,"column":64}},"189":{"start":{"line":550,"column":6},"end":{"line":550,"column":51}},"190":{"start":{"line":551,"column":6},"end":{"line":551,"column":80}},"191":{"start":{"line":552,"column":6},"end":{"line":552,"column":69}},"192":{"start":{"line":555,"column":6},"end":{"line":555,"column":37}},"193":{"start":{"line":556,"column":6},"end":{"line":562,"column":9}},"194":{"start":{"line":556,"column":40},"end":{"line":562,"column":8}},"195":{"start":{"line":570,"column":4},"end":{"line":570,"column":71}},"196":{"start":{"line":573,"column":25},"end":{"line":573,"column":54}},"197":{"start":{"line":574,"column":4},"end":{"line":584,"column":6}},"198":{"start":{"line":585,"column":4},"end":{"line":585,"column":84}},"199":{"start":{"line":586,"column":4},"end":{"line":586,"column":44}},"200":{"start":{"line":589,"column":4},"end":{"line":589,"column":22}},"201":{"start":{"line":592,"column":4},"end":{"line":596,"column":5}},"202":{"start":{"line":593,"column":7},"end":{"line":595,"column":9}},"203":{"start":{"line":602,"column":4},"end":{"line":602,"column":27}},"204":{"start":{"line":605,"column":4},"end":{"line":609,"column":7}},"205":{"start":{"line":606,"column":6},"end":{"line":608,"column":7}},"206":{"start":{"line":607,"column":9},"end":{"line":607,"column":37}},"207":{"start":{"line":610,"column":4},"end":{"line":610,"column":28}},"208":{"start":{"line":612,"column":4},"end":{"line":612,"column":37}},"209":{"start":{"line":613,"column":4},"end":{"line":613,"column":45}},"210":{"start":{"line":617,"column":4},"end":{"line":617,"column":29}},"211":{"start":{"line":621,"column":4},"end":{"line":621,"column":48}},"212":{"start":{"line":622,"column":4},"end":{"line":622,"column":46}},"213":{"start":{"line":626,"column":4},"end":{"line":626,"column":52}},"214":{"start":{"line":630,"column":4},"end":{"line":630,"column":36}},"215":{"start":{"line":634,"column":4},"end":{"line":634,"column":63}},"216":{"start":{"line":635,"column":4},"end":{"line":635,"column":19}},"217":{"start":{"line":636,"column":4},"end":{"line":636,"column":28}},"218":{"start":{"line":637,"column":4},"end":{"line":637,"column":37}},"219":{"start":{"line":638,"column":4},"end":{"line":638,"column":22}},"220":{"start":{"line":643,"column":0},"end":{"line":643,"column":23}}},"fnMap":{"0":{"name":"(anonymous_0)","decl":{"start":{"line":44,"column":2},"end":{"line":44,"column":null}},"loc":{"start":{"line":44,"column":2},"end":{"line":49,"column":3}}},"1":{"name":"(anonymous_1)","decl":{"start":{"line":302,"column":31},"end":{"line":302,"column":32}},"loc":{"start":{"line":302,"column":50},"end":{"line":316,"column":3}}},"2":{"name":"(anonymous_2)","decl":{"start":{"line":45,"column":22},"end":{"line":45,"column":27}},"loc":{"start":{"line":45,"column":30},"end":{"line":48,"column":5}}},"3":{"name":"(anonymous_3)","decl":{"start":{"line":54,"column":2},"end":{"line":54,"column":7}},"loc":{"start":{"line":54,"column":12},"end":{"line":89,"column":3}}},"4":{"name":"(anonymous_4)","decl":{"start":{"line":94,"column":10},"end":{"line":94,"column":25}},"loc":{"start":{"line":94,"column":25},"end":{"line":102,"column":3}}},"5":{"name":"(anonymous_5)","decl":{"start":{"line":95,"column":23},"end":{"line":95,"column":30}},"loc":{"start":{"line":95,"column":33},"end":{"line":101,"column":5}}},"6":{"name":"(anonymous_6)","decl":{"start":{"line":97,"column":54},"end":{"line":97,"column":57}},"loc":{"start":{"line":97,"column":60},"end":{"line":97,"column":69}}},"7":{"name":"(anonymous_7)","decl":{"start":{"line":107,"column":10},"end":{"line":107,"column":15}},"loc":{"start":{"line":107,"column":36},"end":{"line":136,"column":3}}},"8":{"name":"(anonymous_8)","decl":{"start":{"line":121,"column":20},"end":{"line":121,"column":21}},"loc":{"start":{"line":121,"column":38},"end":{"line":129,"column":5}}},"9":{"name":"(anonymous_9)","decl":{"start":{"line":141,"column":10},"end":{"line":141,"column":26}},"loc":{"start":{"line":144,"column":18},"end":{"line":165,"column":3}}},"10":{"name":"(anonymous_10)","decl":{"start":{"line":146,"column":23},"end":{"line":146,"column":24}},"loc":{"start":{"line":146,"column":43},"end":{"line":164,"column":5}}},"11":{"name":"(anonymous_11)","decl":{"start":{"line":147,"column":29},"end":{"line":147,"column":38}},"loc":{"start":{"line":147,"column":40},"end":{"line":154,"column":7}}},"12":{"name":"(anonymous_12)","decl":{"start":{"line":159,"column":17},"end":{"line":159,"column":20}},"loc":{"start":{"line":159,"column":22},"end":{"line":163,"column":7}}},"13":{"name":"(anonymous_13)","decl":{"start":{"line":170,"column":10},"end":{"line":170,"column":40}},"loc":{"start":{"line":170,"column":40},"end":{"line":190,"column":3}}},"14":{"name":"(anonymous_14)","decl":{"start":{"line":195,"column":10},"end":{"line":195,"column":24}},"loc":{"start":{"line":195,"column":24},"end":{"line":199,"column":3}}},"15":{"name":"(anonymous_15)","decl":{"start":{"line":204,"column":10},"end":{"line":204,"column":28}},"loc":{"start":{"line":204,"column":28},"end":{"line":208,"column":3}}},"16":{"name":"(anonymous_16)","decl":{"start":{"line":213,"column":10},"end":{"line":213,"column":28}},"loc":{"start":{"line":213,"column":28},"end":{"line":217,"column":3}}},"17":{"name":"(anonymous_17)","decl":{"start":{"line":222,"column":10},"end":{"line":222,"column":31}},"loc":{"start":{"line":222,"column":31},"end":{"line":226,"column":3}}},"18":{"name":"(anonymous_18)","decl":{"start":{"line":231,"column":10},"end":{"line":231,"column":26}},"loc":{"start":{"line":231,"column":26},"end":{"line":233,"column":3}}},"19":{"name":"(anonymous_19)","decl":{"start":{"line":238,"column":10},"end":{"line":238,"column":31}},"loc":{"start":{"line":238,"column":31},"end":{"line":240,"column":3}}},"20":{"name":"(anonymous_20)","decl":{"start":{"line":245,"column":10},"end":{"line":245,"column":29}},"loc":{"start":{"line":245,"column":29},"end":{"line":250,"column":3}}},"21":{"name":"(anonymous_21)","decl":{"start":{"line":248,"column":27},"end":{"line":248,"column":29}},"loc":{"start":{"line":248,"column":33},"end":{"line":248,"column":68}}},"22":{"name":"(anonymous_22)","decl":{"start":{"line":255,"column":10},"end":{"line":255,"column":28}},"loc":{"start":{"line":255,"column":28},"end":{"line":259,"column":3}}},"23":{"name":"(anonymous_23)","decl":{"start":{"line":264,"column":10},"end":{"line":264,"column":36}},"loc":{"start":{"line":264,"column":36},"end":{"line":287,"column":3}}},"24":{"name":"(anonymous_24)","decl":{"start":{"line":268,"column":6},"end":{"line":268,"column":13}},"loc":{"start":{"line":268,"column":16},"end":{"line":276,"column":7}}},"25":{"name":"(anonymous_25)","decl":{"start":{"line":269,"column":24},"end":{"line":269,"column":29}},"loc":{"start":{"line":269,"column":32},"end":{"line":275,"column":9}}},"26":{"name":"(anonymous_26)","decl":{"start":{"line":280,"column":21},"end":{"line":280,"column":23}},"loc":{"start":{"line":280,"column":26},"end":{"line":286,"column":5}}},"27":{"name":"(anonymous_27)","decl":{"start":{"line":292,"column":10},"end":{"line":292,"column":32}},"loc":{"start":{"line":292,"column":32},"end":{"line":297,"column":3}}},"28":{"name":"(anonymous_28)","decl":{"start":{"line":294,"column":21},"end":{"line":294,"column":25}},"loc":{"start":{"line":294,"column":28},"end":{"line":296,"column":5}}},"29":{"name":"(anonymous_29)","decl":{"start":{"line":321,"column":10},"end":{"line":321,"column":27}},"loc":{"start":{"line":321,"column":27},"end":{"line":332,"column":3}}},"30":{"name":"(anonymous_30)","decl":{"start":{"line":323,"column":22},"end":{"line":323,"column":25}},"loc":{"start":{"line":323,"column":28},"end":{"line":331,"column":5}}},"31":{"name":"(anonymous_31)","decl":{"start":{"line":327,"column":19},"end":{"line":327,"column":22}},"loc":{"start":{"line":327,"column":24},"end":{"line":329,"column":9}}},"32":{"name":"(anonymous_32)","decl":{"start":{"line":337,"column":10},"end":{"line":337,"column":32}},"loc":{"start":{"line":337,"column":32},"end":{"line":344,"column":3}}},"33":{"name":"(anonymous_33)","decl":{"start":{"line":339,"column":25},"end":{"line":339,"column":26}},"loc":{"start":{"line":339,"column":41},"end":{"line":343,"column":5}}},"34":{"name":"(anonymous_34)","decl":{"start":{"line":349,"column":10},"end":{"line":349,"column":36}},"loc":{"start":{"line":349,"column":36},"end":{"line":354,"column":3}}},"35":{"name":"(anonymous_35)","decl":{"start":{"line":359,"column":10},"end":{"line":359,"column":32}},"loc":{"start":{"line":359,"column":32},"end":{"line":388,"column":3}}},"36":{"name":"(anonymous_36)","decl":{"start":{"line":362,"column":48},"end":{"line":362,"column":49}},"loc":{"start":{"line":362,"column":61},"end":{"line":367,"column":7}}},"37":{"name":"(anonymous_37)","decl":{"start":{"line":370,"column":51},"end":{"line":370,"column":52}},"loc":{"start":{"line":370,"column":64},"end":{"line":375,"column":7}}},"38":{"name":"(anonymous_38)","decl":{"start":{"line":378,"column":41},"end":{"line":378,"column":42}},"loc":{"start":{"line":378,"column":54},"end":{"line":386,"column":7}}},"39":{"name":"(anonymous_39)","decl":{"start":{"line":393,"column":10},"end":{"line":393,"column":24}},"loc":{"start":{"line":393,"column":24},"end":{"line":403,"column":3}}},"40":{"name":"(anonymous_40)","decl":{"start":{"line":395,"column":48},"end":{"line":395,"column":49}},"loc":{"start":{"line":395,"column":67},"end":{"line":401,"column":7}}},"41":{"name":"(anonymous_41)","decl":{"start":{"line":408,"column":10},"end":{"line":408,"column":27}},"loc":{"start":{"line":408,"column":27},"end":{"line":422,"column":3}}},"42":{"name":"(anonymous_42)","decl":{"start":{"line":410,"column":51},"end":{"line":410,"column":52}},"loc":{"start":{"line":410,"column":70},"end":{"line":420,"column":7}}},"43":{"name":"(anonymous_43)","decl":{"start":{"line":415,"column":32},"end":{"line":415,"column":41}},"loc":{"start":{"line":415,"column":44},"end":{"line":419,"column":9}}},"44":{"name":"(anonymous_44)","decl":{"start":{"line":427,"column":10},"end":{"line":427,"column":29}},"loc":{"start":{"line":427,"column":29},"end":{"line":440,"column":3}}},"45":{"name":"(anonymous_45)","decl":{"start":{"line":429,"column":48},"end":{"line":429,"column":51}},"loc":{"start":{"line":429,"column":53},"end":{"line":434,"column":7}}},"46":{"name":"(anonymous_46)","decl":{"start":{"line":436,"column":54},"end":{"line":436,"column":57}},"loc":{"start":{"line":436,"column":59},"end":{"line":438,"column":7}}},"47":{"name":"(anonymous_47)","decl":{"start":{"line":445,"column":10},"end":{"line":445,"column":35}},"loc":{"start":{"line":445,"column":35},"end":{"line":475,"column":3}}},"48":{"name":"(anonymous_48)","decl":{"start":{"line":447,"column":37},"end":{"line":447,"column":38}},"loc":{"start":{"line":447,"column":55},"end":{"line":456,"column":5}}},"49":{"name":"(anonymous_49)","decl":{"start":{"line":459,"column":50},"end":{"line":459,"column":53}},"loc":{"start":{"line":459,"column":55},"end":{"line":465,"column":5}}},"50":{"name":"(anonymous_50)","decl":{"start":{"line":469,"column":38},"end":{"line":469,"column":41}},"loc":{"start":{"line":469,"column":43},"end":{"line":474,"column":5}}},"51":{"name":"(anonymous_51)","decl":{"start":{"line":471,"column":40},"end":{"line":471,"column":43}},"loc":{"start":{"line":471,"column":45},"end":{"line":473,"column":7}}},"52":{"name":"(anonymous_52)","decl":{"start":{"line":480,"column":10},"end":{"line":480,"column":25}},"loc":{"start":{"line":480,"column":25},"end":{"line":484,"column":3}}},"53":{"name":"(anonymous_53)","decl":{"start":{"line":489,"column":10},"end":{"line":489,"column":26}},"loc":{"start":{"line":489,"column":26},"end":{"line":493,"column":3}}},"54":{"name":"(anonymous_54)","decl":{"start":{"line":498,"column":10},"end":{"line":498,"column":22}},"loc":{"start":{"line":498,"column":22},"end":{"line":505,"column":3}}},"55":{"name":"(anonymous_55)","decl":{"start":{"line":500,"column":28},"end":{"line":500,"column":37}},"loc":{"start":{"line":500,"column":40},"end":{"line":504,"column":5}}},"56":{"name":"(anonymous_56)","decl":{"start":{"line":510,"column":10},"end":{"line":510,"column":20}},"loc":{"start":{"line":510,"column":20},"end":{"line":515,"column":3}}},"57":{"name":"(anonymous_57)","decl":{"start":{"line":520,"column":10},"end":{"line":520,"column":20}},"loc":{"start":{"line":520,"column":20},"end":{"line":530,"column":3}}},"58":{"name":"(anonymous_58)","decl":{"start":{"line":523,"column":17},"end":{"line":523,"column":20}},"loc":{"start":{"line":523,"column":22},"end":{"line":528,"column":7}}},"59":{"name":"(anonymous_59)","decl":{"start":{"line":525,"column":19},"end":{"line":525,"column":22}},"loc":{"start":{"line":525,"column":24},"end":{"line":527,"column":9}}},"60":{"name":"(anonymous_60)","decl":{"start":{"line":535,"column":10},"end":{"line":535,"column":26}},"loc":{"start":{"line":535,"column":75},"end":{"line":541,"column":3}}},"61":{"name":"(anonymous_61)","decl":{"start":{"line":546,"column":10},"end":{"line":546,"column":23}},"loc":{"start":{"line":546,"column":23},"end":{"line":564,"column":3}}},"62":{"name":"(anonymous_62)","decl":{"start":{"line":556,"column":33},"end":{"line":556,"column":36}},"loc":{"start":{"line":556,"column":40},"end":{"line":562,"column":8}}},"63":{"name":"(anonymous_63)","decl":{"start":{"line":569,"column":10},"end":{"line":569,"column":25}},"loc":{"start":{"line":569,"column":38},"end":{"line":597,"column":3}}},"64":{"name":"(anonymous_64)","decl":{"start":{"line":600,"column":2},"end":{"line":600,"column":9}},"loc":{"start":{"line":600,"column":9},"end":{"line":614,"column":3}}},"65":{"name":"(anonymous_65)","decl":{"start":{"line":605,"column":28},"end":{"line":605,"column":37}},"loc":{"start":{"line":605,"column":40},"end":{"line":609,"column":5}}},"66":{"name":"(anonymous_66)","decl":{"start":{"line":616,"column":2},"end":{"line":616,"column":10}},"loc":{"start":{"line":616,"column":10},"end":{"line":618,"column":3}}},"67":{"name":"(anonymous_67)","decl":{"start":{"line":620,"column":2},"end":{"line":620,"column":14}},"loc":{"start":{"line":620,"column":47},"end":{"line":623,"column":3}}},"68":{"name":"(anonymous_68)","decl":{"start":{"line":625,"column":2},"end":{"line":625,"column":14}},"loc":{"start":{"line":625,"column":55},"end":{"line":627,"column":3}}},"69":{"name":"(anonymous_69)","decl":{"start":{"line":629,"column":2},"end":{"line":629,"column":18}},"loc":{"start":{"line":629,"column":18},"end":{"line":631,"column":3}}},"70":{"name":"(anonymous_70)","decl":{"start":{"line":633,"column":2},"end":{"line":633,"column":7}},"loc":{"start":{"line":633,"column":20},"end":{"line":639,"column":3}}}},"branchMap":{"0":{"loc":{"start":{"line":307,"column":4},"end":{"line":315,"column":5}},"type":"if","locations":[{"start":{"line":307,"column":4},"end":{"line":315,"column":5}}]},"1":{"loc":{"start":{"line":309,"column":6},"end":{"line":314,"column":7}},"type":"if","locations":[{"start":{"line":309,"column":6},"end":{"line":314,"column":7}}]},"2":{"loc":{"start":{"line":86,"column":32},"end":{"line":86,"column":90}},"type":"cond-expr","locations":[{"start":{"line":86,"column":57},"end":{"line":86,"column":70}},{"start":{"line":86,"column":73},"end":{"line":86,"column":90}}]},"3":{"loc":{"start":{"line":96,"column":6},"end":{"line":100,"column":7}},"type":"if","locations":[{"start":{"line":96,"column":6},"end":{"line":100,"column":7}},{"start":{"line":98,"column":13},"end":{"line":100,"column":7}}]},"4":{"loc":{"start":{"line":123,"column":6},"end":{"line":128,"column":7}},"type":"if","locations":[{"start":{"line":123,"column":6},"end":{"line":128,"column":7}},{"start":{"line":126,"column":13},"end":{"line":128,"column":7}}]},"5":{"loc":{"start":{"line":144,"column":4},"end":{"line":144,"column":18}},"type":"default-arg","locations":[{"start":{"line":144,"column":14},"end":{"line":144,"column":18}}]},"6":{"loc":{"start":{"line":149,"column":8},"end":{"line":153,"column":9}},"type":"if","locations":[{"start":{"line":149,"column":8},"end":{"line":153,"column":9}},{"start":{"line":151,"column":15},"end":{"line":153,"column":9}}]},"7":{"loc":{"start":{"line":160,"column":8},"end":{"line":162,"column":9}},"type":"if","locations":[{"start":{"line":160,"column":8},"end":{"line":162,"column":9}}]},"8":{"loc":{"start":{"line":173,"column":4},"end":{"line":189,"column":5}},"type":"switch","locations":[{"start":{"line":174,"column":6},"end":{"line":176,"column":14}},{"start":{"line":177,"column":6},"end":{"line":179,"column":14}},{"start":{"line":180,"column":6},"end":{"line":182,"column":14}},{"start":{"line":183,"column":6},"end":{"line":185,"column":14}},{"start":{"line":186,"column":6},"end":{"line":188,"column":14}}]},"9":{"loc":{"start":{"line":197,"column":17},"end":{"line":197,"column":71}},"type":"binary-expr","locations":[{"start":{"line":197,"column":17},"end":{"line":197,"column":60}},{"start":{"line":197,"column":64},"end":{"line":197,"column":71}}]},"10":{"loc":{"start":{"line":214,"column":4},"end":{"line":216,"column":5}},"type":"if","locations":[{"start":{"line":214,"column":4},"end":{"line":216,"column":5}}]},"11":{"loc":{"start":{"line":223,"column":4},"end":{"line":225,"column":5}},"type":"if","locations":[{"start":{"line":223,"column":4},"end":{"line":225,"column":5}}]},"12":{"loc":{"start":{"line":246,"column":4},"end":{"line":249,"column":5}},"type":"if","locations":[{"start":{"line":246,"column":4},"end":{"line":249,"column":5}}]},"13":{"loc":{"start":{"line":256,"column":4},"end":{"line":258,"column":5}},"type":"if","locations":[{"start":{"line":256,"column":4},"end":{"line":258,"column":5}}]},"14":{"loc":{"start":{"line":270,"column":10},"end":{"line":274,"column":11}},"type":"if","locations":[{"start":{"line":270,"column":10},"end":{"line":274,"column":11}}]},"15":{"loc":{"start":{"line":326,"column":6},"end":{"line":330,"column":7}},"type":"if","locations":[{"start":{"line":326,"column":6},"end":{"line":330,"column":7}}]},"16":{"loc":{"start":{"line":360,"column":4},"end":{"line":387,"column":5}},"type":"if","locations":[{"start":{"line":360,"column":4},"end":{"line":387,"column":5}}]},"17":{"loc":{"start":{"line":380,"column":8},"end":{"line":385,"column":9}},"type":"if","locations":[{"start":{"line":380,"column":8},"end":{"line":385,"column":9}}]},"18":{"loc":{"start":{"line":394,"column":4},"end":{"line":402,"column":5}},"type":"if","locations":[{"start":{"line":394,"column":4},"end":{"line":402,"column":5}}]},"19":{"loc":{"start":{"line":394,"column":8},"end":{"line":394,"column":41}},"type":"binary-expr","locations":[{"start":{"line":394,"column":8},"end":{"line":394,"column":27}},{"start":{"line":394,"column":31},"end":{"line":394,"column":41}}]},"20":{"loc":{"start":{"line":396,"column":27},"end":{"line":396,"column":76}},"type":"cond-expr","locations":[{"start":{"line":396,"column":55},"end":{"line":396,"column":64}},{"start":{"line":396,"column":67},"end":{"line":396,"column":76}}]},"21":{"loc":{"start":{"line":398,"column":8},"end":{"line":400,"column":9}},"type":"if","locations":[{"start":{"line":398,"column":8},"end":{"line":400,"column":9}}]},"22":{"loc":{"start":{"line":409,"column":4},"end":{"line":421,"column":5}},"type":"if","locations":[{"start":{"line":409,"column":4},"end":{"line":421,"column":5}}]},"23":{"loc":{"start":{"line":416,"column":10},"end":{"line":418,"column":11}},"type":"if","locations":[{"start":{"line":416,"column":10},"end":{"line":418,"column":11}}]},"24":{"loc":{"start":{"line":428,"column":4},"end":{"line":439,"column":5}},"type":"if","locations":[{"start":{"line":428,"column":4},"end":{"line":439,"column":5}}]},"25":{"loc":{"start":{"line":430,"column":8},"end":{"line":432,"column":9}},"type":"if","locations":[{"start":{"line":430,"column":8},"end":{"line":432,"column":9}}]},"26":{"loc":{"start":{"line":449,"column":6},"end":{"line":455,"column":7}},"type":"if","locations":[{"start":{"line":449,"column":6},"end":{"line":455,"column":7}}]},"27":{"loc":{"start":{"line":460,"column":6},"end":{"line":464,"column":7}},"type":"if","locations":[{"start":{"line":460,"column":6},"end":{"line":464,"column":7}},{"start":{"line":462,"column":13},"end":{"line":464,"column":7}}]},"28":{"loc":{"start":{"line":481,"column":4},"end":{"line":483,"column":5}},"type":"if","locations":[{"start":{"line":481,"column":4},"end":{"line":483,"column":5}}]},"29":{"loc":{"start":{"line":481,"column":8},"end":{"line":481,"column":72}},"type":"binary-expr","locations":[{"start":{"line":481,"column":8},"end":{"line":481,"column":26}},{"start":{"line":481,"column":30},"end":{"line":481,"column":72}}]},"30":{"loc":{"start":{"line":490,"column":4},"end":{"line":492,"column":5}},"type":"if","locations":[{"start":{"line":490,"column":4},"end":{"line":492,"column":5}}]},"31":{"loc":{"start":{"line":490,"column":8},"end":{"line":490,"column":73}},"type":"binary-expr","locations":[{"start":{"line":490,"column":8},"end":{"line":490,"column":26}},{"start":{"line":490,"column":30},"end":{"line":490,"column":73}}]},"32":{"loc":{"start":{"line":501,"column":6},"end":{"line":503,"column":7}},"type":"if","locations":[{"start":{"line":501,"column":6},"end":{"line":503,"column":7}}]},"33":{"loc":{"start":{"line":512,"column":4},"end":{"line":514,"column":5}},"type":"if","locations":[{"start":{"line":512,"column":4},"end":{"line":514,"column":5}}]},"34":{"loc":{"start":{"line":522,"column":4},"end":{"line":529,"column":5}},"type":"if","locations":[{"start":{"line":522,"column":4},"end":{"line":529,"column":5}}]},"35":{"loc":{"start":{"line":535,"column":44},"end":{"line":535,"column":75}},"type":"default-arg","locations":[{"start":{"line":535,"column":69},"end":{"line":535,"column":75}}]},"36":{"loc":{"start":{"line":536,"column":4},"end":{"line":540,"column":5}},"type":"if","locations":[{"start":{"line":536,"column":4},"end":{"line":540,"column":5}},{"start":{"line":538,"column":11},"end":{"line":540,"column":5}}]},"37":{"loc":{"start":{"line":547,"column":4},"end":{"line":563,"column":5}},"type":"if","locations":[{"start":{"line":547,"column":4},"end":{"line":563,"column":5}}]},"38":{"loc":{"start":{"line":551,"column":27},"end":{"line":551,"column":76}},"type":"binary-expr","locations":[{"start":{"line":551,"column":27},"end":{"line":551,"column":65}},{"start":{"line":551,"column":69},"end":{"line":551,"column":76}}]},"39":{"loc":{"start":{"line":552,"column":28},"end":{"line":552,"column":65}},"type":"binary-expr","locations":[{"start":{"line":552,"column":28},"end":{"line":552,"column":57}},{"start":{"line":552,"column":61},"end":{"line":552,"column":65}}]},"40":{"loc":{"start":{"line":592,"column":4},"end":{"line":596,"column":5}},"type":"if","locations":[{"start":{"line":592,"column":4},"end":{"line":596,"column":5}}]},"41":{"loc":{"start":{"line":606,"column":6},"end":{"line":608,"column":7}},"type":"if","locations":[{"start":{"line":606,"column":6},"end":{"line":608,"column":7}}]},"42":{"loc":{"start":{"line":626,"column":12},"end":{"line":626,"column":51}},"type":"binary-expr","locations":[{"start":{"line":626,"column":12},"end":{"line":626,"column":43}},{"start":{"line":626,"column":47},"end":{"line":626,"column":51}}]}},"s":{"0":0,"1":0,"2":0,"3":0,"4":0,"5":0,"6":0,"7":0,"8":0,"9":0,"10":0,"11":0,"12":0,"13":0,"14":0,"15":0,"16":0,"17":0,"18":0,"19":0,"20":0,"21":0,"22":0,"23":0,"24":0,"25":0,"26":0,"27":0,"28":0,"29":0,"30":0,"31":0,"32":0,"33":0,"34":0,"35":0,"36":0,"37":0,"38":0,"39":0,"40":0,"41":0,"42":0,"43":0,"44":0,"45":0,"46":0,"47":0,"48":0,"49":0,"50":0,"51":0,"52":0,"53":0,"54":0,"55":0,"56":0,"57":0,"58":0,"59":0,"60":0,"61":0,"62":0,"63":0,"64":0,"65":0,"66":0,"67":0,"68":0,"69":0,"70":0,"71":0,"72":0,"73":0,"74":0,"75":0,"76":0,"77":0,"78":0,"79":0,"80":0,"81":0,"82":0,"83":0,"84":0,"85":0,"86":0,"87":0,"88":0,"89":0,"90":0,"91":0,"92":0,"93":0,"94":0,"95":0,"96":0,"97":0,"98":0,"99":0,"100":0,"101":0,"102":0,"103":0,"104":0,"105":0,"106":0,"107":0,"108":0,"109":0,"110":0,"111":0,"112":0,"113":0,"114":0,"115":0,"116":0,"117":0,"118":0,"119":0,"120":0,"121":0,"122":0,"123":0,"124":0,"125":0,"126":0,"127":0,"128":0,"129":0,"130":0,"131":0,"132":0,"133":0,"134":0,"135":0,"136":0,"137":0,"138":0,"139":0,"140":0,"141":0,"142":0,"143":0,"144":0,"145":0,"146":0,"147":0,"148":0,"149":0,"150":0,"151":0,"152":0,"153":0,"154":0,"155":0,"156":0,"157":0,"158":0,"159":0,"160":0,"161":0,"162":0,"163":0,"164":0,"165":0,"166":0,"167":0,"168":0,"169":0,"170":0,"171":0,"172":0,"173":0,"174":0,"175":0,"176":0,"177":0,"178":0,"179":0,"180":0,"181":0,"182":0,"183":0,"184":0,"185":0,"186":0,"187":0,"188":0,"189":0,"190":0,"191":0,"192":0,"193":0,"194":0,"195":0,"196":0,"197":0,"198":0,"199":0,"200":0,"201":0,"202":0,"203":0,"204":0,"205":0,"206":0,"207":0,"208":0,"209":0,"210":0,"211":0,"212":0,"213":0,"214":0,"215":0,"216":0,"217":0,"218":0,"219":0,"220":0},"f":{"0":0,"1":0,"2":0,"3":0,"4":0,"5":0,"6":0,"7":0,"8":0,"9":0,"10":0,"11":0,"12":0,"13":0,"14":0,"15":0,"16":0,"17":0,"18":0,"19":0,"20":0,"21":0,"22":0,"23":0,"24":0,"25":0,"26":0,"27":0,"28":0,"29":0,"30":0,"31":0,"32":0,"33":0,"34":0,"35":0,"36":0,"37":0,"38":0,"39":0,"40":0,"41":0,"42":0,"43":0,"44":0,"45":0,"46":0,"47":0,"48":0,"49":0,"50":0,"51":0,"52":0,"53":0,"54":0,"55":0,"56":0,"57":0,"58":0,"59":0,"60":0,"61":0,"62":0,"63":0,"64":0,"65":0,"66":0,"67":0,"68":0,"69":0,"70":0},"b":{"0":[0],"1":[0],"2":[0,0],"3":[0,0],"4":[0,0],"5":[0],"6":[0,0],"7":[0],"8":[0,0,0,0,0],"9":[0,0],"10":[0],"11":[0],"12":[0],"13":[0],"14":[0],"15":[0],"16":[0],"17":[0],"18":[0],"19":[0,0],"20":[0,0],"21":[0],"22":[0],"23":[0],"24":[0],"25":[0],"26":[0],"27":[0,0],"28":[0],"29":[0,0],"30":[0],"31":[0,0],"32":[0],"33":[0],"34":[0],"35":[0],"36":[0,0],"37":[0],"38":[0,0],"39":[0,0],"40":[0],"41":[0],"42":[0,0]}}
,"C:\\Users\\julie\\OneDrive\\Documents\\Portfolio\\src\\utils\\helpers.ts": {"path":"C:\\Users\\julie\\OneDrive\\Documents\\Portfolio\\src\\utils\\helpers.ts","statementMap":{"0":{"start":{"line":12,"column":0},"end":{"line":12,"column":31}},"1":{"start":{"line":19,"column":4},"end":{"line":19,"column":44}},"2":{"start":{"line":23,"column":4},"end":{"line":23,"column":49}},"3":{"start":{"line":27,"column":4},"end":{"line":27,"column":67}},"4":{"start":{"line":31,"column":4},"end":{"line":36,"column":6}},"5":{"start":{"line":17,"column":0},"end":{"line":17,"column":13}},"6":{"start":{"line":52,"column":18},"end":{"line":52,"column":56}},"7":{"start":{"line":53,"column":4},"end":{"line":53,"column":32}},"8":{"start":{"line":64,"column":20},"end":{"line":66,"column":5}},"9":{"start":{"line":65,"column":6},"end":{"line":65,"column":43}},"10":{"start":{"line":68,"column":4},"end":{"line":68,"column":48}},"11":{"start":{"line":71,"column":4},"end":{"line":71,"column":64}},"12":{"start":{"line":71,"column":17},"end":{"line":71,"column":63}},"13":{"start":{"line":43,"column":0},"end":{"line":43,"column":13}},"14":{"start":{"line":83,"column":4},"end":{"line":97,"column":7}},"15":{"start":{"line":84,"column":24},"end":{"line":84,"column":34}},"16":{"start":{"line":86,"column":20},"end":{"line":94,"column":7}},"17":{"start":{"line":87,"column":8},"end":{"line":93,"column":9}},"18":{"start":{"line":88,"column":10},"end":{"line":88,"column":20}},"19":{"start":{"line":89,"column":15},"end":{"line":93,"column":9}},"20":{"start":{"line":90,"column":10},"end":{"line":90,"column":58}},"21":{"start":{"line":92,"column":10},"end":{"line":92,"column":38}},"22":{"start":{"line":96,"column":6},"end":{"line":96,"column":14}},"23":{"start":{"line":106,"column":4},"end":{"line":117,"column":5}},"24":{"start":{"line":106,"column":17},"end":{"line":106,"column":18}},"25":{"start":{"line":107,"column":6},"end":{"line":116,"column":7}},"26":{"start":{"line":108,"column":8},"end":{"line":108,"column":26}},"27":{"start":{"line":110,"column":8},"end":{"line":110,"column":78}},"28":{"start":{"line":112,"column":8},"end":{"line":115,"column":9}},"29":{"start":{"line":113,"column":24},"end":{"line":113,"column":50}},"30":{"start":{"line":114,"column":10},"end":{"line":114,"column":34}},"31":{"start":{"line":119,"column":4},"end":{"line":119,"column":21}},"32":{"start":{"line":126,"column":4},"end":{"line":126,"column":59}},"33":{"start":{"line":126,"column":34},"end":{"line":126,"column":57}},"34":{"start":{"line":138,"column":4},"end":{"line":141,"column":6}},"35":{"start":{"line":139,"column":6},"end":{"line":139,"column":28}},"36":{"start":{"line":140,"column":6},"end":{"line":140,"column":61}},"37":{"start":{"line":140,"column":40},"end":{"line":140,"column":53}},"38":{"start":{"line":153,"column":4},"end":{"line":159,"column":6}},"39":{"start":{"line":154,"column":6},"end":{"line":158,"column":7}},"40":{"start":{"line":155,"column":8},"end":{"line":155,"column":22}},"41":{"start":{"line":156,"column":8},"end":{"line":156,"column":26}},"42":{"start":{"line":157,"column":8},"end":{"line":157,"column":53}},"43":{"start":{"line":157,"column":26},"end":{"line":157,"column":44}},"44":{"start":{"line":78,"column":0},"end":{"line":78,"column":13}},"45":{"start":{"line":174,"column":4},"end":{"line":174,"column":54}},"46":{"start":{"line":184,"column":4},"end":{"line":184,"column":64}},"47":{"start":{"line":191,"column":17},"end":{"line":191,"column":48}},"48":{"start":{"line":192,"column":4},"end":{"line":197,"column":6}},"49":{"start":{"line":204,"column":4},"end":{"line":228,"column":7}},"50":{"start":{"line":205,"column":22},"end":{"line":205,"column":69}},"51":{"start":{"line":206,"column":6},"end":{"line":209,"column":7}},"52":{"start":{"line":207,"column":8},"end":{"line":207,"column":25}},"53":{"start":{"line":208,"column":8},"end":{"line":208,"column":15}},"54":{"start":{"line":211,"column":23},"end":{"line":217,"column":8}},"55":{"start":{"line":212,"column":24},"end":{"line":212,"column":71}},"56":{"start":{"line":213,"column":8},"end":{"line":216,"column":9}},"57":{"start":{"line":214,"column":10},"end":{"line":214,"column":32}},"58":{"start":{"line":215,"column":10},"end":{"line":215,"column":27}},"59":{"start":{"line":219,"column":6},"end":{"line":222,"column":9}},"60":{"start":{"line":224,"column":6},"end":{"line":227,"column":18}},"61":{"start":{"line":225,"column":8},"end":{"line":225,"column":30}},"62":{"start":{"line":226,"column":8},"end":{"line":226,"column":79}},"63":{"start":{"line":235,"column":4},"end":{"line":235,"column":38}},"64":{"start":{"line":242,"column":4},"end":{"line":242,"column":41}},"65":{"start":{"line":249,"column":4},"end":{"line":249,"column":54}},"66":{"start":{"line":166,"column":0},"end":{"line":166,"column":13}},"67":{"start":{"line":261,"column":4},"end":{"line":265,"column":5}},"68":{"start":{"line":262,"column":6},"end":{"line":262,"column":55}},"69":{"start":{"line":264,"column":6},"end":{"line":264,"column":60}},"70":{"start":{"line":272,"column":4},"end":{"line":278,"column":5}},"71":{"start":{"line":273,"column":19},"end":{"line":273,"column":44}},"72":{"start":{"line":274,"column":6},"end":{"line":274,"column":52}},"73":{"start":{"line":276,"column":6},"end":{"line":276,"column":60}},"74":{"start":{"line":277,"column":6},"end":{"line":277,"column":26}},"75":{"start":{"line":285,"column":4},"end":{"line":289,"column":5}},"76":{"start":{"line":286,"column":6},"end":{"line":286,"column":35}},"77":{"start":{"line":288,"column":6},"end":{"line":288,"column":63}},"78":{"start":{"line":296,"column":4},"end":{"line":296,"column":46}},"79":{"start":{"line":303,"column":4},"end":{"line":309,"column":5}},"80":{"start":{"line":304,"column":6},"end":{"line":306,"column":54}},"81":{"start":{"line":305,"column":23},"end":{"line":305,"column":45}},"82":{"start":{"line":306,"column":24},"end":{"line":306,"column":52}},"83":{"start":{"line":308,"column":6},"end":{"line":308,"column":72}},"84":{"start":{"line":256,"column":0},"end":{"line":256,"column":13}},"85":{"start":{"line":323,"column":4},"end":{"line":323,"column":44}},"86":{"start":{"line":330,"column":18},"end":{"line":330,"column":38}},"87":{"start":{"line":331,"column":4},"end":{"line":334,"column":5}},"88":{"start":{"line":332,"column":6},"end":{"line":332,"column":51}},"89":{"start":{"line":333,"column":6},"end":{"line":333,"column":15}},"90":{"start":{"line":336,"column":21},"end":{"line":336,"column":46}},"91":{"start":{"line":337,"column":4},"end":{"line":337,"column":28}},"92":{"start":{"line":338,"column":4},"end":{"line":338,"column":20}},"93":{"start":{"line":348,"column":4},"end":{"line":348,"column":25}},"94":{"start":{"line":349,"column":19},"end":{"line":349,"column":29}},"95":{"start":{"line":350,"column":21},"end":{"line":350,"column":39}},"96":{"start":{"line":352,"column":4},"end":{"line":352,"column":58}},"97":{"start":{"line":354,"column":4},"end":{"line":354,"column":32}},"98":{"start":{"line":361,"column":4},"end":{"line":361,"column":25}},"99":{"start":{"line":362,"column":19},"end":{"line":362,"column":23}},"100":{"start":{"line":363,"column":21},"end":{"line":363,"column":39}},"101":{"start":{"line":365,"column":4},"end":{"line":365,"column":57}},"102":{"start":{"line":367,"column":4},"end":{"line":367,"column":32}},"103":{"start":{"line":316,"column":0},"end":{"line":316,"column":13}},"104":{"start":{"line":317,"column":17},"end":{"line":317,"column":51}},"105":{"start":{"line":379,"column":23},"end":{"line":379,"column":51}},"106":{"start":{"line":380,"column":4},"end":{"line":380,"column":34}},"107":{"start":{"line":387,"column":4},"end":{"line":392,"column":5}},"108":{"start":{"line":388,"column":6},"end":{"line":388,"column":19}},"109":{"start":{"line":389,"column":6},"end":{"line":389,"column":18}},"110":{"start":{"line":391,"column":6},"end":{"line":391,"column":19}},"111":{"start":{"line":399,"column":4},"end":{"line":399,"column":35}},"112":{"start":{"line":406,"column":4},"end":{"line":406,"column":37}},"113":{"start":{"line":413,"column":4},"end":{"line":413,"column":37}},"114":{"start":{"line":420,"column":4},"end":{"line":420,"column":59}},"115":{"start":{"line":420,"column":41},"end":{"line":420,"column":57}},"116":{"start":{"line":374,"column":0},"end":{"line":374,"column":13}},"117":{"start":{"line":432,"column":18},"end":{"line":432,"column":36}},"118":{"start":{"line":433,"column":4},"end":{"line":435,"column":5}},"119":{"start":{"line":434,"column":7},"end":{"line":434,"column":33}},"120":{"start":{"line":436,"column":4},"end":{"line":436,"column":17}},"121":{"start":{"line":446,"column":4},"end":{"line":453,"column":6}},"122":{"start":{"line":447,"column":6},"end":{"line":452,"column":7}},"123":{"start":{"line":448,"column":8},"end":{"line":448,"column":27}},"124":{"start":{"line":450,"column":8},"end":{"line":450,"column":62}},"125":{"start":{"line":451,"column":8},"end":{"line":451,"column":24}},"126":{"start":{"line":460,"column":4},"end":{"line":465,"column":5}},"127":{"start":{"line":461,"column":6},"end":{"line":461,"column":24}},"128":{"start":{"line":463,"column":6},"end":{"line":463,"column":58}},"129":{"start":{"line":464,"column":6},"end":{"line":464,"column":22}},"130":{"start":{"line":427,"column":0},"end":{"line":427,"column":13}}},"fnMap":{"0":{"name":"(anonymous_0)","decl":{"start":{"line":18,"column":2},"end":{"line":18,"column":8}},"loc":{"start":{"line":18,"column":30},"end":{"line":20,"column":3}}},"1":{"name":"(anonymous_1)","decl":{"start":{"line":22,"column":2},"end":{"line":22,"column":8}},"loc":{"start":{"line":22,"column":27},"end":{"line":24,"column":3}}},"2":{"name":"(anonymous_2)","decl":{"start":{"line":26,"column":2},"end":{"line":26,"column":8}},"loc":{"start":{"line":26,"column":38},"end":{"line":28,"column":3}}},"3":{"name":"(anonymous_3)","decl":{"start":{"line":30,"column":2},"end":{"line":30,"column":8}},"loc":{"start":{"line":30,"column":36},"end":{"line":37,"column":3}}},"4":{"name":"(anonymous_4)","decl":{"start":{"line":47,"column":2},"end":{"line":47,"column":8}},"loc":{"start":{"line":50,"column":34},"end":{"line":54,"column":3}}},"5":{"name":"(anonymous_5)","decl":{"start":{"line":59,"column":2},"end":{"line":59,"column":8}},"loc":{"start":{"line":62,"column":34},"end":{"line":72,"column":3}}},"6":{"name":"(anonymous_6)","decl":{"start":{"line":64,"column":20},"end":{"line":64,"column":21}},"loc":{"start":{"line":64,"column":37},"end":{"line":66,"column":5}}},"7":{"name":"(anonymous_7)","decl":{"start":{"line":71,"column":11},"end":{"line":71,"column":14}},"loc":{"start":{"line":71,"column":17},"end":{"line":71,"column":63}}},"8":{"name":"(anonymous_8)","decl":{"start":{"line":82,"column":2},"end":{"line":82,"column":8}},"loc":{"start":{"line":82,"column":79},"end":{"line":98,"column":3}}},"9":{"name":"(anonymous_9)","decl":{"start":{"line":83,"column":23},"end":{"line":83,"column":24}},"loc":{"start":{"line":83,"column":43},"end":{"line":97,"column":5}}},"10":{"name":"(anonymous_10)","decl":{"start":{"line":86,"column":20},"end":{"line":86,"column":23}},"loc":{"start":{"line":86,"column":25},"end":{"line":94,"column":7}}},"11":{"name":"(anonymous_11)","decl":{"start":{"line":103,"column":2},"end":{"line":103,"column":8}},"loc":{"start":{"line":103,"column":78},"end":{"line":120,"column":3}}},"12":{"name":"(anonymous_12)","decl":{"start":{"line":125,"column":2},"end":{"line":125,"column":8}},"loc":{"start":{"line":125,"column":25},"end":{"line":127,"column":3}}},"13":{"name":"(anonymous_13)","decl":{"start":{"line":126,"column":23},"end":{"line":126,"column":30}},"loc":{"start":{"line":126,"column":34},"end":{"line":126,"column":57}}},"14":{"name":"(anonymous_14)","decl":{"start":{"line":132,"column":2},"end":{"line":132,"column":8}},"loc":{"start":{"line":134,"column":16},"end":{"line":142,"column":3}}},"15":{"name":"(anonymous_15)","decl":{"start":{"line":138,"column":11},"end":{"line":138,"column":12}},"loc":{"start":{"line":138,"column":38},"end":{"line":141,"column":5}}},"16":{"name":"(anonymous_16)","decl":{"start":{"line":140,"column":34},"end":{"line":140,"column":37}},"loc":{"start":{"line":140,"column":40},"end":{"line":140,"column":53}}},"17":{"name":"(anonymous_17)","decl":{"start":{"line":147,"column":2},"end":{"line":147,"column":8}},"loc":{"start":{"line":149,"column":16},"end":{"line":160,"column":3}}},"18":{"name":"(anonymous_18)","decl":{"start":{"line":153,"column":11},"end":{"line":153,"column":12}},"loc":{"start":{"line":153,"column":38},"end":{"line":159,"column":5}}},"19":{"name":"(anonymous_19)","decl":{"start":{"line":157,"column":19},"end":{"line":157,"column":22}},"loc":{"start":{"line":157,"column":26},"end":{"line":157,"column":44}}},"20":{"name":"(anonymous_20)","decl":{"start":{"line":170,"column":2},"end":{"line":170,"column":8}},"loc":{"start":{"line":172,"column":41},"end":{"line":175,"column":3}}},"21":{"name":"(anonymous_21)","decl":{"start":{"line":180,"column":2},"end":{"line":180,"column":8}},"loc":{"start":{"line":182,"column":41},"end":{"line":185,"column":3}}},"22":{"name":"(anonymous_22)","decl":{"start":{"line":190,"column":2},"end":{"line":190,"column":8}},"loc":{"start":{"line":190,"column":46},"end":{"line":198,"column":3}}},"23":{"name":"(anonymous_23)","decl":{"start":{"line":203,"column":2},"end":{"line":203,"column":8}},"loc":{"start":{"line":203,"column":62},"end":{"line":229,"column":3}}},"24":{"name":"(anonymous_24)","decl":{"start":{"line":204,"column":23},"end":{"line":204,"column":24}},"loc":{"start":{"line":204,"column":43},"end":{"line":228,"column":5}}},"25":{"name":"(anonymous_25)","decl":{"start":{"line":211,"column":44},"end":{"line":211,"column":47}},"loc":{"start":{"line":211,"column":49},"end":{"line":217,"column":7}}},"26":{"name":"(anonymous_26)","decl":{"start":{"line":224,"column":17},"end":{"line":224,"column":20}},"loc":{"start":{"line":224,"column":22},"end":{"line":227,"column":7}}},"27":{"name":"(anonymous_27)","decl":{"start":{"line":234,"column":2},"end":{"line":234,"column":8}},"loc":{"start":{"line":234,"column":60},"end":{"line":236,"column":3}}},"28":{"name":"(anonymous_28)","decl":{"start":{"line":241,"column":2},"end":{"line":241,"column":8}},"loc":{"start":{"line":241,"column":63},"end":{"line":243,"column":3}}},"29":{"name":"(anonymous_29)","decl":{"start":{"line":248,"column":2},"end":{"line":248,"column":8}},"loc":{"start":{"line":248,"column":77},"end":{"line":250,"column":3}}},"30":{"name":"(anonymous_30)","decl":{"start":{"line":260,"column":2},"end":{"line":260,"column":8}},"loc":{"start":{"line":260,"column":37},"end":{"line":266,"column":3}}},"31":{"name":"(anonymous_31)","decl":{"start":{"line":271,"column":2},"end":{"line":271,"column":8}},"loc":{"start":{"line":271,"column":44},"end":{"line":279,"column":3}}},"32":{"name":"(anonymous_32)","decl":{"start":{"line":284,"column":2},"end":{"line":284,"column":8}},"loc":{"start":{"line":284,"column":27},"end":{"line":290,"column":3}}},"33":{"name":"(anonymous_33)","decl":{"start":{"line":295,"column":2},"end":{"line":295,"column":8}},"loc":{"start":{"line":295,"column":24},"end":{"line":297,"column":3}}},"34":{"name":"(anonymous_34)","decl":{"start":{"line":302,"column":2},"end":{"line":302,"column":8}},"loc":{"start":{"line":302,"column":39},"end":{"line":310,"column":3}}},"35":{"name":"(anonymous_35)","decl":{"start":{"line":305,"column":16},"end":{"line":305,"column":19}},"loc":{"start":{"line":305,"column":23},"end":{"line":305,"column":45}}},"36":{"name":"(anonymous_36)","decl":{"start":{"line":306,"column":17},"end":{"line":306,"column":20}},"loc":{"start":{"line":306,"column":24},"end":{"line":306,"column":52}}},"37":{"name":"(anonymous_37)","decl":{"start":{"line":322,"column":2},"end":{"line":322,"column":8}},"loc":{"start":{"line":322,"column":31},"end":{"line":324,"column":3}}},"38":{"name":"(anonymous_38)","decl":{"start":{"line":329,"column":2},"end":{"line":329,"column":8}},"loc":{"start":{"line":329,"column":29},"end":{"line":339,"column":3}}},"39":{"name":"(anonymous_39)","decl":{"start":{"line":344,"column":2},"end":{"line":344,"column":8}},"loc":{"start":{"line":346,"column":24},"end":{"line":355,"column":3}}},"40":{"name":"(anonymous_40)","decl":{"start":{"line":360,"column":2},"end":{"line":360,"column":8}},"loc":{"start":{"line":360,"column":45},"end":{"line":368,"column":3}}},"41":{"name":"(anonymous_41)","decl":{"start":{"line":378,"column":2},"end":{"line":378,"column":8}},"loc":{"start":{"line":378,"column":35},"end":{"line":381,"column":3}}},"42":{"name":"(anonymous_42)","decl":{"start":{"line":386,"column":2},"end":{"line":386,"column":8}},"loc":{"start":{"line":386,"column":31},"end":{"line":393,"column":3}}},"43":{"name":"(anonymous_43)","decl":{"start":{"line":398,"column":2},"end":{"line":398,"column":8}},"loc":{"start":{"line":398,"column":33},"end":{"line":400,"column":3}}},"44":{"name":"(anonymous_44)","decl":{"start":{"line":405,"column":2},"end":{"line":405,"column":8}},"loc":{"start":{"line":405,"column":54},"end":{"line":407,"column":3}}},"45":{"name":"(anonymous_45)","decl":{"start":{"line":412,"column":2},"end":{"line":412,"column":8}},"loc":{"start":{"line":412,"column":54},"end":{"line":414,"column":3}}},"46":{"name":"(anonymous_46)","decl":{"start":{"line":419,"column":2},"end":{"line":419,"column":8}},"loc":{"start":{"line":419,"column":76},"end":{"line":421,"column":3}}},"47":{"name":"(anonymous_47)","decl":{"start":{"line":420,"column":28},"end":{"line":420,"column":37}},"loc":{"start":{"line":420,"column":41},"end":{"line":420,"column":57}}},"48":{"name":"(anonymous_48)","decl":{"start":{"line":431,"column":2},"end":{"line":431,"column":8}},"loc":{"start":{"line":431,"column":51},"end":{"line":437,"column":3}}},"49":{"name":"(anonymous_49)","decl":{"start":{"line":442,"column":2},"end":{"line":442,"column":8}},"loc":{"start":{"line":444,"column":28},"end":{"line":454,"column":3}}},"50":{"name":"(anonymous_50)","decl":{"start":{"line":446,"column":11},"end":{"line":446,"column":12}},"loc":{"start":{"line":446,"column":38},"end":{"line":453,"column":5}}},"51":{"name":"(anonymous_51)","decl":{"start":{"line":459,"column":2},"end":{"line":459,"column":8}},"loc":{"start":{"line":459,"column":62},"end":{"line":466,"column":3}}}},"branchMap":{"0":{"loc":{"start":{"line":19,"column":11},"end":{"line":19,"column":43}},"type":"binary-expr","locations":[{"start":{"line":19,"column":11},"end":{"line":19,"column":25}},{"start":{"line":19,"column":29},"end":{"line":19,"column":43}}]},"1":{"loc":{"start":{"line":23,"column":11},"end":{"line":23,"column":48}},"type":"binary-expr","locations":[{"start":{"line":23,"column":11},"end":{"line":23,"column":28}},{"start":{"line":23,"column":32},"end":{"line":23,"column":48}}]},"2":{"loc":{"start":{"line":32,"column":6},"end":{"line":35,"column":41}},"type":"binary-expr","locations":[{"start":{"line":32,"column":6},"end":{"line":32,"column":31}},{"start":{"line":33,"column":6},"end":{"line":33,"column":46}},{"start":{"line":34,"column":6},"end":{"line":34,"column":42}},{"start":{"line":35,"column":6},"end":{"line":35,"column":41}}]},"3":{"loc":{"start":{"line":50,"column":4},"end":{"line":50,"column":34}},"type":"default-arg","locations":[{"start":{"line":50,"column":26},"end":{"line":50,"column":34}}]},"4":{"loc":{"start":{"line":62,"column":4},"end":{"line":62,"column":34}},"type":"default-arg","locations":[{"start":{"line":62,"column":26},"end":{"line":62,"column":34}}]},"5":{"loc":{"start":{"line":82,"column":49},"end":{"line":82,"column":63}},"type":"default-arg","locations":[{"start":{"line":82,"column":59},"end":{"line":82,"column":63}}]},"6":{"loc":{"start":{"line":82,"column":65},"end":{"line":82,"column":79}},"type":"default-arg","locations":[{"start":{"line":82,"column":76},"end":{"line":82,"column":79}}]},"7":{"loc":{"start":{"line":87,"column":8},"end":{"line":93,"column":9}},"type":"if","locations":[{"start":{"line":87,"column":8},"end":{"line":93,"column":9}},{"start":{"line":89,"column":15},"end":{"line":93,"column":9}}]},"8":{"loc":{"start":{"line":89,"column":15},"end":{"line":93,"column":9}},"type":"if","locations":[{"start":{"line":89,"column":15},"end":{"line":93,"column":9}},{"start":{"line":91,"column":15},"end":{"line":93,"column":9}}]},"9":{"loc":{"start":{"line":103,"column":46},"end":{"line":103,"column":60}},"type":"default-arg","locations":[{"start":{"line":103,"column":59},"end":{"line":103,"column":60}}]},"10":{"loc":{"start":{"line":103,"column":62},"end":{"line":103,"column":78}},"type":"default-arg","locations":[{"start":{"line":103,"column":74},"end":{"line":103,"column":78}}]},"11":{"loc":{"start":{"line":110,"column":20},"end":{"line":110,"column":77}},"type":"cond-expr","locations":[{"start":{"line":110,"column":45},"end":{"line":110,"column":50}},{"start":{"line":110,"column":53},"end":{"line":110,"column":77}}]},"12":{"loc":{"start":{"line":112,"column":8},"end":{"line":115,"column":9}},"type":"if","locations":[{"start":{"line":112,"column":8},"end":{"line":115,"column":9}}]},"13":{"loc":{"start":{"line":154,"column":6},"end":{"line":158,"column":7}},"type":"if","locations":[{"start":{"line":154,"column":6},"end":{"line":158,"column":7}}]},"14":{"loc":{"start":{"line":172,"column":4},"end":{"line":172,"column":41}},"type":"default-arg","locations":[{"start":{"line":172,"column":33},"end":{"line":172,"column":41}}]},"15":{"loc":{"start":{"line":182,"column":4},"end":{"line":182,"column":41}},"type":"default-arg","locations":[{"start":{"line":182,"column":33},"end":{"line":182,"column":41}}]},"16":{"loc":{"start":{"line":193,"column":6},"end":{"line":196,"column":79}},"type":"binary-expr","locations":[{"start":{"line":193,"column":6},"end":{"line":193,"column":19}},{"start":{"line":194,"column":6},"end":{"line":194,"column":20}},{"start":{"line":195,"column":6},"end":{"line":195,"column":82}},{"start":{"line":196,"column":6},"end":{"line":196,"column":79}}]},"17":{"loc":{"start":{"line":195,"column":22},"end":{"line":195,"column":81}},"type":"binary-expr","locations":[{"start":{"line":195,"column":22},"end":{"line":195,"column":40}},{"start":{"line":195,"column":44},"end":{"line":195,"column":81}}]},"18":{"loc":{"start":{"line":196,"column":21},"end":{"line":196,"column":78}},"type":"binary-expr","locations":[{"start":{"line":196,"column":21},"end":{"line":196,"column":38}},{"start":{"line":196,"column":42},"end":{"line":196,"column":78}}]},"19":{"loc":{"start":{"line":203,"column":48},"end":{"line":203,"column":62}},"type":"default-arg","locations":[{"start":{"line":203,"column":58},"end":{"line":203,"column":62}}]},"20":{"loc":{"start":{"line":206,"column":6},"end":{"line":209,"column":7}},"type":"if","locations":[{"start":{"line":206,"column":6},"end":{"line":209,"column":7}}]},"21":{"loc":{"start":{"line":213,"column":8},"end":{"line":216,"column":9}},"type":"if","locations":[{"start":{"line":213,"column":8},"end":{"line":216,"column":9}}]},"22":{"loc":{"start":{"line":274,"column":13},"end":{"line":274,"column":51}},"type":"cond-expr","locations":[{"start":{"line":274,"column":20},"end":{"line":274,"column":36}},{"start":{"line":274,"column":39},"end":{"line":274,"column":51}}]},"23":{"loc":{"start":{"line":331,"column":4},"end":{"line":334,"column":5}},"type":"if","locations":[{"start":{"line":331,"column":4},"end":{"line":334,"column":5}}]},"24":{"loc":{"start":{"line":433,"column":4},"end":{"line":435,"column":5}},"type":"if","locations":[{"start":{"line":433,"column":4},"end":{"line":435,"column":5}}]}},"s":{"0":1,"1":5,"2":4,"3":5,"4":2,"5":1,"6":1,"7":1,"8":1,"9":0,"10":1,"11":1,"12":1,"13":1,"14":2,"15":2,"16":2,"17":4,"18":1,"19":3,"20":1,"21":2,"22":2,"23":1,"24":1,"25":3,"26":3,"27":2,"28":2,"29":2,"30":2,"31":0,"32":3,"33":3,"34":1,"35":3,"36":3,"37":1,"38":1,"39":4,"40":2,"41":2,"42":2,"43":1,"44":1,"45":5,"46":1,"47":0,"48":0,"49":0,"50":0,"51":0,"52":0,"53":0,"54":0,"55":0,"56":0,"57":0,"58":0,"59":0,"60":0,"61":0,"62":0,"63":1,"64":1,"65":2,"66":1,"67":1,"68":1,"69":0,"70":2,"71":2,"72":2,"73":0,"74":0,"75":1,"76":1,"77":0,"78":0,"79":0,"80":0,"81":0,"82":0,"83":0,"84":1,"85":3,"86":3,"87":3,"88":0,"89":0,"90":3,"91":3,"92":3,"93":1,"94":1,"95":1,"96":1,"97":1,"98":1,"99":1,"100":1,"101":1,"102":1,"103":1,"104":1,"105":5,"106":5,"107":5,"108":5,"109":3,"110":2,"111":7,"112":5,"113":4,"114":3,"115":8,"116":1,"117":1,"118":1,"119":1,"120":1,"121":1,"122":1,"123":1,"124":1,"125":1,"126":1,"127":1,"128":1,"129":1,"130":1},"f":{"0":5,"1":4,"2":5,"3":2,"4":1,"5":1,"6":0,"7":1,"8":2,"9":2,"10":4,"11":1,"12":3,"13":3,"14":1,"15":3,"16":1,"17":1,"18":4,"19":1,"20":5,"21":1,"22":0,"23":0,"24":0,"25":0,"26":0,"27":1,"28":1,"29":2,"30":1,"31":2,"32":1,"33":0,"34":0,"35":0,"36":0,"37":3,"38":3,"39":1,"40":1,"41":5,"42":5,"43":7,"44":5,"45":4,"46":3,"47":8,"48":1,"49":1,"50":1,"51":1},"b":{"0":[5,4],"1":[4,3],"2":[2,2,1,1],"3":[0],"4":[0],"5":[0],"6":[2],"7":[1,3],"8":[1,2],"9":[0],"10":[0],"11":[2,0],"12":[2],"13":[2],"14":[5],"15":[1],"16":[0,0,0,0],"17":[0,0],"18":[0,0],"19":[0],"20":[0],"21":[0],"22":[1,1],"23":[0],"24":[1]}}
,"C:\\Users\\julie\\OneDrive\\Documents\\Portfolio\\src\\utils\\logger.ts": {"path":"C:\\Users\\julie\\OneDrive\\Documents\\Portfolio\\src\\utils\\logger.ts","statementMap":{"0":{"start":{"line":6,"column":0},"end":{"line":6,"column":null}},"1":{"start":{"line":7,"column":2},"end":{"line":7,"column":null}},"2":{"start":{"line":8,"column":2},"end":{"line":8,"column":null}},"3":{"start":{"line":9,"column":2},"end":{"line":9,"column":null}},"4":{"start":{"line":10,"column":2},"end":{"line":10,"column":null}},"5":{"start":{"line":11,"column":2},"end":{"line":11,"column":null}},"6":{"start":{"line":23,"column":10},"end":{"line":23,"column":49}},"7":{"start":{"line":24,"column":10},"end":{"line":24,"column":32}},"8":{"start":{"line":25,"column":10},"end":{"line":25,"column":25}},"9":{"start":{"line":29,"column":4},"end":{"line":35,"column":5}},"10":{"start":{"line":30,"column":6},"end":{"line":30,"column":41}},"11":{"start":{"line":34,"column":6},"end":{"line":34,"column":40}},"12":{"start":{"line":39,"column":4},"end":{"line":39,"column":30}},"13":{"start":{"line":43,"column":4},"end":{"line":43,"column":38}},"14":{"start":{"line":47,"column":28},"end":{"line":53,"column":6}},"15":{"start":{"line":55,"column":4},"end":{"line":55,"column":26}},"16":{"start":{"line":58,"column":4},"end":{"line":60,"column":5}},"17":{"start":{"line":59,"column":6},"end":{"line":59,"column":24}},"18":{"start":{"line":63,"column":4},"end":{"line":81,"column":5}},"19":{"start":{"line":64,"column":21},"end":{"line":64,"column":50}},"20":{"start":{"line":65,"column":24},"end":{"line":65,"column":67}},"21":{"start":{"line":67,"column":6},"end":{"line":80,"column":7}},"22":{"start":{"line":69,"column":10},"end":{"line":69,"column":79}},"23":{"start":{"line":70,"column":10},"end":{"line":70,"column":16}},"24":{"start":{"line":72,"column":10},"end":{"line":72,"column":77}},"25":{"start":{"line":73,"column":10},"end":{"line":73,"column":16}},"26":{"start":{"line":75,"column":10},"end":{"line":75,"column":77}},"27":{"start":{"line":76,"column":10},"end":{"line":76,"column":16}},"28":{"start":{"line":78,"column":10},"end":{"line":78,"column":79}},"29":{"start":{"line":79,"column":10},"end":{"line":79,"column":16}},"30":{"start":{"line":85,"column":4},"end":{"line":85,"column":56}},"31":{"start":{"line":89,"column":4},"end":{"line":89,"column":55}},"32":{"start":{"line":93,"column":4},"end":{"line":93,"column":55}},"33":{"start":{"line":97,"column":4},"end":{"line":97,"column":56}},"34":{"start":{"line":102,"column":21},"end":{"line":102,"column":50}},"35":{"start":{"line":103,"column":4},"end":{"line":103,"column":71}},"36":{"start":{"line":108,"column":4},"end":{"line":108,"column":63}},"37":{"start":{"line":113,"column":4},"end":{"line":117,"column":7}},"38":{"start":{"line":122,"column":4},"end":{"line":124,"column":5}},"39":{"start":{"line":123,"column":6},"end":{"line":123,"column":58}},"40":{"start":{"line":123,"column":37},"end":{"line":123,"column":56}},"41":{"start":{"line":125,"column":4},"end":{"line":125,"column":26}},"42":{"start":{"line":130,"column":4},"end":{"line":130,"column":19}},"43":{"start":{"line":135,"column":4},"end":{"line":135,"column":46}},"44":{"start":{"line":140,"column":13},"end":{"line":140,"column":35}},"45":{"start":{"line":143,"column":13},"end":{"line":153,"column":2}},"46":{"start":{"line":144,"column":60},"end":{"line":144,"column":96}},"47":{"start":{"line":145,"column":59},"end":{"line":145,"column":94}},"48":{"start":{"line":146,"column":59},"end":{"line":146,"column":94}},"49":{"start":{"line":147,"column":60},"end":{"line":147,"column":96}},"50":{"start":{"line":149,"column":4},"end":{"line":149,"column":49}},"51":{"start":{"line":151,"column":4},"end":{"line":151,"column":42}},"52":{"start":{"line":152,"column":61},"end":{"line":152,"column":99}},"53":{"start":{"line":163,"column":0},"end":{"line":165,"column":1}},"54":{"start":{"line":164,"column":2},"end":{"line":164,"column":34}},"55":{"start":{"line":167,"column":0},"end":{"line":167,"column":22}}},"fnMap":{"0":{"name":"(anonymous_0)","decl":{"start":{"line":6,"column":0},"end":{"line":6,"column":12}},"loc":{"start":{"line":6,"column":20},"end":{"line":12,"column":1}}},"1":{"name":"(anonymous_1)","decl":{"start":{"line":27,"column":2},"end":{"line":27,"column":null}},"loc":{"start":{"line":27,"column":2},"end":{"line":36,"column":3}}},"2":{"name":"(anonymous_2)","decl":{"start":{"line":38,"column":2},"end":{"line":38,"column":10}},"loc":{"start":{"line":38,"column":26},"end":{"line":40,"column":3}}},"3":{"name":"(anonymous_3)","decl":{"start":{"line":42,"column":10},"end":{"line":42,"column":19}},"loc":{"start":{"line":42,"column":35},"end":{"line":44,"column":3}}},"4":{"name":"(anonymous_4)","decl":{"start":{"line":46,"column":10},"end":{"line":46,"column":16}},"loc":{"start":{"line":46,"column":79},"end":{"line":82,"column":3}}},"5":{"name":"(anonymous_5)","decl":{"start":{"line":84,"column":2},"end":{"line":84,"column":7}},"loc":{"start":{"line":84,"column":53},"end":{"line":86,"column":3}}},"6":{"name":"(anonymous_6)","decl":{"start":{"line":88,"column":2},"end":{"line":88,"column":6}},"loc":{"start":{"line":88,"column":52},"end":{"line":90,"column":3}}},"7":{"name":"(anonymous_7)","decl":{"start":{"line":92,"column":2},"end":{"line":92,"column":6}},"loc":{"start":{"line":92,"column":52},"end":{"line":94,"column":3}}},"8":{"name":"(anonymous_8)","decl":{"start":{"line":96,"column":2},"end":{"line":96,"column":7}},"loc":{"start":{"line":96,"column":53},"end":{"line":98,"column":3}}},"9":{"name":"(anonymous_9)","decl":{"start":{"line":101,"column":2},"end":{"line":101,"column":13}},"loc":{"start":{"line":101,"column":64},"end":{"line":104,"column":3}}},"10":{"name":"(anonymous_10)","decl":{"start":{"line":107,"column":2},"end":{"line":107,"column":7}},"loc":{"start":{"line":107,"column":55},"end":{"line":109,"column":3}}},"11":{"name":"(anonymous_11)","decl":{"start":{"line":112,"column":2},"end":{"line":112,"column":11}},"loc":{"start":{"line":112,"column":64},"end":{"line":118,"column":3}}},"12":{"name":"(anonymous_12)","decl":{"start":{"line":121,"column":2},"end":{"line":121,"column":9}},"loc":{"start":{"line":121,"column":26},"end":{"line":126,"column":3}}},"13":{"name":"(anonymous_13)","decl":{"start":{"line":123,"column":30},"end":{"line":123,"column":33}},"loc":{"start":{"line":123,"column":37},"end":{"line":123,"column":56}}},"14":{"name":"(anonymous_14)","decl":{"start":{"line":129,"column":2},"end":{"line":129,"column":11}},"loc":{"start":{"line":129,"column":11},"end":{"line":131,"column":3}}},"15":{"name":"(anonymous_15)","decl":{"start":{"line":134,"column":2},"end":{"line":134,"column":12}},"loc":{"start":{"line":134,"column":12},"end":{"line":136,"column":3}}},"16":{"name":"(anonymous_16)","decl":{"start":{"line":144,"column":9},"end":{"line":144,"column":10}},"loc":{"start":{"line":144,"column":60},"end":{"line":144,"column":96}}},"17":{"name":"(anonymous_17)","decl":{"start":{"line":145,"column":8},"end":{"line":145,"column":9}},"loc":{"start":{"line":145,"column":59},"end":{"line":145,"column":94}}},"18":{"name":"(anonymous_18)","decl":{"start":{"line":146,"column":8},"end":{"line":146,"column":9}},"loc":{"start":{"line":146,"column":59},"end":{"line":146,"column":94}}},"19":{"name":"(anonymous_19)","decl":{"start":{"line":147,"column":9},"end":{"line":147,"column":10}},"loc":{"start":{"line":147,"column":60},"end":{"line":147,"column":96}}},"20":{"name":"(anonymous_20)","decl":{"start":{"line":148,"column":8},"end":{"line":148,"column":9}},"loc":{"start":{"line":149,"column":4},"end":{"line":149,"column":49}}},"21":{"name":"(anonymous_21)","decl":{"start":{"line":150,"column":9},"end":{"line":150,"column":10}},"loc":{"start":{"line":151,"column":4},"end":{"line":151,"column":42}}},"22":{"name":"(anonymous_22)","decl":{"start":{"line":152,"column":13},"end":{"line":152,"column":14}},"loc":{"start":{"line":152,"column":61},"end":{"line":152,"column":99}}}},"branchMap":{"0":{"loc":{"start":{"line":6,"column":12},"end":{"line":6,"column":null}},"type":"binary-expr","locations":[{"start":{"line":6,"column":12},"end":{"line":6,"column":20}},{"start":{"line":6,"column":20},"end":{"line":6,"column":null}}]},"1":{"loc":{"start":{"line":29,"column":4},"end":{"line":35,"column":5}},"type":"if","locations":[{"start":{"line":29,"column":4},"end":{"line":35,"column":5}},{"start":{"line":33,"column":9},"end":{"line":35,"column":5}}]},"2":{"loc":{"start":{"line":29,"column":8},"end":{"line":29,"column":55}},"type":"binary-expr","locations":[{"start":{"line":29,"column":8},"end":{"line":29,"column":37}},{"start":{"line":29,"column":41},"end":{"line":29,"column":55}}]},"3":{"loc":{"start":{"line":58,"column":4},"end":{"line":60,"column":5}},"type":"if","locations":[{"start":{"line":58,"column":4},"end":{"line":60,"column":5}}]},"4":{"loc":{"start":{"line":63,"column":4},"end":{"line":81,"column":5}},"type":"if","locations":[{"start":{"line":63,"column":4},"end":{"line":81,"column":5}}]},"5":{"loc":{"start":{"line":63,"column":8},"end":{"line":63,"column":80}},"type":"binary-expr","locations":[{"start":{"line":63,"column":8},"end":{"line":63,"column":37}},{"start":{"line":63,"column":41},"end":{"line":63,"column":55}},{"start":{"line":63,"column":59},"end":{"line":63,"column":80}}]},"6":{"loc":{"start":{"line":64,"column":21},"end":{"line":64,"column":50}},"type":"cond-expr","locations":[{"start":{"line":64,"column":31},"end":{"line":64,"column":45}},{"start":{"line":64,"column":48},"end":{"line":64,"column":50}}]},"7":{"loc":{"start":{"line":67,"column":6},"end":{"line":80,"column":7}},"type":"switch","locations":[{"start":{"line":68,"column":8},"end":{"line":70,"column":16}},{"start":{"line":71,"column":8},"end":{"line":73,"column":16}},{"start":{"line":74,"column":8},"end":{"line":76,"column":16}},{"start":{"line":77,"column":8},"end":{"line":79,"column":16}}]},"8":{"loc":{"start":{"line":69,"column":67},"end":{"line":69,"column":77}},"type":"binary-expr","locations":[{"start":{"line":69,"column":67},"end":{"line":69,"column":71}},{"start":{"line":69,"column":75},"end":{"line":69,"column":77}}]},"9":{"loc":{"start":{"line":72,"column":65},"end":{"line":72,"column":75}},"type":"binary-expr","locations":[{"start":{"line":72,"column":65},"end":{"line":72,"column":69}},{"start":{"line":72,"column":73},"end":{"line":72,"column":75}}]},"10":{"loc":{"start":{"line":75,"column":65},"end":{"line":75,"column":75}},"type":"binary-expr","locations":[{"start":{"line":75,"column":65},"end":{"line":75,"column":69}},{"start":{"line":75,"column":73},"end":{"line":75,"column":75}}]},"11":{"loc":{"start":{"line":78,"column":67},"end":{"line":78,"column":77}},"type":"binary-expr","locations":[{"start":{"line":78,"column":67},"end":{"line":78,"column":71}},{"start":{"line":78,"column":75},"end":{"line":78,"column":77}}]},"12":{"loc":{"start":{"line":103,"column":52},"end":{"line":103,"column":69}},"type":"binary-expr","locations":[{"start":{"line":103,"column":52},"end":{"line":103,"column":59}},{"start":{"line":103,"column":63},"end":{"line":103,"column":69}}]},"13":{"loc":{"start":{"line":108,"column":37},"end":{"line":108,"column":55}},"type":"binary-expr","locations":[{"start":{"line":108,"column":37},"end":{"line":108,"column":44}},{"start":{"line":108,"column":48},"end":{"line":108,"column":55}}]},"14":{"loc":{"start":{"line":113,"column":35},"end":{"line":113,"column":57}},"type":"binary-expr","locations":[{"start":{"line":113,"column":35},"end":{"line":113,"column":42}},{"start":{"line":113,"column":46},"end":{"line":113,"column":57}}]},"15":{"loc":{"start":{"line":122,"column":4},"end":{"line":124,"column":5}},"type":"if","locations":[{"start":{"line":122,"column":4},"end":{"line":124,"column":5}}]},"16":{"loc":{"start":{"line":163,"column":0},"end":{"line":165,"column":1}},"type":"if","locations":[{"start":{"line":163,"column":0},"end":{"line":165,"column":1}}]}},"s":{"0":1,"1":1,"2":1,"3":1,"4":1,"5":1,"6":1,"7":1,"8":1,"9":1,"10":0,"11":1,"12":0,"13":0,"14":4,"15":4,"16":4,"17":0,"18":4,"19":0,"20":0,"21":0,"22":0,"23":0,"24":0,"25":0,"26":0,"27":0,"28":0,"29":0,"30":0,"31":2,"32":0,"33":2,"34":2,"35":2,"36":0,"37":0,"38":0,"39":0,"40":0,"41":0,"42":0,"43":0,"44":1,"45":1,"46":0,"47":0,"48":0,"49":2,"50":2,"51":0,"52":0,"53":1,"54":1,"55":1},"f":{"0":1,"1":1,"2":0,"3":0,"4":4,"5":0,"6":2,"7":0,"8":2,"9":2,"10":0,"11":0,"12":0,"13":0,"14":0,"15":0,"16":0,"17":0,"18":0,"19":2,"20":2,"21":0,"22":0},"b":{"0":[1,1],"1":[0,1],"2":[1,1],"3":[0],"4":[0],"5":[4,4,0],"6":[0,0],"7":[0,0,0,0],"8":[0,0],"9":[0,0],"10":[0,0],"11":[0,0],"12":[2,0],"13":[0,0],"14":[0,0],"15":[0],"16":[1]}}
}
