{"C:\\Users\\julie\\OneDrive\\Documents\\Portfolio\\src\\components\\PortfolioManager.ts": {"path":"C:\\Users\\julie\\OneDrive\\Documents\\Portfolio\\src\\components\\PortfolioManager.ts","statementMap":{"0":{"start":{"line":15,"column":10},"end":{"line":15,"column":59}},"1":{"start":{"line":16,"column":10},"end":{"line":20,"column":4}},"2":{"start":{"line":22,"column":10},"end":{"line":41,"column":4}},"3":{"start":{"line":295,"column":10},"end":{"line":309,"column":4}},"4":{"start":{"line":296,"column":4},"end":{"line":296,"column":23}},"5":{"start":{"line":297,"column":19},"end":{"line":297,"column":55}},"6":{"start":{"line":298,"column":21},"end":{"line":298,"column":62}},"7":{"start":{"line":300,"column":4},"end":{"line":308,"column":5}},"8":{"start":{"line":301,"column":28},"end":{"line":301,"column":61}},"9":{"start":{"line":302,"column":6},"end":{"line":307,"column":7}},"10":{"start":{"line":303,"column":8},"end":{"line":306,"column":11}},"11":{"start":{"line":44,"column":4},"end":{"line":47,"column":7}},"12":{"start":{"line":45,"column":6},"end":{"line":45,"column":65}},"13":{"start":{"line":46,"column":6},"end":{"line":46,"column":34}},"14":{"start":{"line":54,"column":4},"end":{"line":88,"column":5}},"15":{"start":{"line":55,"column":6},"end":{"line":55,"column":75}},"16":{"start":{"line":57,"column":6},"end":{"line":57,"column":34}},"17":{"start":{"line":58,"column":6},"end":{"line":58,"column":24}},"18":{"start":{"line":61,"column":6},"end":{"line":61,"column":35}},"19":{"start":{"line":64,"column":6},"end":{"line":64,"column":48}},"20":{"start":{"line":65,"column":6},"end":{"line":65,"column":62}},"21":{"start":{"line":66,"column":6},"end":{"line":66,"column":76}},"22":{"start":{"line":69,"column":6},"end":{"line":69,"column":40}},"23":{"start":{"line":72,"column":6},"end":{"line":72,"column":39}},"24":{"start":{"line":75,"column":6},"end":{"line":75,"column":24}},"25":{"start":{"line":77,"column":6},"end":{"line":77,"column":38}},"26":{"start":{"line":78,"column":6},"end":{"line":78,"column":35}},"27":{"start":{"line":79,"column":6},"end":{"line":79,"column":69}},"28":{"start":{"line":82,"column":6},"end":{"line":82,"column":27}},"29":{"start":{"line":85,"column":6},"end":{"line":85,"column":33}},"30":{"start":{"line":86,"column":6},"end":{"line":86,"column":91}},"31":{"start":{"line":87,"column":6},"end":{"line":87,"column":18}},"32":{"start":{"line":95,"column":4},"end":{"line":101,"column":7}},"33":{"start":{"line":96,"column":6},"end":{"line":100,"column":7}},"34":{"start":{"line":97,"column":8},"end":{"line":97,"column":71}},"35":{"start":{"line":97,"column":60},"end":{"line":97,"column":69}},"36":{"start":{"line":99,"column":8},"end":{"line":99,"column":18}},"37":{"start":{"line":108,"column":54},"end":{"line":108,"column":56}},"38":{"start":{"line":111,"column":4},"end":{"line":111,"column":72}},"39":{"start":{"line":112,"column":4},"end":{"line":112,"column":70}},"40":{"start":{"line":113,"column":4},"end":{"line":113,"column":71}},"41":{"start":{"line":114,"column":4},"end":{"line":114,"column":59}},"42":{"start":{"line":115,"column":4},"end":{"line":115,"column":68}},"43":{"start":{"line":118,"column":20},"end":{"line":118,"column":58}},"44":{"start":{"line":121,"column":4},"end":{"line":129,"column":7}},"45":{"start":{"line":122,"column":29},"end":{"line":122,"column":74}},"46":{"start":{"line":123,"column":6},"end":{"line":128,"column":7}},"47":{"start":{"line":124,"column":8},"end":{"line":124,"column":61}},"48":{"start":{"line":125,"column":8},"end":{"line":125,"column":65}},"49":{"start":{"line":127,"column":8},"end":{"line":127,"column":83}},"50":{"start":{"line":132,"column":4},"end":{"line":132,"column":42}},"51":{"start":{"line":135,"column":4},"end":{"line":135,"column":38}},"52":{"start":{"line":142,"column":4},"end":{"line":160,"column":7}},"53":{"start":{"line":143,"column":29},"end":{"line":150,"column":7}},"54":{"start":{"line":144,"column":27},"end":{"line":144,"column":52}},"55":{"start":{"line":145,"column":8},"end":{"line":149,"column":9}},"56":{"start":{"line":146,"column":10},"end":{"line":146,"column":29}},"57":{"start":{"line":148,"column":10},"end":{"line":148,"column":42}},"58":{"start":{"line":152,"column":6},"end":{"line":152,"column":23}},"59":{"start":{"line":155,"column":6},"end":{"line":159,"column":18}},"60":{"start":{"line":156,"column":8},"end":{"line":158,"column":9}},"61":{"start":{"line":157,"column":10},"end":{"line":157,"column":72}},"62":{"start":{"line":167,"column":24},"end":{"line":167,"column":45}},"63":{"start":{"line":169,"column":4},"end":{"line":185,"column":5}},"64":{"start":{"line":171,"column":8},"end":{"line":171,"column":34}},"65":{"start":{"line":172,"column":8},"end":{"line":172,"column":14}},"66":{"start":{"line":174,"column":8},"end":{"line":174,"column":34}},"67":{"start":{"line":175,"column":8},"end":{"line":175,"column":14}},"68":{"start":{"line":177,"column":8},"end":{"line":177,"column":37}},"69":{"start":{"line":178,"column":8},"end":{"line":178,"column":14}},"70":{"start":{"line":180,"column":8},"end":{"line":180,"column":32}},"71":{"start":{"line":181,"column":8},"end":{"line":181,"column":14}},"72":{"start":{"line":183,"column":8},"end":{"line":183,"column":37}},"73":{"start":{"line":184,"column":8},"end":{"line":184,"column":14}},"74":{"start":{"line":192,"column":17},"end":{"line":192,"column":41}},"75":{"start":{"line":193,"column":17},"end":{"line":193,"column":71}},"76":{"start":{"line":194,"column":4},"end":{"line":194,"column":16}},"77":{"start":{"line":201,"column":4},"end":{"line":201,"column":31}},"78":{"start":{"line":202,"column":4},"end":{"line":202,"column":30}},"79":{"start":{"line":203,"column":4},"end":{"line":203,"column":34}},"80":{"start":{"line":210,"column":4},"end":{"line":212,"column":5}},"81":{"start":{"line":211,"column":6},"end":{"line":211,"column":44}},"82":{"start":{"line":219,"column":4},"end":{"line":221,"column":5}},"83":{"start":{"line":220,"column":6},"end":{"line":220,"column":50}},"84":{"start":{"line":228,"column":4},"end":{"line":228,"column":29}},"85":{"start":{"line":235,"column":4},"end":{"line":235,"column":34}},"86":{"start":{"line":242,"column":4},"end":{"line":245,"column":5}},"87":{"start":{"line":243,"column":27},"end":{"line":243,"column":98}},"88":{"start":{"line":244,"column":6},"end":{"line":244,"column":70}},"89":{"start":{"line":244,"column":33},"end":{"line":244,"column":68}},"90":{"start":{"line":252,"column":4},"end":{"line":254,"column":5}},"91":{"start":{"line":253,"column":6},"end":{"line":253,"column":40}},"92":{"start":{"line":261,"column":21},"end":{"line":261,"column":68}},"93":{"start":{"line":263,"column":21},"end":{"line":271,"column":26}},"94":{"start":{"line":264,"column":6},"end":{"line":270,"column":9}},"95":{"start":{"line":265,"column":8},"end":{"line":269,"column":9}},"96":{"start":{"line":266,"column":25},"end":{"line":266,"column":52}},"97":{"start":{"line":267,"column":10},"end":{"line":267,"column":37}},"98":{"start":{"line":268,"column":10},"end":{"line":268,"column":51}},"99":{"start":{"line":273,"column":4},"end":{"line":279,"column":7}},"100":{"start":{"line":274,"column":22},"end":{"line":274,"column":39}},"101":{"start":{"line":275,"column":6},"end":{"line":275,"column":34}},"102":{"start":{"line":276,"column":6},"end":{"line":276,"column":51}},"103":{"start":{"line":277,"column":6},"end":{"line":277,"column":49}},"104":{"start":{"line":278,"column":6},"end":{"line":278,"column":32}},"105":{"start":{"line":286,"column":21},"end":{"line":286,"column":62}},"106":{"start":{"line":287,"column":4},"end":{"line":289,"column":7}},"107":{"start":{"line":288,"column":6},"end":{"line":288,"column":62}},"108":{"start":{"line":315,"column":22},"end":{"line":315,"column":66}},"109":{"start":{"line":316,"column":4},"end":{"line":324,"column":7}},"110":{"start":{"line":317,"column":22},"end":{"line":317,"column":40}},"111":{"start":{"line":318,"column":25},"end":{"line":318,"column":48}},"112":{"start":{"line":319,"column":6},"end":{"line":323,"column":7}},"113":{"start":{"line":320,"column":8},"end":{"line":322,"column":16}},"114":{"start":{"line":321,"column":10},"end":{"line":321,"column":49}},"115":{"start":{"line":331,"column":25},"end":{"line":331,"column":67}},"116":{"start":{"line":332,"column":4},"end":{"line":336,"column":7}},"117":{"start":{"line":333,"column":22},"end":{"line":333,"column":41}},"118":{"start":{"line":334,"column":6},"end":{"line":334,"column":55}},"119":{"start":{"line":335,"column":6},"end":{"line":335,"column":49}},"120":{"start":{"line":343,"column":4},"end":{"line":343,"column":34}},"121":{"start":{"line":344,"column":4},"end":{"line":344,"column":26}},"122":{"start":{"line":345,"column":4},"end":{"line":345,"column":29}},"123":{"start":{"line":346,"column":4},"end":{"line":346,"column":31}},"124":{"start":{"line":353,"column":4},"end":{"line":380,"column":5}},"125":{"start":{"line":355,"column":6},"end":{"line":360,"column":9}},"126":{"start":{"line":356,"column":28},"end":{"line":356,"column":44}},"127":{"start":{"line":357,"column":9},"end":{"line":359,"column":11}},"128":{"start":{"line":363,"column":6},"end":{"line":368,"column":9}},"129":{"start":{"line":364,"column":28},"end":{"line":364,"column":44}},"130":{"start":{"line":365,"column":9},"end":{"line":367,"column":11}},"131":{"start":{"line":371,"column":6},"end":{"line":379,"column":9}},"132":{"start":{"line":372,"column":23},"end":{"line":372,"column":46}},"133":{"start":{"line":373,"column":8},"end":{"line":378,"column":9}},"134":{"start":{"line":374,"column":11},"end":{"line":377,"column":13}},"135":{"start":{"line":387,"column":4},"end":{"line":395,"column":5}},"136":{"start":{"line":388,"column":6},"end":{"line":394,"column":9}},"137":{"start":{"line":389,"column":27},"end":{"line":389,"column":76}},"138":{"start":{"line":390,"column":29},"end":{"line":390,"column":98}},"139":{"start":{"line":391,"column":8},"end":{"line":393,"column":9}},"140":{"start":{"line":392,"column":10},"end":{"line":392,"column":59}},"141":{"start":{"line":402,"column":4},"end":{"line":414,"column":5}},"142":{"start":{"line":403,"column":6},"end":{"line":413,"column":9}},"143":{"start":{"line":404,"column":34},"end":{"line":404,"column":51}},"144":{"start":{"line":405,"column":8},"end":{"line":405,"column":48}},"145":{"start":{"line":408,"column":8},"end":{"line":412,"column":11}},"146":{"start":{"line":409,"column":10},"end":{"line":411,"column":11}},"147":{"start":{"line":410,"column":13},"end":{"line":410,"column":55}},"148":{"start":{"line":421,"column":4},"end":{"line":432,"column":5}},"149":{"start":{"line":422,"column":6},"end":{"line":427,"column":9}},"150":{"start":{"line":423,"column":8},"end":{"line":425,"column":9}},"151":{"start":{"line":424,"column":11},"end":{"line":424,"column":66}},"152":{"start":{"line":426,"column":8},"end":{"line":426,"column":77}},"153":{"start":{"line":429,"column":6},"end":{"line":431,"column":9}},"154":{"start":{"line":430,"column":8},"end":{"line":430,"column":64}},"155":{"start":{"line":440,"column":4},"end":{"line":449,"column":7}},"156":{"start":{"line":441,"column":6},"end":{"line":441,"column":51}},"157":{"start":{"line":442,"column":6},"end":{"line":448,"column":7}},"158":{"start":{"line":443,"column":9},"end":{"line":447,"column":11}},"159":{"start":{"line":452,"column":4},"end":{"line":458,"column":7}},"160":{"start":{"line":453,"column":6},"end":{"line":457,"column":7}},"161":{"start":{"line":454,"column":8},"end":{"line":454,"column":31}},"162":{"start":{"line":456,"column":8},"end":{"line":456,"column":32}},"163":{"start":{"line":462,"column":4},"end":{"line":467,"column":7}},"164":{"start":{"line":463,"column":6},"end":{"line":463,"column":34}},"165":{"start":{"line":464,"column":6},"end":{"line":466,"column":14}},"166":{"start":{"line":465,"column":8},"end":{"line":465,"column":28}},"167":{"start":{"line":474,"column":4},"end":{"line":476,"column":5}},"168":{"start":{"line":475,"column":7},"end":{"line":475,"column":55}},"169":{"start":{"line":483,"column":4},"end":{"line":485,"column":5}},"170":{"start":{"line":484,"column":7},"end":{"line":484,"column":56}},"171":{"start":{"line":493,"column":4},"end":{"line":497,"column":7}},"172":{"start":{"line":494,"column":6},"end":{"line":496,"column":7}},"173":{"start":{"line":495,"column":9},"end":{"line":495,"column":42}},"174":{"start":{"line":504,"column":19},"end":{"line":504,"column":72}},"175":{"start":{"line":505,"column":4},"end":{"line":507,"column":5}},"176":{"start":{"line":506,"column":6},"end":{"line":506,"column":36}},"177":{"start":{"line":514,"column":19},"end":{"line":514,"column":72}},"178":{"start":{"line":515,"column":4},"end":{"line":522,"column":5}},"179":{"start":{"line":516,"column":6},"end":{"line":521,"column":15}},"180":{"start":{"line":517,"column":8},"end":{"line":517,"column":35}},"181":{"start":{"line":518,"column":8},"end":{"line":520,"column":16}},"182":{"start":{"line":519,"column":10},"end":{"line":519,"column":40}},"183":{"start":{"line":529,"column":4},"end":{"line":533,"column":5}},"184":{"start":{"line":530,"column":6},"end":{"line":530,"column":45}},"185":{"start":{"line":532,"column":6},"end":{"line":532,"column":55}},"186":{"start":{"line":540,"column":4},"end":{"line":556,"column":5}},"187":{"start":{"line":541,"column":6},"end":{"line":541,"column":69}},"188":{"start":{"line":542,"column":6},"end":{"line":542,"column":67}},"189":{"start":{"line":543,"column":6},"end":{"line":543,"column":54}},"190":{"start":{"line":544,"column":6},"end":{"line":544,"column":83}},"191":{"start":{"line":545,"column":6},"end":{"line":545,"column":72}},"192":{"start":{"line":548,"column":6},"end":{"line":548,"column":37}},"193":{"start":{"line":549,"column":6},"end":{"line":555,"column":9}},"194":{"start":{"line":549,"column":40},"end":{"line":555,"column":8}},"195":{"start":{"line":563,"column":4},"end":{"line":563,"column":45}},"196":{"start":{"line":566,"column":25},"end":{"line":566,"column":54}},"197":{"start":{"line":567,"column":4},"end":{"line":577,"column":6}},"198":{"start":{"line":578,"column":4},"end":{"line":578,"column":84}},"199":{"start":{"line":579,"column":4},"end":{"line":579,"column":44}},"200":{"start":{"line":582,"column":4},"end":{"line":582,"column":22}},"201":{"start":{"line":585,"column":4},"end":{"line":589,"column":5}},"202":{"start":{"line":586,"column":7},"end":{"line":588,"column":9}},"203":{"start":{"line":595,"column":4},"end":{"line":595,"column":27}},"204":{"start":{"line":598,"column":4},"end":{"line":602,"column":7}},"205":{"start":{"line":599,"column":6},"end":{"line":601,"column":7}},"206":{"start":{"line":600,"column":9},"end":{"line":600,"column":37}},"207":{"start":{"line":603,"column":4},"end":{"line":603,"column":28}},"208":{"start":{"line":605,"column":4},"end":{"line":605,"column":37}},"209":{"start":{"line":606,"column":4},"end":{"line":606,"column":48}},"210":{"start":{"line":610,"column":4},"end":{"line":610,"column":29}},"211":{"start":{"line":614,"column":4},"end":{"line":614,"column":48}},"212":{"start":{"line":615,"column":4},"end":{"line":615,"column":46}},"213":{"start":{"line":619,"column":4},"end":{"line":619,"column":50}},"214":{"start":{"line":623,"column":4},"end":{"line":623,"column":36}},"215":{"start":{"line":627,"column":4},"end":{"line":627,"column":66}},"216":{"start":{"line":628,"column":4},"end":{"line":628,"column":19}},"217":{"start":{"line":629,"column":4},"end":{"line":629,"column":28}},"218":{"start":{"line":630,"column":4},"end":{"line":630,"column":37}},"219":{"start":{"line":631,"column":4},"end":{"line":631,"column":22}},"220":{"start":{"line":636,"column":0},"end":{"line":636,"column":23}}},"fnMap":{"0":{"name":"(anonymous_0)","decl":{"start":{"line":43,"column":2},"end":{"line":43,"column":null}},"loc":{"start":{"line":43,"column":2},"end":{"line":48,"column":3}}},"1":{"name":"(anonymous_1)","decl":{"start":{"line":295,"column":31},"end":{"line":295,"column":32}},"loc":{"start":{"line":295,"column":50},"end":{"line":309,"column":3}}},"2":{"name":"(anonymous_2)","decl":{"start":{"line":44,"column":22},"end":{"line":44,"column":27}},"loc":{"start":{"line":44,"column":30},"end":{"line":47,"column":5}}},"3":{"name":"(anonymous_3)","decl":{"start":{"line":53,"column":2},"end":{"line":53,"column":7}},"loc":{"start":{"line":53,"column":12},"end":{"line":89,"column":3}}},"4":{"name":"(anonymous_4)","decl":{"start":{"line":94,"column":10},"end":{"line":94,"column":25}},"loc":{"start":{"line":94,"column":25},"end":{"line":102,"column":3}}},"5":{"name":"(anonymous_5)","decl":{"start":{"line":95,"column":23},"end":{"line":95,"column":30}},"loc":{"start":{"line":95,"column":33},"end":{"line":101,"column":5}}},"6":{"name":"(anonymous_6)","decl":{"start":{"line":97,"column":54},"end":{"line":97,"column":57}},"loc":{"start":{"line":97,"column":60},"end":{"line":97,"column":69}}},"7":{"name":"(anonymous_7)","decl":{"start":{"line":107,"column":10},"end":{"line":107,"column":15}},"loc":{"start":{"line":107,"column":36},"end":{"line":136,"column":3}}},"8":{"name":"(anonymous_8)","decl":{"start":{"line":121,"column":20},"end":{"line":121,"column":21}},"loc":{"start":{"line":121,"column":38},"end":{"line":129,"column":5}}},"9":{"name":"(anonymous_9)","decl":{"start":{"line":141,"column":10},"end":{"line":141,"column":26}},"loc":{"start":{"line":141,"column":74},"end":{"line":161,"column":3}}},"10":{"name":"(anonymous_10)","decl":{"start":{"line":142,"column":23},"end":{"line":142,"column":24}},"loc":{"start":{"line":142,"column":43},"end":{"line":160,"column":5}}},"11":{"name":"(anonymous_11)","decl":{"start":{"line":143,"column":29},"end":{"line":143,"column":38}},"loc":{"start":{"line":143,"column":40},"end":{"line":150,"column":7}}},"12":{"name":"(anonymous_12)","decl":{"start":{"line":155,"column":17},"end":{"line":155,"column":20}},"loc":{"start":{"line":155,"column":22},"end":{"line":159,"column":7}}},"13":{"name":"(anonymous_13)","decl":{"start":{"line":166,"column":10},"end":{"line":166,"column":40}},"loc":{"start":{"line":166,"column":40},"end":{"line":186,"column":3}}},"14":{"name":"(anonymous_14)","decl":{"start":{"line":191,"column":10},"end":{"line":191,"column":24}},"loc":{"start":{"line":191,"column":24},"end":{"line":195,"column":3}}},"15":{"name":"(anonymous_15)","decl":{"start":{"line":200,"column":10},"end":{"line":200,"column":28}},"loc":{"start":{"line":200,"column":28},"end":{"line":204,"column":3}}},"16":{"name":"(anonymous_16)","decl":{"start":{"line":209,"column":10},"end":{"line":209,"column":28}},"loc":{"start":{"line":209,"column":28},"end":{"line":213,"column":3}}},"17":{"name":"(anonymous_17)","decl":{"start":{"line":218,"column":10},"end":{"line":218,"column":31}},"loc":{"start":{"line":218,"column":31},"end":{"line":222,"column":3}}},"18":{"name":"(anonymous_18)","decl":{"start":{"line":227,"column":10},"end":{"line":227,"column":26}},"loc":{"start":{"line":227,"column":26},"end":{"line":229,"column":3}}},"19":{"name":"(anonymous_19)","decl":{"start":{"line":234,"column":10},"end":{"line":234,"column":31}},"loc":{"start":{"line":234,"column":31},"end":{"line":236,"column":3}}},"20":{"name":"(anonymous_20)","decl":{"start":{"line":241,"column":10},"end":{"line":241,"column":29}},"loc":{"start":{"line":241,"column":29},"end":{"line":246,"column":3}}},"21":{"name":"(anonymous_21)","decl":{"start":{"line":244,"column":27},"end":{"line":244,"column":29}},"loc":{"start":{"line":244,"column":33},"end":{"line":244,"column":68}}},"22":{"name":"(anonymous_22)","decl":{"start":{"line":251,"column":10},"end":{"line":251,"column":28}},"loc":{"start":{"line":251,"column":28},"end":{"line":255,"column":3}}},"23":{"name":"(anonymous_23)","decl":{"start":{"line":260,"column":10},"end":{"line":260,"column":36}},"loc":{"start":{"line":260,"column":36},"end":{"line":280,"column":3}}},"24":{"name":"(anonymous_24)","decl":{"start":{"line":263,"column":46},"end":{"line":263,"column":47}},"loc":{"start":{"line":263,"column":58},"end":{"line":271,"column":5}}},"25":{"name":"(anonymous_25)","decl":{"start":{"line":264,"column":22},"end":{"line":264,"column":27}},"loc":{"start":{"line":264,"column":30},"end":{"line":270,"column":7}}},"26":{"name":"(anonymous_26)","decl":{"start":{"line":273,"column":21},"end":{"line":273,"column":23}},"loc":{"start":{"line":273,"column":26},"end":{"line":279,"column":5}}},"27":{"name":"(anonymous_27)","decl":{"start":{"line":285,"column":10},"end":{"line":285,"column":32}},"loc":{"start":{"line":285,"column":32},"end":{"line":290,"column":3}}},"28":{"name":"(anonymous_28)","decl":{"start":{"line":287,"column":21},"end":{"line":287,"column":25}},"loc":{"start":{"line":287,"column":28},"end":{"line":289,"column":5}}},"29":{"name":"(anonymous_29)","decl":{"start":{"line":314,"column":10},"end":{"line":314,"column":27}},"loc":{"start":{"line":314,"column":27},"end":{"line":325,"column":3}}},"30":{"name":"(anonymous_30)","decl":{"start":{"line":316,"column":22},"end":{"line":316,"column":25}},"loc":{"start":{"line":316,"column":28},"end":{"line":324,"column":5}}},"31":{"name":"(anonymous_31)","decl":{"start":{"line":320,"column":19},"end":{"line":320,"column":22}},"loc":{"start":{"line":320,"column":24},"end":{"line":322,"column":9}}},"32":{"name":"(anonymous_32)","decl":{"start":{"line":330,"column":10},"end":{"line":330,"column":32}},"loc":{"start":{"line":330,"column":32},"end":{"line":337,"column":3}}},"33":{"name":"(anonymous_33)","decl":{"start":{"line":332,"column":25},"end":{"line":332,"column":26}},"loc":{"start":{"line":332,"column":41},"end":{"line":336,"column":5}}},"34":{"name":"(anonymous_34)","decl":{"start":{"line":342,"column":10},"end":{"line":342,"column":36}},"loc":{"start":{"line":342,"column":36},"end":{"line":347,"column":3}}},"35":{"name":"(anonymous_35)","decl":{"start":{"line":352,"column":10},"end":{"line":352,"column":32}},"loc":{"start":{"line":352,"column":32},"end":{"line":381,"column":3}}},"36":{"name":"(anonymous_36)","decl":{"start":{"line":355,"column":48},"end":{"line":355,"column":49}},"loc":{"start":{"line":355,"column":61},"end":{"line":360,"column":7}}},"37":{"name":"(anonymous_37)","decl":{"start":{"line":363,"column":51},"end":{"line":363,"column":52}},"loc":{"start":{"line":363,"column":64},"end":{"line":368,"column":7}}},"38":{"name":"(anonymous_38)","decl":{"start":{"line":371,"column":41},"end":{"line":371,"column":42}},"loc":{"start":{"line":371,"column":54},"end":{"line":379,"column":7}}},"39":{"name":"(anonymous_39)","decl":{"start":{"line":386,"column":10},"end":{"line":386,"column":24}},"loc":{"start":{"line":386,"column":24},"end":{"line":396,"column":3}}},"40":{"name":"(anonymous_40)","decl":{"start":{"line":388,"column":48},"end":{"line":388,"column":49}},"loc":{"start":{"line":388,"column":67},"end":{"line":394,"column":7}}},"41":{"name":"(anonymous_41)","decl":{"start":{"line":401,"column":10},"end":{"line":401,"column":27}},"loc":{"start":{"line":401,"column":27},"end":{"line":415,"column":3}}},"42":{"name":"(anonymous_42)","decl":{"start":{"line":403,"column":51},"end":{"line":403,"column":52}},"loc":{"start":{"line":403,"column":70},"end":{"line":413,"column":7}}},"43":{"name":"(anonymous_43)","decl":{"start":{"line":408,"column":32},"end":{"line":408,"column":33}},"loc":{"start":{"line":408,"column":46},"end":{"line":412,"column":9}}},"44":{"name":"(anonymous_44)","decl":{"start":{"line":420,"column":10},"end":{"line":420,"column":29}},"loc":{"start":{"line":420,"column":29},"end":{"line":433,"column":3}}},"45":{"name":"(anonymous_45)","decl":{"start":{"line":422,"column":48},"end":{"line":422,"column":51}},"loc":{"start":{"line":422,"column":53},"end":{"line":427,"column":7}}},"46":{"name":"(anonymous_46)","decl":{"start":{"line":429,"column":54},"end":{"line":429,"column":57}},"loc":{"start":{"line":429,"column":59},"end":{"line":431,"column":7}}},"47":{"name":"(anonymous_47)","decl":{"start":{"line":438,"column":10},"end":{"line":438,"column":35}},"loc":{"start":{"line":438,"column":35},"end":{"line":468,"column":3}}},"48":{"name":"(anonymous_48)","decl":{"start":{"line":440,"column":37},"end":{"line":440,"column":38}},"loc":{"start":{"line":440,"column":55},"end":{"line":449,"column":5}}},"49":{"name":"(anonymous_49)","decl":{"start":{"line":452,"column":50},"end":{"line":452,"column":53}},"loc":{"start":{"line":452,"column":55},"end":{"line":458,"column":5}}},"50":{"name":"(anonymous_50)","decl":{"start":{"line":462,"column":38},"end":{"line":462,"column":41}},"loc":{"start":{"line":462,"column":43},"end":{"line":467,"column":5}}},"51":{"name":"(anonymous_51)","decl":{"start":{"line":464,"column":40},"end":{"line":464,"column":43}},"loc":{"start":{"line":464,"column":45},"end":{"line":466,"column":7}}},"52":{"name":"(anonymous_52)","decl":{"start":{"line":473,"column":10},"end":{"line":473,"column":25}},"loc":{"start":{"line":473,"column":25},"end":{"line":477,"column":3}}},"53":{"name":"(anonymous_53)","decl":{"start":{"line":482,"column":10},"end":{"line":482,"column":26}},"loc":{"start":{"line":482,"column":26},"end":{"line":486,"column":3}}},"54":{"name":"(anonymous_54)","decl":{"start":{"line":491,"column":10},"end":{"line":491,"column":22}},"loc":{"start":{"line":491,"column":22},"end":{"line":498,"column":3}}},"55":{"name":"(anonymous_55)","decl":{"start":{"line":493,"column":28},"end":{"line":493,"column":37}},"loc":{"start":{"line":493,"column":40},"end":{"line":497,"column":5}}},"56":{"name":"(anonymous_56)","decl":{"start":{"line":503,"column":10},"end":{"line":503,"column":20}},"loc":{"start":{"line":503,"column":20},"end":{"line":508,"column":3}}},"57":{"name":"(anonymous_57)","decl":{"start":{"line":513,"column":10},"end":{"line":513,"column":20}},"loc":{"start":{"line":513,"column":20},"end":{"line":523,"column":3}}},"58":{"name":"(anonymous_58)","decl":{"start":{"line":516,"column":17},"end":{"line":516,"column":20}},"loc":{"start":{"line":516,"column":22},"end":{"line":521,"column":7}}},"59":{"name":"(anonymous_59)","decl":{"start":{"line":518,"column":19},"end":{"line":518,"column":22}},"loc":{"start":{"line":518,"column":24},"end":{"line":520,"column":9}}},"60":{"name":"(anonymous_60)","decl":{"start":{"line":528,"column":10},"end":{"line":528,"column":26}},"loc":{"start":{"line":528,"column":75},"end":{"line":534,"column":3}}},"61":{"name":"(anonymous_61)","decl":{"start":{"line":539,"column":10},"end":{"line":539,"column":23}},"loc":{"start":{"line":539,"column":23},"end":{"line":557,"column":3}}},"62":{"name":"(anonymous_62)","decl":{"start":{"line":549,"column":33},"end":{"line":549,"column":36}},"loc":{"start":{"line":549,"column":40},"end":{"line":555,"column":8}}},"63":{"name":"(anonymous_63)","decl":{"start":{"line":562,"column":10},"end":{"line":562,"column":25}},"loc":{"start":{"line":562,"column":38},"end":{"line":590,"column":3}}},"64":{"name":"(anonymous_64)","decl":{"start":{"line":593,"column":2},"end":{"line":593,"column":9}},"loc":{"start":{"line":593,"column":9},"end":{"line":607,"column":3}}},"65":{"name":"(anonymous_65)","decl":{"start":{"line":598,"column":28},"end":{"line":598,"column":37}},"loc":{"start":{"line":598,"column":40},"end":{"line":602,"column":5}}},"66":{"name":"(anonymous_66)","decl":{"start":{"line":609,"column":2},"end":{"line":609,"column":10}},"loc":{"start":{"line":609,"column":10},"end":{"line":611,"column":3}}},"67":{"name":"(anonymous_67)","decl":{"start":{"line":613,"column":2},"end":{"line":613,"column":14}},"loc":{"start":{"line":613,"column":47},"end":{"line":616,"column":3}}},"68":{"name":"(anonymous_68)","decl":{"start":{"line":618,"column":2},"end":{"line":618,"column":14}},"loc":{"start":{"line":618,"column":55},"end":{"line":620,"column":3}}},"69":{"name":"(anonymous_69)","decl":{"start":{"line":622,"column":2},"end":{"line":622,"column":18}},"loc":{"start":{"line":622,"column":18},"end":{"line":624,"column":3}}},"70":{"name":"(anonymous_70)","decl":{"start":{"line":626,"column":2},"end":{"line":626,"column":7}},"loc":{"start":{"line":626,"column":20},"end":{"line":632,"column":3}}}},"branchMap":{"0":{"loc":{"start":{"line":300,"column":4},"end":{"line":308,"column":5}},"type":"if","locations":[{"start":{"line":300,"column":4},"end":{"line":308,"column":5}}]},"1":{"loc":{"start":{"line":302,"column":6},"end":{"line":307,"column":7}},"type":"if","locations":[{"start":{"line":302,"column":6},"end":{"line":307,"column":7}}]},"2":{"loc":{"start":{"line":86,"column":32},"end":{"line":86,"column":90}},"type":"cond-expr","locations":[{"start":{"line":86,"column":57},"end":{"line":86,"column":70}},{"start":{"line":86,"column":73},"end":{"line":86,"column":90}}]},"3":{"loc":{"start":{"line":96,"column":6},"end":{"line":100,"column":7}},"type":"if","locations":[{"start":{"line":96,"column":6},"end":{"line":100,"column":7}},{"start":{"line":98,"column":13},"end":{"line":100,"column":7}}]},"4":{"loc":{"start":{"line":123,"column":6},"end":{"line":128,"column":7}},"type":"if","locations":[{"start":{"line":123,"column":6},"end":{"line":128,"column":7}},{"start":{"line":126,"column":13},"end":{"line":128,"column":7}}]},"5":{"loc":{"start":{"line":141,"column":60},"end":{"line":141,"column":74}},"type":"default-arg","locations":[{"start":{"line":141,"column":70},"end":{"line":141,"column":74}}]},"6":{"loc":{"start":{"line":145,"column":8},"end":{"line":149,"column":9}},"type":"if","locations":[{"start":{"line":145,"column":8},"end":{"line":149,"column":9}},{"start":{"line":147,"column":15},"end":{"line":149,"column":9}}]},"7":{"loc":{"start":{"line":156,"column":8},"end":{"line":158,"column":9}},"type":"if","locations":[{"start":{"line":156,"column":8},"end":{"line":158,"column":9}}]},"8":{"loc":{"start":{"line":169,"column":4},"end":{"line":185,"column":5}},"type":"switch","locations":[{"start":{"line":170,"column":6},"end":{"line":172,"column":14}},{"start":{"line":173,"column":6},"end":{"line":175,"column":14}},{"start":{"line":176,"column":6},"end":{"line":178,"column":14}},{"start":{"line":179,"column":6},"end":{"line":181,"column":14}},{"start":{"line":182,"column":6},"end":{"line":184,"column":14}}]},"9":{"loc":{"start":{"line":193,"column":17},"end":{"line":193,"column":71}},"type":"binary-expr","locations":[{"start":{"line":193,"column":17},"end":{"line":193,"column":60}},{"start":{"line":193,"column":64},"end":{"line":193,"column":71}}]},"10":{"loc":{"start":{"line":210,"column":4},"end":{"line":212,"column":5}},"type":"if","locations":[{"start":{"line":210,"column":4},"end":{"line":212,"column":5}}]},"11":{"loc":{"start":{"line":219,"column":4},"end":{"line":221,"column":5}},"type":"if","locations":[{"start":{"line":219,"column":4},"end":{"line":221,"column":5}}]},"12":{"loc":{"start":{"line":242,"column":4},"end":{"line":245,"column":5}},"type":"if","locations":[{"start":{"line":242,"column":4},"end":{"line":245,"column":5}}]},"13":{"loc":{"start":{"line":252,"column":4},"end":{"line":254,"column":5}},"type":"if","locations":[{"start":{"line":252,"column":4},"end":{"line":254,"column":5}}]},"14":{"loc":{"start":{"line":265,"column":8},"end":{"line":269,"column":9}},"type":"if","locations":[{"start":{"line":265,"column":8},"end":{"line":269,"column":9}}]},"15":{"loc":{"start":{"line":319,"column":6},"end":{"line":323,"column":7}},"type":"if","locations":[{"start":{"line":319,"column":6},"end":{"line":323,"column":7}}]},"16":{"loc":{"start":{"line":353,"column":4},"end":{"line":380,"column":5}},"type":"if","locations":[{"start":{"line":353,"column":4},"end":{"line":380,"column":5}}]},"17":{"loc":{"start":{"line":373,"column":8},"end":{"line":378,"column":9}},"type":"if","locations":[{"start":{"line":373,"column":8},"end":{"line":378,"column":9}}]},"18":{"loc":{"start":{"line":387,"column":4},"end":{"line":395,"column":5}},"type":"if","locations":[{"start":{"line":387,"column":4},"end":{"line":395,"column":5}}]},"19":{"loc":{"start":{"line":387,"column":8},"end":{"line":387,"column":41}},"type":"binary-expr","locations":[{"start":{"line":387,"column":8},"end":{"line":387,"column":27}},{"start":{"line":387,"column":31},"end":{"line":387,"column":41}}]},"20":{"loc":{"start":{"line":389,"column":27},"end":{"line":389,"column":76}},"type":"cond-expr","locations":[{"start":{"line":389,"column":55},"end":{"line":389,"column":64}},{"start":{"line":389,"column":67},"end":{"line":389,"column":76}}]},"21":{"loc":{"start":{"line":391,"column":8},"end":{"line":393,"column":9}},"type":"if","locations":[{"start":{"line":391,"column":8},"end":{"line":393,"column":9}}]},"22":{"loc":{"start":{"line":402,"column":4},"end":{"line":414,"column":5}},"type":"if","locations":[{"start":{"line":402,"column":4},"end":{"line":414,"column":5}}]},"23":{"loc":{"start":{"line":409,"column":10},"end":{"line":411,"column":11}},"type":"if","locations":[{"start":{"line":409,"column":10},"end":{"line":411,"column":11}}]},"24":{"loc":{"start":{"line":421,"column":4},"end":{"line":432,"column":5}},"type":"if","locations":[{"start":{"line":421,"column":4},"end":{"line":432,"column":5}}]},"25":{"loc":{"start":{"line":423,"column":8},"end":{"line":425,"column":9}},"type":"if","locations":[{"start":{"line":423,"column":8},"end":{"line":425,"column":9}}]},"26":{"loc":{"start":{"line":442,"column":6},"end":{"line":448,"column":7}},"type":"if","locations":[{"start":{"line":442,"column":6},"end":{"line":448,"column":7}}]},"27":{"loc":{"start":{"line":453,"column":6},"end":{"line":457,"column":7}},"type":"if","locations":[{"start":{"line":453,"column":6},"end":{"line":457,"column":7}},{"start":{"line":455,"column":13},"end":{"line":457,"column":7}}]},"28":{"loc":{"start":{"line":474,"column":4},"end":{"line":476,"column":5}},"type":"if","locations":[{"start":{"line":474,"column":4},"end":{"line":476,"column":5}}]},"29":{"loc":{"start":{"line":474,"column":8},"end":{"line":474,"column":72}},"type":"binary-expr","locations":[{"start":{"line":474,"column":8},"end":{"line":474,"column":26}},{"start":{"line":474,"column":30},"end":{"line":474,"column":72}}]},"30":{"loc":{"start":{"line":483,"column":4},"end":{"line":485,"column":5}},"type":"if","locations":[{"start":{"line":483,"column":4},"end":{"line":485,"column":5}}]},"31":{"loc":{"start":{"line":483,"column":8},"end":{"line":483,"column":73}},"type":"binary-expr","locations":[{"start":{"line":483,"column":8},"end":{"line":483,"column":26}},{"start":{"line":483,"column":30},"end":{"line":483,"column":73}}]},"32":{"loc":{"start":{"line":494,"column":6},"end":{"line":496,"column":7}},"type":"if","locations":[{"start":{"line":494,"column":6},"end":{"line":496,"column":7}}]},"33":{"loc":{"start":{"line":505,"column":4},"end":{"line":507,"column":5}},"type":"if","locations":[{"start":{"line":505,"column":4},"end":{"line":507,"column":5}}]},"34":{"loc":{"start":{"line":515,"column":4},"end":{"line":522,"column":5}},"type":"if","locations":[{"start":{"line":515,"column":4},"end":{"line":522,"column":5}}]},"35":{"loc":{"start":{"line":528,"column":44},"end":{"line":528,"column":75}},"type":"default-arg","locations":[{"start":{"line":528,"column":69},"end":{"line":528,"column":75}}]},"36":{"loc":{"start":{"line":529,"column":4},"end":{"line":533,"column":5}},"type":"if","locations":[{"start":{"line":529,"column":4},"end":{"line":533,"column":5}},{"start":{"line":531,"column":11},"end":{"line":533,"column":5}}]},"37":{"loc":{"start":{"line":540,"column":4},"end":{"line":556,"column":5}},"type":"if","locations":[{"start":{"line":540,"column":4},"end":{"line":556,"column":5}}]},"38":{"loc":{"start":{"line":544,"column":30},"end":{"line":544,"column":79}},"type":"binary-expr","locations":[{"start":{"line":544,"column":30},"end":{"line":544,"column":68}},{"start":{"line":544,"column":72},"end":{"line":544,"column":79}}]},"39":{"loc":{"start":{"line":545,"column":31},"end":{"line":545,"column":68}},"type":"binary-expr","locations":[{"start":{"line":545,"column":31},"end":{"line":545,"column":60}},{"start":{"line":545,"column":64},"end":{"line":545,"column":68}}]},"40":{"loc":{"start":{"line":585,"column":4},"end":{"line":589,"column":5}},"type":"if","locations":[{"start":{"line":585,"column":4},"end":{"line":589,"column":5}}]},"41":{"loc":{"start":{"line":599,"column":6},"end":{"line":601,"column":7}},"type":"if","locations":[{"start":{"line":599,"column":6},"end":{"line":601,"column":7}}]},"42":{"loc":{"start":{"line":619,"column":11},"end":{"line":619,"column":49}},"type":"binary-expr","locations":[{"start":{"line":619,"column":11},"end":{"line":619,"column":41}},{"start":{"line":619,"column":45},"end":{"line":619,"column":49}}]}},"s":{"0":0,"1":0,"2":0,"3":0,"4":0,"5":0,"6":0,"7":0,"8":0,"9":0,"10":0,"11":0,"12":0,"13":0,"14":0,"15":0,"16":0,"17":0,"18":0,"19":0,"20":0,"21":0,"22":0,"23":0,"24":0,"25":0,"26":0,"27":0,"28":0,"29":0,"30":0,"31":0,"32":0,"33":0,"34":0,"35":0,"36":0,"37":0,"38":0,"39":0,"40":0,"41":0,"42":0,"43":0,"44":0,"45":0,"46":0,"47":0,"48":0,"49":0,"50":0,"51":0,"52":0,"53":0,"54":0,"55":0,"56":0,"57":0,"58":0,"59":0,"60":0,"61":0,"62":0,"63":0,"64":0,"65":0,"66":0,"67":0,"68":0,"69":0,"70":0,"71":0,"72":0,"73":0,"74":0,"75":0,"76":0,"77":0,"78":0,"79":0,"80":0,"81":0,"82":0,"83":0,"84":0,"85":0,"86":0,"87":0,"88":0,"89":0,"90":0,"91":0,"92":0,"93":0,"94":0,"95":0,"96":0,"97":0,"98":0,"99":0,"100":0,"101":0,"102":0,"103":0,"104":0,"105":0,"106":0,"107":0,"108":0,"109":0,"110":0,"111":0,"112":0,"113":0,"114":0,"115":0,"116":0,"117":0,"118":0,"119":0,"120":0,"121":0,"122":0,"123":0,"124":0,"125":0,"126":0,"127":0,"128":0,"129":0,"130":0,"131":0,"132":0,"133":0,"134":0,"135":0,"136":0,"137":0,"138":0,"139":0,"140":0,"141":0,"142":0,"143":0,"144":0,"145":0,"146":0,"147":0,"148":0,"149":0,"150":0,"151":0,"152":0,"153":0,"154":0,"155":0,"156":0,"157":0,"158":0,"159":0,"160":0,"161":0,"162":0,"163":0,"164":0,"165":0,"166":0,"167":0,"168":0,"169":0,"170":0,"171":0,"172":0,"173":0,"174":0,"175":0,"176":0,"177":0,"178":0,"179":0,"180":0,"181":0,"182":0,"183":0,"184":0,"185":0,"186":0,"187":0,"188":0,"189":0,"190":0,"191":0,"192":0,"193":0,"194":0,"195":0,"196":0,"197":0,"198":0,"199":0,"200":0,"201":0,"202":0,"203":0,"204":0,"205":0,"206":0,"207":0,"208":0,"209":0,"210":0,"211":0,"212":0,"213":0,"214":0,"215":0,"216":0,"217":0,"218":0,"219":0,"220":0},"f":{"0":0,"1":0,"2":0,"3":0,"4":0,"5":0,"6":0,"7":0,"8":0,"9":0,"10":0,"11":0,"12":0,"13":0,"14":0,"15":0,"16":0,"17":0,"18":0,"19":0,"20":0,"21":0,"22":0,"23":0,"24":0,"25":0,"26":0,"27":0,"28":0,"29":0,"30":0,"31":0,"32":0,"33":0,"34":0,"35":0,"36":0,"37":0,"38":0,"39":0,"40":0,"41":0,"42":0,"43":0,"44":0,"45":0,"46":0,"47":0,"48":0,"49":0,"50":0,"51":0,"52":0,"53":0,"54":0,"55":0,"56":0,"57":0,"58":0,"59":0,"60":0,"61":0,"62":0,"63":0,"64":0,"65":0,"66":0,"67":0,"68":0,"69":0,"70":0},"b":{"0":[0],"1":[0],"2":[0,0],"3":[0,0],"4":[0,0],"5":[0],"6":[0,0],"7":[0],"8":[0,0,0,0,0],"9":[0,0],"10":[0],"11":[0],"12":[0],"13":[0],"14":[0],"15":[0],"16":[0],"17":[0],"18":[0],"19":[0,0],"20":[0,0],"21":[0],"22":[0],"23":[0],"24":[0],"25":[0],"26":[0],"27":[0,0],"28":[0],"29":[0,0],"30":[0],"31":[0,0],"32":[0],"33":[0],"34":[0],"35":[0],"36":[0,0],"37":[0],"38":[0,0],"39":[0,0],"40":[0],"41":[0],"42":[0,0]}}
,"C:\\Users\\julie\\OneDrive\\Documents\\Portfolio\\src\\utils\\helpers.ts": {"path":"C:\\Users\\julie\\OneDrive\\Documents\\Portfolio\\src\\utils\\helpers.ts","statementMap":{"0":{"start":{"line":18,"column":4},"end":{"line":18,"column":44}},"1":{"start":{"line":22,"column":4},"end":{"line":22,"column":49}},"2":{"start":{"line":26,"column":4},"end":{"line":26,"column":67}},"3":{"start":{"line":30,"column":4},"end":{"line":35,"column":6}},"4":{"start":{"line":16,"column":0},"end":{"line":16,"column":13}},"5":{"start":{"line":51,"column":18},"end":{"line":51,"column":56}},"6":{"start":{"line":52,"column":4},"end":{"line":52,"column":32}},"7":{"start":{"line":63,"column":20},"end":{"line":65,"column":5}},"8":{"start":{"line":64,"column":6},"end":{"line":64,"column":43}},"9":{"start":{"line":67,"column":4},"end":{"line":67,"column":48}},"10":{"start":{"line":70,"column":4},"end":{"line":70,"column":64}},"11":{"start":{"line":70,"column":17},"end":{"line":70,"column":63}},"12":{"start":{"line":42,"column":0},"end":{"line":42,"column":13}},"13":{"start":{"line":86,"column":4},"end":{"line":100,"column":7}},"14":{"start":{"line":87,"column":24},"end":{"line":87,"column":34}},"15":{"start":{"line":89,"column":20},"end":{"line":97,"column":7}},"16":{"start":{"line":90,"column":8},"end":{"line":96,"column":9}},"17":{"start":{"line":91,"column":10},"end":{"line":91,"column":20}},"18":{"start":{"line":92,"column":15},"end":{"line":96,"column":9}},"19":{"start":{"line":93,"column":10},"end":{"line":93,"column":58}},"20":{"start":{"line":95,"column":10},"end":{"line":95,"column":38}},"21":{"start":{"line":99,"column":6},"end":{"line":99,"column":14}},"22":{"start":{"line":113,"column":4},"end":{"line":124,"column":5}},"23":{"start":{"line":113,"column":17},"end":{"line":113,"column":18}},"24":{"start":{"line":114,"column":6},"end":{"line":123,"column":7}},"25":{"start":{"line":115,"column":8},"end":{"line":115,"column":26}},"26":{"start":{"line":117,"column":8},"end":{"line":117,"column":78}},"27":{"start":{"line":119,"column":8},"end":{"line":122,"column":9}},"28":{"start":{"line":120,"column":24},"end":{"line":120,"column":50}},"29":{"start":{"line":121,"column":10},"end":{"line":121,"column":34}},"30":{"start":{"line":126,"column":4},"end":{"line":126,"column":21}},"31":{"start":{"line":133,"column":4},"end":{"line":133,"column":59}},"32":{"start":{"line":133,"column":34},"end":{"line":133,"column":57}},"33":{"start":{"line":145,"column":4},"end":{"line":148,"column":6}},"34":{"start":{"line":146,"column":6},"end":{"line":146,"column":28}},"35":{"start":{"line":147,"column":6},"end":{"line":147,"column":61}},"36":{"start":{"line":147,"column":40},"end":{"line":147,"column":53}},"37":{"start":{"line":160,"column":4},"end":{"line":166,"column":6}},"38":{"start":{"line":161,"column":6},"end":{"line":165,"column":7}},"39":{"start":{"line":162,"column":8},"end":{"line":162,"column":22}},"40":{"start":{"line":163,"column":8},"end":{"line":163,"column":26}},"41":{"start":{"line":164,"column":8},"end":{"line":164,"column":51}},"42":{"start":{"line":164,"column":25},"end":{"line":164,"column":43}},"43":{"start":{"line":77,"column":0},"end":{"line":77,"column":13}},"44":{"start":{"line":181,"column":4},"end":{"line":181,"column":54}},"45":{"start":{"line":191,"column":4},"end":{"line":191,"column":64}},"46":{"start":{"line":198,"column":17},"end":{"line":198,"column":48}},"47":{"start":{"line":199,"column":4},"end":{"line":204,"column":6}},"48":{"start":{"line":214,"column":4},"end":{"line":238,"column":7}},"49":{"start":{"line":215,"column":22},"end":{"line":215,"column":69}},"50":{"start":{"line":216,"column":6},"end":{"line":219,"column":7}},"51":{"start":{"line":217,"column":8},"end":{"line":217,"column":25}},"52":{"start":{"line":218,"column":8},"end":{"line":218,"column":15}},"53":{"start":{"line":221,"column":23},"end":{"line":227,"column":8}},"54":{"start":{"line":222,"column":24},"end":{"line":222,"column":71}},"55":{"start":{"line":223,"column":8},"end":{"line":226,"column":9}},"56":{"start":{"line":224,"column":10},"end":{"line":224,"column":32}},"57":{"start":{"line":225,"column":10},"end":{"line":225,"column":27}},"58":{"start":{"line":229,"column":6},"end":{"line":232,"column":9}},"59":{"start":{"line":234,"column":6},"end":{"line":237,"column":18}},"60":{"start":{"line":235,"column":8},"end":{"line":235,"column":30}},"61":{"start":{"line":236,"column":8},"end":{"line":236,"column":79}},"62":{"start":{"line":245,"column":4},"end":{"line":245,"column":38}},"63":{"start":{"line":252,"column":4},"end":{"line":252,"column":41}},"64":{"start":{"line":259,"column":4},"end":{"line":259,"column":54}},"65":{"start":{"line":173,"column":0},"end":{"line":173,"column":13}},"66":{"start":{"line":271,"column":4},"end":{"line":275,"column":5}},"67":{"start":{"line":272,"column":6},"end":{"line":272,"column":55}},"68":{"start":{"line":274,"column":6},"end":{"line":274,"column":54}},"69":{"start":{"line":282,"column":4},"end":{"line":288,"column":5}},"70":{"start":{"line":283,"column":19},"end":{"line":283,"column":44}},"71":{"start":{"line":284,"column":6},"end":{"line":284,"column":52}},"72":{"start":{"line":286,"column":6},"end":{"line":286,"column":54}},"73":{"start":{"line":287,"column":6},"end":{"line":287,"column":26}},"74":{"start":{"line":295,"column":4},"end":{"line":299,"column":5}},"75":{"start":{"line":296,"column":6},"end":{"line":296,"column":35}},"76":{"start":{"line":298,"column":6},"end":{"line":298,"column":57}},"77":{"start":{"line":306,"column":4},"end":{"line":306,"column":46}},"78":{"start":{"line":313,"column":4},"end":{"line":319,"column":5}},"79":{"start":{"line":314,"column":6},"end":{"line":316,"column":54}},"80":{"start":{"line":315,"column":23},"end":{"line":315,"column":45}},"81":{"start":{"line":316,"column":24},"end":{"line":316,"column":52}},"82":{"start":{"line":318,"column":6},"end":{"line":318,"column":66}},"83":{"start":{"line":266,"column":0},"end":{"line":266,"column":13}},"84":{"start":{"line":333,"column":4},"end":{"line":333,"column":44}},"85":{"start":{"line":340,"column":18},"end":{"line":340,"column":38}},"86":{"start":{"line":341,"column":4},"end":{"line":344,"column":5}},"87":{"start":{"line":342,"column":6},"end":{"line":342,"column":47}},"88":{"start":{"line":343,"column":6},"end":{"line":343,"column":15}},"89":{"start":{"line":346,"column":21},"end":{"line":346,"column":46}},"90":{"start":{"line":347,"column":4},"end":{"line":347,"column":28}},"91":{"start":{"line":348,"column":4},"end":{"line":348,"column":20}},"92":{"start":{"line":358,"column":4},"end":{"line":358,"column":25}},"93":{"start":{"line":359,"column":19},"end":{"line":359,"column":29}},"94":{"start":{"line":360,"column":21},"end":{"line":360,"column":39}},"95":{"start":{"line":362,"column":4},"end":{"line":362,"column":56}},"96":{"start":{"line":364,"column":4},"end":{"line":364,"column":32}},"97":{"start":{"line":374,"column":4},"end":{"line":374,"column":25}},"98":{"start":{"line":375,"column":19},"end":{"line":375,"column":23}},"99":{"start":{"line":376,"column":21},"end":{"line":376,"column":39}},"100":{"start":{"line":378,"column":4},"end":{"line":378,"column":56}},"101":{"start":{"line":380,"column":4},"end":{"line":380,"column":32}},"102":{"start":{"line":326,"column":0},"end":{"line":326,"column":13}},"103":{"start":{"line":327,"column":17},"end":{"line":327,"column":51}},"104":{"start":{"line":392,"column":23},"end":{"line":392,"column":51}},"105":{"start":{"line":393,"column":4},"end":{"line":393,"column":34}},"106":{"start":{"line":400,"column":4},"end":{"line":405,"column":5}},"107":{"start":{"line":401,"column":6},"end":{"line":401,"column":19}},"108":{"start":{"line":402,"column":6},"end":{"line":402,"column":18}},"109":{"start":{"line":404,"column":6},"end":{"line":404,"column":19}},"110":{"start":{"line":412,"column":4},"end":{"line":412,"column":35}},"111":{"start":{"line":419,"column":4},"end":{"line":419,"column":37}},"112":{"start":{"line":426,"column":4},"end":{"line":426,"column":37}},"113":{"start":{"line":436,"column":4},"end":{"line":436,"column":59}},"114":{"start":{"line":436,"column":41},"end":{"line":436,"column":57}},"115":{"start":{"line":387,"column":0},"end":{"line":387,"column":13}},"116":{"start":{"line":448,"column":18},"end":{"line":448,"column":36}},"117":{"start":{"line":449,"column":4},"end":{"line":451,"column":5}},"118":{"start":{"line":450,"column":7},"end":{"line":450,"column":33}},"119":{"start":{"line":452,"column":4},"end":{"line":452,"column":17}},"120":{"start":{"line":462,"column":4},"end":{"line":469,"column":6}},"121":{"start":{"line":463,"column":6},"end":{"line":468,"column":7}},"122":{"start":{"line":464,"column":8},"end":{"line":464,"column":27}},"123":{"start":{"line":466,"column":8},"end":{"line":466,"column":57}},"124":{"start":{"line":467,"column":8},"end":{"line":467,"column":24}},"125":{"start":{"line":479,"column":4},"end":{"line":484,"column":5}},"126":{"start":{"line":480,"column":6},"end":{"line":480,"column":24}},"127":{"start":{"line":482,"column":6},"end":{"line":482,"column":53}},"128":{"start":{"line":483,"column":6},"end":{"line":483,"column":22}},"129":{"start":{"line":443,"column":0},"end":{"line":443,"column":13}}},"fnMap":{"0":{"name":"(anonymous_0)","decl":{"start":{"line":17,"column":2},"end":{"line":17,"column":8}},"loc":{"start":{"line":17,"column":30},"end":{"line":19,"column":3}}},"1":{"name":"(anonymous_1)","decl":{"start":{"line":21,"column":2},"end":{"line":21,"column":8}},"loc":{"start":{"line":21,"column":27},"end":{"line":23,"column":3}}},"2":{"name":"(anonymous_2)","decl":{"start":{"line":25,"column":2},"end":{"line":25,"column":8}},"loc":{"start":{"line":25,"column":38},"end":{"line":27,"column":3}}},"3":{"name":"(anonymous_3)","decl":{"start":{"line":29,"column":2},"end":{"line":29,"column":8}},"loc":{"start":{"line":29,"column":36},"end":{"line":36,"column":3}}},"4":{"name":"(anonymous_4)","decl":{"start":{"line":46,"column":2},"end":{"line":46,"column":8}},"loc":{"start":{"line":49,"column":34},"end":{"line":53,"column":3}}},"5":{"name":"(anonymous_5)","decl":{"start":{"line":58,"column":2},"end":{"line":58,"column":8}},"loc":{"start":{"line":61,"column":34},"end":{"line":71,"column":3}}},"6":{"name":"(anonymous_6)","decl":{"start":{"line":63,"column":20},"end":{"line":63,"column":21}},"loc":{"start":{"line":63,"column":37},"end":{"line":65,"column":5}}},"7":{"name":"(anonymous_7)","decl":{"start":{"line":70,"column":11},"end":{"line":70,"column":14}},"loc":{"start":{"line":70,"column":17},"end":{"line":70,"column":63}}},"8":{"name":"(anonymous_8)","decl":{"start":{"line":81,"column":2},"end":{"line":81,"column":8}},"loc":{"start":{"line":84,"column":18},"end":{"line":101,"column":3}}},"9":{"name":"(anonymous_9)","decl":{"start":{"line":86,"column":23},"end":{"line":86,"column":24}},"loc":{"start":{"line":86,"column":43},"end":{"line":100,"column":5}}},"10":{"name":"(anonymous_10)","decl":{"start":{"line":89,"column":20},"end":{"line":89,"column":23}},"loc":{"start":{"line":89,"column":25},"end":{"line":97,"column":7}}},"11":{"name":"(anonymous_11)","decl":{"start":{"line":106,"column":2},"end":{"line":106,"column":8}},"loc":{"start":{"line":109,"column":20},"end":{"line":127,"column":3}}},"12":{"name":"(anonymous_12)","decl":{"start":{"line":132,"column":2},"end":{"line":132,"column":8}},"loc":{"start":{"line":132,"column":25},"end":{"line":134,"column":3}}},"13":{"name":"(anonymous_13)","decl":{"start":{"line":133,"column":23},"end":{"line":133,"column":30}},"loc":{"start":{"line":133,"column":34},"end":{"line":133,"column":57}}},"14":{"name":"(anonymous_14)","decl":{"start":{"line":139,"column":2},"end":{"line":139,"column":8}},"loc":{"start":{"line":141,"column":16},"end":{"line":149,"column":3}}},"15":{"name":"(anonymous_15)","decl":{"start":{"line":145,"column":11},"end":{"line":145,"column":12}},"loc":{"start":{"line":145,"column":38},"end":{"line":148,"column":5}}},"16":{"name":"(anonymous_16)","decl":{"start":{"line":147,"column":34},"end":{"line":147,"column":37}},"loc":{"start":{"line":147,"column":40},"end":{"line":147,"column":53}}},"17":{"name":"(anonymous_17)","decl":{"start":{"line":154,"column":2},"end":{"line":154,"column":8}},"loc":{"start":{"line":156,"column":16},"end":{"line":167,"column":3}}},"18":{"name":"(anonymous_18)","decl":{"start":{"line":160,"column":11},"end":{"line":160,"column":12}},"loc":{"start":{"line":160,"column":38},"end":{"line":166,"column":5}}},"19":{"name":"(anonymous_19)","decl":{"start":{"line":164,"column":19},"end":{"line":164,"column":22}},"loc":{"start":{"line":164,"column":25},"end":{"line":164,"column":43}}},"20":{"name":"(anonymous_20)","decl":{"start":{"line":177,"column":2},"end":{"line":177,"column":8}},"loc":{"start":{"line":179,"column":41},"end":{"line":182,"column":3}}},"21":{"name":"(anonymous_21)","decl":{"start":{"line":187,"column":2},"end":{"line":187,"column":8}},"loc":{"start":{"line":189,"column":41},"end":{"line":192,"column":3}}},"22":{"name":"(anonymous_22)","decl":{"start":{"line":197,"column":2},"end":{"line":197,"column":8}},"loc":{"start":{"line":197,"column":46},"end":{"line":205,"column":3}}},"23":{"name":"(anonymous_23)","decl":{"start":{"line":210,"column":2},"end":{"line":210,"column":8}},"loc":{"start":{"line":212,"column":18},"end":{"line":239,"column":3}}},"24":{"name":"(anonymous_24)","decl":{"start":{"line":214,"column":23},"end":{"line":214,"column":24}},"loc":{"start":{"line":214,"column":43},"end":{"line":238,"column":5}}},"25":{"name":"(anonymous_25)","decl":{"start":{"line":221,"column":44},"end":{"line":221,"column":47}},"loc":{"start":{"line":221,"column":49},"end":{"line":227,"column":7}}},"26":{"name":"(anonymous_26)","decl":{"start":{"line":234,"column":17},"end":{"line":234,"column":20}},"loc":{"start":{"line":234,"column":22},"end":{"line":237,"column":7}}},"27":{"name":"(anonymous_27)","decl":{"start":{"line":244,"column":2},"end":{"line":244,"column":8}},"loc":{"start":{"line":244,"column":60},"end":{"line":246,"column":3}}},"28":{"name":"(anonymous_28)","decl":{"start":{"line":251,"column":2},"end":{"line":251,"column":8}},"loc":{"start":{"line":251,"column":63},"end":{"line":253,"column":3}}},"29":{"name":"(anonymous_29)","decl":{"start":{"line":258,"column":2},"end":{"line":258,"column":8}},"loc":{"start":{"line":258,"column":77},"end":{"line":260,"column":3}}},"30":{"name":"(anonymous_30)","decl":{"start":{"line":270,"column":2},"end":{"line":270,"column":8}},"loc":{"start":{"line":270,"column":37},"end":{"line":276,"column":3}}},"31":{"name":"(anonymous_31)","decl":{"start":{"line":281,"column":2},"end":{"line":281,"column":8}},"loc":{"start":{"line":281,"column":44},"end":{"line":289,"column":3}}},"32":{"name":"(anonymous_32)","decl":{"start":{"line":294,"column":2},"end":{"line":294,"column":8}},"loc":{"start":{"line":294,"column":27},"end":{"line":300,"column":3}}},"33":{"name":"(anonymous_33)","decl":{"start":{"line":305,"column":2},"end":{"line":305,"column":8}},"loc":{"start":{"line":305,"column":24},"end":{"line":307,"column":3}}},"34":{"name":"(anonymous_34)","decl":{"start":{"line":312,"column":2},"end":{"line":312,"column":8}},"loc":{"start":{"line":312,"column":39},"end":{"line":320,"column":3}}},"35":{"name":"(anonymous_35)","decl":{"start":{"line":315,"column":16},"end":{"line":315,"column":19}},"loc":{"start":{"line":315,"column":23},"end":{"line":315,"column":45}}},"36":{"name":"(anonymous_36)","decl":{"start":{"line":316,"column":17},"end":{"line":316,"column":20}},"loc":{"start":{"line":316,"column":24},"end":{"line":316,"column":52}}},"37":{"name":"(anonymous_37)","decl":{"start":{"line":332,"column":2},"end":{"line":332,"column":8}},"loc":{"start":{"line":332,"column":31},"end":{"line":334,"column":3}}},"38":{"name":"(anonymous_38)","decl":{"start":{"line":339,"column":2},"end":{"line":339,"column":8}},"loc":{"start":{"line":339,"column":29},"end":{"line":349,"column":3}}},"39":{"name":"(anonymous_39)","decl":{"start":{"line":354,"column":2},"end":{"line":354,"column":8}},"loc":{"start":{"line":356,"column":24},"end":{"line":365,"column":3}}},"40":{"name":"(anonymous_40)","decl":{"start":{"line":370,"column":2},"end":{"line":370,"column":8}},"loc":{"start":{"line":372,"column":15},"end":{"line":381,"column":3}}},"41":{"name":"(anonymous_41)","decl":{"start":{"line":391,"column":2},"end":{"line":391,"column":8}},"loc":{"start":{"line":391,"column":35},"end":{"line":394,"column":3}}},"42":{"name":"(anonymous_42)","decl":{"start":{"line":399,"column":2},"end":{"line":399,"column":8}},"loc":{"start":{"line":399,"column":31},"end":{"line":406,"column":3}}},"43":{"name":"(anonymous_43)","decl":{"start":{"line":411,"column":2},"end":{"line":411,"column":8}},"loc":{"start":{"line":411,"column":33},"end":{"line":413,"column":3}}},"44":{"name":"(anonymous_44)","decl":{"start":{"line":418,"column":2},"end":{"line":418,"column":8}},"loc":{"start":{"line":418,"column":54},"end":{"line":420,"column":3}}},"45":{"name":"(anonymous_45)","decl":{"start":{"line":425,"column":2},"end":{"line":425,"column":8}},"loc":{"start":{"line":425,"column":54},"end":{"line":427,"column":3}}},"46":{"name":"(anonymous_46)","decl":{"start":{"line":432,"column":2},"end":{"line":432,"column":8}},"loc":{"start":{"line":434,"column":47},"end":{"line":437,"column":3}}},"47":{"name":"(anonymous_47)","decl":{"start":{"line":436,"column":28},"end":{"line":436,"column":37}},"loc":{"start":{"line":436,"column":41},"end":{"line":436,"column":57}}},"48":{"name":"(anonymous_48)","decl":{"start":{"line":447,"column":2},"end":{"line":447,"column":8}},"loc":{"start":{"line":447,"column":51},"end":{"line":453,"column":3}}},"49":{"name":"(anonymous_49)","decl":{"start":{"line":458,"column":2},"end":{"line":458,"column":8}},"loc":{"start":{"line":460,"column":28},"end":{"line":470,"column":3}}},"50":{"name":"(anonymous_50)","decl":{"start":{"line":462,"column":11},"end":{"line":462,"column":12}},"loc":{"start":{"line":462,"column":38},"end":{"line":469,"column":5}}},"51":{"name":"(anonymous_51)","decl":{"start":{"line":475,"column":2},"end":{"line":475,"column":8}},"loc":{"start":{"line":477,"column":16},"end":{"line":485,"column":3}}}},"branchMap":{"0":{"loc":{"start":{"line":18,"column":11},"end":{"line":18,"column":43}},"type":"binary-expr","locations":[{"start":{"line":18,"column":11},"end":{"line":18,"column":25}},{"start":{"line":18,"column":29},"end":{"line":18,"column":43}}]},"1":{"loc":{"start":{"line":22,"column":11},"end":{"line":22,"column":48}},"type":"binary-expr","locations":[{"start":{"line":22,"column":11},"end":{"line":22,"column":28}},{"start":{"line":22,"column":32},"end":{"line":22,"column":48}}]},"2":{"loc":{"start":{"line":31,"column":6},"end":{"line":34,"column":41}},"type":"binary-expr","locations":[{"start":{"line":31,"column":6},"end":{"line":31,"column":31}},{"start":{"line":32,"column":6},"end":{"line":32,"column":46}},{"start":{"line":33,"column":6},"end":{"line":33,"column":42}},{"start":{"line":34,"column":6},"end":{"line":34,"column":41}}]},"3":{"loc":{"start":{"line":49,"column":4},"end":{"line":49,"column":34}},"type":"default-arg","locations":[{"start":{"line":49,"column":26},"end":{"line":49,"column":34}}]},"4":{"loc":{"start":{"line":61,"column":4},"end":{"line":61,"column":34}},"type":"default-arg","locations":[{"start":{"line":61,"column":26},"end":{"line":61,"column":34}}]},"5":{"loc":{"start":{"line":83,"column":4},"end":{"line":83,"column":18}},"type":"default-arg","locations":[{"start":{"line":83,"column":14},"end":{"line":83,"column":18}}]},"6":{"loc":{"start":{"line":84,"column":4},"end":{"line":84,"column":18}},"type":"default-arg","locations":[{"start":{"line":84,"column":15},"end":{"line":84,"column":18}}]},"7":{"loc":{"start":{"line":90,"column":8},"end":{"line":96,"column":9}},"type":"if","locations":[{"start":{"line":90,"column":8},"end":{"line":96,"column":9}},{"start":{"line":92,"column":15},"end":{"line":96,"column":9}}]},"8":{"loc":{"start":{"line":92,"column":15},"end":{"line":96,"column":9}},"type":"if","locations":[{"start":{"line":92,"column":15},"end":{"line":96,"column":9}},{"start":{"line":94,"column":15},"end":{"line":96,"column":9}}]},"9":{"loc":{"start":{"line":108,"column":4},"end":{"line":108,"column":18}},"type":"default-arg","locations":[{"start":{"line":108,"column":17},"end":{"line":108,"column":18}}]},"10":{"loc":{"start":{"line":109,"column":4},"end":{"line":109,"column":20}},"type":"default-arg","locations":[{"start":{"line":109,"column":16},"end":{"line":109,"column":20}}]},"11":{"loc":{"start":{"line":117,"column":20},"end":{"line":117,"column":77}},"type":"cond-expr","locations":[{"start":{"line":117,"column":45},"end":{"line":117,"column":50}},{"start":{"line":117,"column":53},"end":{"line":117,"column":77}}]},"12":{"loc":{"start":{"line":119,"column":8},"end":{"line":122,"column":9}},"type":"if","locations":[{"start":{"line":119,"column":8},"end":{"line":122,"column":9}}]},"13":{"loc":{"start":{"line":161,"column":6},"end":{"line":165,"column":7}},"type":"if","locations":[{"start":{"line":161,"column":6},"end":{"line":165,"column":7}}]},"14":{"loc":{"start":{"line":179,"column":4},"end":{"line":179,"column":41}},"type":"default-arg","locations":[{"start":{"line":179,"column":33},"end":{"line":179,"column":41}}]},"15":{"loc":{"start":{"line":189,"column":4},"end":{"line":189,"column":41}},"type":"default-arg","locations":[{"start":{"line":189,"column":33},"end":{"line":189,"column":41}}]},"16":{"loc":{"start":{"line":200,"column":6},"end":{"line":203,"column":79}},"type":"binary-expr","locations":[{"start":{"line":200,"column":6},"end":{"line":200,"column":19}},{"start":{"line":201,"column":6},"end":{"line":201,"column":20}},{"start":{"line":202,"column":6},"end":{"line":202,"column":82}},{"start":{"line":203,"column":6},"end":{"line":203,"column":79}}]},"17":{"loc":{"start":{"line":202,"column":22},"end":{"line":202,"column":81}},"type":"binary-expr","locations":[{"start":{"line":202,"column":22},"end":{"line":202,"column":40}},{"start":{"line":202,"column":44},"end":{"line":202,"column":81}}]},"18":{"loc":{"start":{"line":203,"column":21},"end":{"line":203,"column":78}},"type":"binary-expr","locations":[{"start":{"line":203,"column":21},"end":{"line":203,"column":38}},{"start":{"line":203,"column":42},"end":{"line":203,"column":78}}]},"19":{"loc":{"start":{"line":212,"column":4},"end":{"line":212,"column":18}},"type":"default-arg","locations":[{"start":{"line":212,"column":14},"end":{"line":212,"column":18}}]},"20":{"loc":{"start":{"line":216,"column":6},"end":{"line":219,"column":7}},"type":"if","locations":[{"start":{"line":216,"column":6},"end":{"line":219,"column":7}}]},"21":{"loc":{"start":{"line":223,"column":8},"end":{"line":226,"column":9}},"type":"if","locations":[{"start":{"line":223,"column":8},"end":{"line":226,"column":9}}]},"22":{"loc":{"start":{"line":284,"column":13},"end":{"line":284,"column":51}},"type":"cond-expr","locations":[{"start":{"line":284,"column":20},"end":{"line":284,"column":36}},{"start":{"line":284,"column":39},"end":{"line":284,"column":51}}]},"23":{"loc":{"start":{"line":341,"column":4},"end":{"line":344,"column":5}},"type":"if","locations":[{"start":{"line":341,"column":4},"end":{"line":344,"column":5}}]},"24":{"loc":{"start":{"line":449,"column":4},"end":{"line":451,"column":5}},"type":"if","locations":[{"start":{"line":449,"column":4},"end":{"line":451,"column":5}}]}},"s":{"0":5,"1":4,"2":5,"3":2,"4":1,"5":1,"6":1,"7":1,"8":0,"9":1,"10":1,"11":1,"12":1,"13":2,"14":2,"15":2,"16":4,"17":1,"18":3,"19":1,"20":2,"21":2,"22":1,"23":1,"24":3,"25":3,"26":2,"27":2,"28":2,"29":2,"30":0,"31":3,"32":3,"33":1,"34":3,"35":3,"36":1,"37":1,"38":4,"39":2,"40":2,"41":2,"42":1,"43":1,"44":5,"45":1,"46":0,"47":0,"48":0,"49":0,"50":0,"51":0,"52":0,"53":0,"54":0,"55":0,"56":0,"57":0,"58":0,"59":0,"60":0,"61":0,"62":1,"63":1,"64":2,"65":1,"66":1,"67":1,"68":0,"69":2,"70":2,"71":2,"72":0,"73":0,"74":1,"75":1,"76":0,"77":0,"78":0,"79":0,"80":0,"81":0,"82":0,"83":1,"84":3,"85":3,"86":3,"87":0,"88":0,"89":3,"90":3,"91":3,"92":1,"93":1,"94":1,"95":1,"96":1,"97":1,"98":1,"99":1,"100":1,"101":1,"102":1,"103":1,"104":5,"105":5,"106":5,"107":5,"108":3,"109":2,"110":7,"111":5,"112":4,"113":3,"114":8,"115":1,"116":1,"117":1,"118":1,"119":1,"120":1,"121":1,"122":1,"123":1,"124":1,"125":1,"126":1,"127":1,"128":1,"129":1},"f":{"0":5,"1":4,"2":5,"3":2,"4":1,"5":1,"6":0,"7":1,"8":2,"9":2,"10":4,"11":1,"12":3,"13":3,"14":1,"15":3,"16":1,"17":1,"18":4,"19":1,"20":5,"21":1,"22":0,"23":0,"24":0,"25":0,"26":0,"27":1,"28":1,"29":2,"30":1,"31":2,"32":1,"33":0,"34":0,"35":0,"36":0,"37":3,"38":3,"39":1,"40":1,"41":5,"42":5,"43":7,"44":5,"45":4,"46":3,"47":8,"48":1,"49":1,"50":1,"51":1},"b":{"0":[5,4],"1":[4,3],"2":[2,2,1,1],"3":[0],"4":[0],"5":[0],"6":[2],"7":[1,3],"8":[1,2],"9":[0],"10":[0],"11":[2,0],"12":[2],"13":[2],"14":[5],"15":[1],"16":[0,0,0,0],"17":[0,0],"18":[0,0],"19":[0],"20":[0],"21":[0],"22":[1,1],"23":[0],"24":[1]}}
}
