TN:
SF:src\components\PortfolioManager.ts
FN:43,(anonymous_0)
FN:295,(anonymous_1)
FN:44,(anonymous_2)
FN:53,(anonymous_3)
FN:94,(anonymous_4)
FN:95,(anonymous_5)
FN:97,(anonymous_6)
FN:107,(anonymous_7)
FN:121,(anonymous_8)
FN:141,(anonymous_9)
FN:142,(anonymous_10)
FN:143,(anonymous_11)
FN:155,(anonymous_12)
FN:166,(anonymous_13)
FN:191,(anonymous_14)
FN:200,(anonymous_15)
FN:209,(anonymous_16)
FN:218,(anonymous_17)
FN:227,(anonymous_18)
FN:234,(anonymous_19)
FN:241,(anonymous_20)
FN:244,(anonymous_21)
FN:251,(anonymous_22)
FN:260,(anonymous_23)
FN:263,(anonymous_24)
FN:264,(anonymous_25)
FN:273,(anonymous_26)
FN:285,(anonymous_27)
FN:287,(anonymous_28)
FN:314,(anonymous_29)
FN:316,(anonymous_30)
FN:320,(anonymous_31)
FN:330,(anonymous_32)
FN:332,(anonymous_33)
FN:342,(anonymous_34)
FN:352,(anonymous_35)
FN:355,(anonymous_36)
FN:363,(anonymous_37)
FN:371,(anonymous_38)
FN:386,(anonymous_39)
FN:388,(anonymous_40)
FN:401,(anonymous_41)
FN:403,(anonymous_42)
FN:408,(anonymous_43)
FN:420,(anonymous_44)
FN:422,(anonymous_45)
FN:429,(anonymous_46)
FN:438,(anonymous_47)
FN:440,(anonymous_48)
FN:452,(anonymous_49)
FN:462,(anonymous_50)
FN:464,(anonymous_51)
FN:473,(anonymous_52)
FN:482,(anonymous_53)
FN:491,(anonymous_54)
FN:493,(anonymous_55)
FN:503,(anonymous_56)
FN:513,(anonymous_57)
FN:516,(anonymous_58)
FN:518,(anonymous_59)
FN:528,(anonymous_60)
FN:539,(anonymous_61)
FN:549,(anonymous_62)
FN:562,(anonymous_63)
FN:593,(anonymous_64)
FN:598,(anonymous_65)
FN:609,(anonymous_66)
FN:613,(anonymous_67)
FN:618,(anonymous_68)
FN:622,(anonymous_69)
FN:626,(anonymous_70)
FNF:71
FNH:0
FNDA:0,(anonymous_0)
FNDA:0,(anonymous_1)
FNDA:0,(anonymous_2)
FNDA:0,(anonymous_3)
FNDA:0,(anonymous_4)
FNDA:0,(anonymous_5)
FNDA:0,(anonymous_6)
FNDA:0,(anonymous_7)
FNDA:0,(anonymous_8)
FNDA:0,(anonymous_9)
FNDA:0,(anonymous_10)
FNDA:0,(anonymous_11)
FNDA:0,(anonymous_12)
FNDA:0,(anonymous_13)
FNDA:0,(anonymous_14)
FNDA:0,(anonymous_15)
FNDA:0,(anonymous_16)
FNDA:0,(anonymous_17)
FNDA:0,(anonymous_18)
FNDA:0,(anonymous_19)
FNDA:0,(anonymous_20)
FNDA:0,(anonymous_21)
FNDA:0,(anonymous_22)
FNDA:0,(anonymous_23)
FNDA:0,(anonymous_24)
FNDA:0,(anonymous_25)
FNDA:0,(anonymous_26)
FNDA:0,(anonymous_27)
FNDA:0,(anonymous_28)
FNDA:0,(anonymous_29)
FNDA:0,(anonymous_30)
FNDA:0,(anonymous_31)
FNDA:0,(anonymous_32)
FNDA:0,(anonymous_33)
FNDA:0,(anonymous_34)
FNDA:0,(anonymous_35)
FNDA:0,(anonymous_36)
FNDA:0,(anonymous_37)
FNDA:0,(anonymous_38)
FNDA:0,(anonymous_39)
FNDA:0,(anonymous_40)
FNDA:0,(anonymous_41)
FNDA:0,(anonymous_42)
FNDA:0,(anonymous_43)
FNDA:0,(anonymous_44)
FNDA:0,(anonymous_45)
FNDA:0,(anonymous_46)
FNDA:0,(anonymous_47)
FNDA:0,(anonymous_48)
FNDA:0,(anonymous_49)
FNDA:0,(anonymous_50)
FNDA:0,(anonymous_51)
FNDA:0,(anonymous_52)
FNDA:0,(anonymous_53)
FNDA:0,(anonymous_54)
FNDA:0,(anonymous_55)
FNDA:0,(anonymous_56)
FNDA:0,(anonymous_57)
FNDA:0,(anonymous_58)
FNDA:0,(anonymous_59)
FNDA:0,(anonymous_60)
FNDA:0,(anonymous_61)
FNDA:0,(anonymous_62)
FNDA:0,(anonymous_63)
FNDA:0,(anonymous_64)
FNDA:0,(anonymous_65)
FNDA:0,(anonymous_66)
FNDA:0,(anonymous_67)
FNDA:0,(anonymous_68)
FNDA:0,(anonymous_69)
FNDA:0,(anonymous_70)
DA:15,0
DA:16,0
DA:22,0
DA:44,0
DA:45,0
DA:46,0
DA:54,0
DA:55,0
DA:57,0
DA:58,0
DA:61,0
DA:64,0
DA:65,0
DA:66,0
DA:69,0
DA:72,0
DA:75,0
DA:77,0
DA:78,0
DA:79,0
DA:82,0
DA:85,0
DA:86,0
DA:87,0
DA:95,0
DA:96,0
DA:97,0
DA:99,0
DA:108,0
DA:111,0
DA:112,0
DA:113,0
DA:114,0
DA:115,0
DA:118,0
DA:121,0
DA:122,0
DA:123,0
DA:124,0
DA:125,0
DA:127,0
DA:132,0
DA:135,0
DA:142,0
DA:143,0
DA:144,0
DA:145,0
DA:146,0
DA:148,0
DA:152,0
DA:155,0
DA:156,0
DA:157,0
DA:167,0
DA:169,0
DA:171,0
DA:172,0
DA:174,0
DA:175,0
DA:177,0
DA:178,0
DA:180,0
DA:181,0
DA:183,0
DA:184,0
DA:192,0
DA:193,0
DA:194,0
DA:201,0
DA:202,0
DA:203,0
DA:210,0
DA:211,0
DA:219,0
DA:220,0
DA:228,0
DA:235,0
DA:242,0
DA:243,0
DA:244,0
DA:252,0
DA:253,0
DA:261,0
DA:263,0
DA:264,0
DA:265,0
DA:266,0
DA:267,0
DA:268,0
DA:273,0
DA:274,0
DA:275,0
DA:276,0
DA:277,0
DA:278,0
DA:286,0
DA:287,0
DA:288,0
DA:295,0
DA:296,0
DA:297,0
DA:298,0
DA:300,0
DA:301,0
DA:302,0
DA:303,0
DA:315,0
DA:316,0
DA:317,0
DA:318,0
DA:319,0
DA:320,0
DA:321,0
DA:331,0
DA:332,0
DA:333,0
DA:334,0
DA:335,0
DA:343,0
DA:344,0
DA:345,0
DA:346,0
DA:353,0
DA:355,0
DA:356,0
DA:357,0
DA:363,0
DA:364,0
DA:365,0
DA:371,0
DA:372,0
DA:373,0
DA:374,0
DA:387,0
DA:388,0
DA:389,0
DA:390,0
DA:391,0
DA:392,0
DA:402,0
DA:403,0
DA:404,0
DA:405,0
DA:408,0
DA:409,0
DA:410,0
DA:421,0
DA:422,0
DA:423,0
DA:424,0
DA:426,0
DA:429,0
DA:430,0
DA:440,0
DA:441,0
DA:442,0
DA:443,0
DA:452,0
DA:453,0
DA:454,0
DA:456,0
DA:462,0
DA:463,0
DA:464,0
DA:465,0
DA:474,0
DA:475,0
DA:483,0
DA:484,0
DA:493,0
DA:494,0
DA:495,0
DA:504,0
DA:505,0
DA:506,0
DA:514,0
DA:515,0
DA:516,0
DA:517,0
DA:518,0
DA:519,0
DA:529,0
DA:530,0
DA:532,0
DA:540,0
DA:541,0
DA:542,0
DA:543,0
DA:544,0
DA:545,0
DA:548,0
DA:549,0
DA:563,0
DA:566,0
DA:567,0
DA:578,0
DA:579,0
DA:582,0
DA:585,0
DA:586,0
DA:595,0
DA:598,0
DA:599,0
DA:600,0
DA:603,0
DA:605,0
DA:606,0
DA:610,0
DA:614,0
DA:615,0
DA:619,0
DA:623,0
DA:627,0
DA:628,0
DA:629,0
DA:630,0
DA:631,0
DA:636,0
LF:218
LH:0
BRDA:300,0,0,0
BRDA:302,1,0,0
BRDA:86,2,0,0
BRDA:86,2,1,0
BRDA:96,3,0,0
BRDA:96,3,1,0
BRDA:123,4,0,0
BRDA:123,4,1,0
BRDA:141,5,0,0
BRDA:145,6,0,0
BRDA:145,6,1,0
BRDA:156,7,0,0
BRDA:169,8,0,0
BRDA:169,8,1,0
BRDA:169,8,2,0
BRDA:169,8,3,0
BRDA:169,8,4,0
BRDA:193,9,0,0
BRDA:193,9,1,0
BRDA:210,10,0,0
BRDA:219,11,0,0
BRDA:242,12,0,0
BRDA:252,13,0,0
BRDA:265,14,0,0
BRDA:319,15,0,0
BRDA:353,16,0,0
BRDA:373,17,0,0
BRDA:387,18,0,0
BRDA:387,19,0,0
BRDA:387,19,1,0
BRDA:389,20,0,0
BRDA:389,20,1,0
BRDA:391,21,0,0
BRDA:402,22,0,0
BRDA:409,23,0,0
BRDA:421,24,0,0
BRDA:423,25,0,0
BRDA:442,26,0,0
BRDA:453,27,0,0
BRDA:453,27,1,0
BRDA:474,28,0,0
BRDA:474,29,0,0
BRDA:474,29,1,0
BRDA:483,30,0,0
BRDA:483,31,0,0
BRDA:483,31,1,0
BRDA:494,32,0,0
BRDA:505,33,0,0
BRDA:515,34,0,0
BRDA:528,35,0,0
BRDA:529,36,0,0
BRDA:529,36,1,0
BRDA:540,37,0,0
BRDA:544,38,0,0
BRDA:544,38,1,0
BRDA:545,39,0,0
BRDA:545,39,1,0
BRDA:585,40,0,0
BRDA:599,41,0,0
BRDA:619,42,0,0
BRDA:619,42,1,0
BRF:61
BRH:0
end_of_record
TN:
SF:src\utils\helpers.ts
FN:17,(anonymous_0)
FN:21,(anonymous_1)
FN:25,(anonymous_2)
FN:29,(anonymous_3)
FN:46,(anonymous_4)
FN:58,(anonymous_5)
FN:63,(anonymous_6)
FN:70,(anonymous_7)
FN:81,(anonymous_8)
FN:86,(anonymous_9)
FN:89,(anonymous_10)
FN:106,(anonymous_11)
FN:132,(anonymous_12)
FN:133,(anonymous_13)
FN:139,(anonymous_14)
FN:145,(anonymous_15)
FN:147,(anonymous_16)
FN:154,(anonymous_17)
FN:160,(anonymous_18)
FN:164,(anonymous_19)
FN:177,(anonymous_20)
FN:187,(anonymous_21)
FN:197,(anonymous_22)
FN:210,(anonymous_23)
FN:214,(anonymous_24)
FN:221,(anonymous_25)
FN:234,(anonymous_26)
FN:244,(anonymous_27)
FN:251,(anonymous_28)
FN:258,(anonymous_29)
FN:270,(anonymous_30)
FN:281,(anonymous_31)
FN:294,(anonymous_32)
FN:305,(anonymous_33)
FN:312,(anonymous_34)
FN:315,(anonymous_35)
FN:316,(anonymous_36)
FN:332,(anonymous_37)
FN:339,(anonymous_38)
FN:354,(anonymous_39)
FN:370,(anonymous_40)
FN:391,(anonymous_41)
FN:399,(anonymous_42)
FN:411,(anonymous_43)
FN:418,(anonymous_44)
FN:425,(anonymous_45)
FN:432,(anonymous_46)
FN:436,(anonymous_47)
FN:447,(anonymous_48)
FN:458,(anonymous_49)
FN:462,(anonymous_50)
FN:475,(anonymous_51)
FNF:52
FNH:42
FNDA:5,(anonymous_0)
FNDA:4,(anonymous_1)
FNDA:5,(anonymous_2)
FNDA:2,(anonymous_3)
FNDA:1,(anonymous_4)
FNDA:1,(anonymous_5)
FNDA:0,(anonymous_6)
FNDA:1,(anonymous_7)
FNDA:2,(anonymous_8)
FNDA:2,(anonymous_9)
FNDA:4,(anonymous_10)
FNDA:1,(anonymous_11)
FNDA:3,(anonymous_12)
FNDA:3,(anonymous_13)
FNDA:1,(anonymous_14)
FNDA:3,(anonymous_15)
FNDA:1,(anonymous_16)
FNDA:1,(anonymous_17)
FNDA:4,(anonymous_18)
FNDA:1,(anonymous_19)
FNDA:5,(anonymous_20)
FNDA:1,(anonymous_21)
FNDA:0,(anonymous_22)
FNDA:0,(anonymous_23)
FNDA:0,(anonymous_24)
FNDA:0,(anonymous_25)
FNDA:0,(anonymous_26)
FNDA:1,(anonymous_27)
FNDA:1,(anonymous_28)
FNDA:2,(anonymous_29)
FNDA:1,(anonymous_30)
FNDA:2,(anonymous_31)
FNDA:1,(anonymous_32)
FNDA:0,(anonymous_33)
FNDA:0,(anonymous_34)
FNDA:0,(anonymous_35)
FNDA:0,(anonymous_36)
FNDA:3,(anonymous_37)
FNDA:3,(anonymous_38)
FNDA:1,(anonymous_39)
FNDA:1,(anonymous_40)
FNDA:5,(anonymous_41)
FNDA:5,(anonymous_42)
FNDA:7,(anonymous_43)
FNDA:5,(anonymous_44)
FNDA:4,(anonymous_45)
FNDA:3,(anonymous_46)
FNDA:8,(anonymous_47)
FNDA:1,(anonymous_48)
FNDA:1,(anonymous_49)
FNDA:1,(anonymous_50)
FNDA:1,(anonymous_51)
DA:16,1
DA:18,5
DA:22,4
DA:26,5
DA:30,2
DA:42,1
DA:51,1
DA:52,1
DA:63,1
DA:64,0
DA:67,1
DA:70,1
DA:77,1
DA:86,2
DA:87,2
DA:89,2
DA:90,4
DA:91,1
DA:92,3
DA:93,1
DA:95,2
DA:99,2
DA:113,1
DA:114,3
DA:115,3
DA:117,2
DA:119,2
DA:120,2
DA:121,2
DA:126,0
DA:133,3
DA:145,1
DA:146,3
DA:147,3
DA:160,1
DA:161,4
DA:162,2
DA:163,2
DA:164,2
DA:173,1
DA:181,5
DA:191,1
DA:198,0
DA:199,0
DA:214,0
DA:215,0
DA:216,0
DA:217,0
DA:218,0
DA:221,0
DA:222,0
DA:223,0
DA:224,0
DA:225,0
DA:229,0
DA:234,0
DA:235,0
DA:236,0
DA:245,1
DA:252,1
DA:259,2
DA:266,1
DA:271,1
DA:272,1
DA:274,0
DA:282,2
DA:283,2
DA:284,2
DA:286,0
DA:287,0
DA:295,1
DA:296,1
DA:298,0
DA:306,0
DA:313,0
DA:314,0
DA:315,0
DA:316,0
DA:318,0
DA:326,1
DA:327,1
DA:333,3
DA:340,3
DA:341,3
DA:342,0
DA:343,0
DA:346,3
DA:347,3
DA:348,3
DA:358,1
DA:359,1
DA:360,1
DA:362,1
DA:364,1
DA:374,1
DA:375,1
DA:376,1
DA:378,1
DA:380,1
DA:387,1
DA:392,5
DA:393,5
DA:400,5
DA:401,5
DA:402,3
DA:404,2
DA:412,7
DA:419,5
DA:426,4
DA:436,8
DA:443,1
DA:448,1
DA:449,1
DA:450,1
DA:452,1
DA:462,1
DA:463,1
DA:464,1
DA:466,1
DA:467,1
DA:479,1
DA:480,1
DA:482,1
DA:483,1
LF:124
LH:94
BRDA:18,0,0,5
BRDA:18,0,1,4
BRDA:22,1,0,4
BRDA:22,1,1,3
BRDA:31,2,0,2
BRDA:31,2,1,2
BRDA:31,2,2,1
BRDA:31,2,3,1
BRDA:49,3,0,0
BRDA:61,4,0,0
BRDA:83,5,0,0
BRDA:84,6,0,2
BRDA:90,7,0,1
BRDA:90,7,1,3
BRDA:92,8,0,1
BRDA:92,8,1,2
BRDA:108,9,0,0
BRDA:109,10,0,0
BRDA:117,11,0,2
BRDA:117,11,1,0
BRDA:119,12,0,2
BRDA:161,13,0,2
BRDA:179,14,0,5
BRDA:189,15,0,1
BRDA:200,16,0,0
BRDA:200,16,1,0
BRDA:200,16,2,0
BRDA:200,16,3,0
BRDA:202,17,0,0
BRDA:202,17,1,0
BRDA:203,18,0,0
BRDA:203,18,1,0
BRDA:212,19,0,0
BRDA:216,20,0,0
BRDA:223,21,0,0
BRDA:284,22,0,1
BRDA:284,22,1,1
BRDA:341,23,0,0
BRDA:449,24,0,1
BRF:39
BRH:21
end_of_record
