TN:
SF:src\components\PortfolioManager.ts
FN:44,(anonymous_0)
FN:302,(anonymous_1)
FN:45,(anonymous_2)
FN:54,(anonymous_3)
FN:94,(anonymous_4)
FN:95,(anonymous_5)
FN:97,(anonymous_6)
FN:107,(anonymous_7)
FN:121,(anonymous_8)
FN:141,(anonymous_9)
FN:146,(anonymous_10)
FN:147,(anonymous_11)
FN:159,(anonymous_12)
FN:170,(anonymous_13)
FN:195,(anonymous_14)
FN:204,(anonymous_15)
FN:213,(anonymous_16)
FN:222,(anonymous_17)
FN:231,(anonymous_18)
FN:238,(anonymous_19)
FN:245,(anonymous_20)
FN:248,(anonymous_21)
FN:255,(anonymous_22)
FN:264,(anonymous_23)
FN:268,(anonymous_24)
FN:269,(anonymous_25)
FN:280,(anonymous_26)
FN:292,(anonymous_27)
FN:294,(anonymous_28)
FN:321,(anonymous_29)
FN:323,(anonymous_30)
FN:327,(anonymous_31)
FN:337,(anonymous_32)
FN:339,(anonymous_33)
FN:349,(anonymous_34)
FN:359,(anonymous_35)
FN:362,(anonymous_36)
FN:370,(anonymous_37)
FN:378,(anonymous_38)
FN:393,(anonymous_39)
FN:395,(anonymous_40)
FN:408,(anonymous_41)
FN:410,(anonymous_42)
FN:415,(anonymous_43)
FN:427,(anonymous_44)
FN:429,(anonymous_45)
FN:436,(anonymous_46)
FN:445,(anonymous_47)
FN:447,(anonymous_48)
FN:459,(anonymous_49)
FN:469,(anonymous_50)
FN:471,(anonymous_51)
FN:480,(anonymous_52)
FN:489,(anonymous_53)
FN:498,(anonymous_54)
FN:500,(anonymous_55)
FN:510,(anonymous_56)
FN:520,(anonymous_57)
FN:523,(anonymous_58)
FN:525,(anonymous_59)
FN:535,(anonymous_60)
FN:546,(anonymous_61)
FN:556,(anonymous_62)
FN:569,(anonymous_63)
FN:600,(anonymous_64)
FN:605,(anonymous_65)
FN:616,(anonymous_66)
FN:620,(anonymous_67)
FN:625,(anonymous_68)
FN:629,(anonymous_69)
FN:633,(anonymous_70)
FNF:71
FNH:0
FNDA:0,(anonymous_0)
FNDA:0,(anonymous_1)
FNDA:0,(anonymous_2)
FNDA:0,(anonymous_3)
FNDA:0,(anonymous_4)
FNDA:0,(anonymous_5)
FNDA:0,(anonymous_6)
FNDA:0,(anonymous_7)
FNDA:0,(anonymous_8)
FNDA:0,(anonymous_9)
FNDA:0,(anonymous_10)
FNDA:0,(anonymous_11)
FNDA:0,(anonymous_12)
FNDA:0,(anonymous_13)
FNDA:0,(anonymous_14)
FNDA:0,(anonymous_15)
FNDA:0,(anonymous_16)
FNDA:0,(anonymous_17)
FNDA:0,(anonymous_18)
FNDA:0,(anonymous_19)
FNDA:0,(anonymous_20)
FNDA:0,(anonymous_21)
FNDA:0,(anonymous_22)
FNDA:0,(anonymous_23)
FNDA:0,(anonymous_24)
FNDA:0,(anonymous_25)
FNDA:0,(anonymous_26)
FNDA:0,(anonymous_27)
FNDA:0,(anonymous_28)
FNDA:0,(anonymous_29)
FNDA:0,(anonymous_30)
FNDA:0,(anonymous_31)
FNDA:0,(anonymous_32)
FNDA:0,(anonymous_33)
FNDA:0,(anonymous_34)
FNDA:0,(anonymous_35)
FNDA:0,(anonymous_36)
FNDA:0,(anonymous_37)
FNDA:0,(anonymous_38)
FNDA:0,(anonymous_39)
FNDA:0,(anonymous_40)
FNDA:0,(anonymous_41)
FNDA:0,(anonymous_42)
FNDA:0,(anonymous_43)
FNDA:0,(anonymous_44)
FNDA:0,(anonymous_45)
FNDA:0,(anonymous_46)
FNDA:0,(anonymous_47)
FNDA:0,(anonymous_48)
FNDA:0,(anonymous_49)
FNDA:0,(anonymous_50)
FNDA:0,(anonymous_51)
FNDA:0,(anonymous_52)
FNDA:0,(anonymous_53)
FNDA:0,(anonymous_54)
FNDA:0,(anonymous_55)
FNDA:0,(anonymous_56)
FNDA:0,(anonymous_57)
FNDA:0,(anonymous_58)
FNDA:0,(anonymous_59)
FNDA:0,(anonymous_60)
FNDA:0,(anonymous_61)
FNDA:0,(anonymous_62)
FNDA:0,(anonymous_63)
FNDA:0,(anonymous_64)
FNDA:0,(anonymous_65)
FNDA:0,(anonymous_66)
FNDA:0,(anonymous_67)
FNDA:0,(anonymous_68)
FNDA:0,(anonymous_69)
FNDA:0,(anonymous_70)
DA:16,0
DA:17,0
DA:23,0
DA:45,0
DA:46,0
DA:47,0
DA:55,0
DA:56,0
DA:58,0
DA:59,0
DA:62,0
DA:65,0
DA:66,0
DA:67,0
DA:70,0
DA:73,0
DA:76,0
DA:78,0
DA:79,0
DA:80,0
DA:83,0
DA:85,0
DA:86,0
DA:87,0
DA:95,0
DA:96,0
DA:97,0
DA:99,0
DA:108,0
DA:111,0
DA:112,0
DA:113,0
DA:114,0
DA:115,0
DA:118,0
DA:121,0
DA:122,0
DA:123,0
DA:124,0
DA:125,0
DA:127,0
DA:132,0
DA:135,0
DA:146,0
DA:147,0
DA:148,0
DA:149,0
DA:150,0
DA:152,0
DA:156,0
DA:159,0
DA:160,0
DA:161,0
DA:171,0
DA:173,0
DA:175,0
DA:176,0
DA:178,0
DA:179,0
DA:181,0
DA:182,0
DA:184,0
DA:185,0
DA:187,0
DA:188,0
DA:196,0
DA:197,0
DA:198,0
DA:205,0
DA:206,0
DA:207,0
DA:214,0
DA:215,0
DA:223,0
DA:224,0
DA:232,0
DA:239,0
DA:246,0
DA:247,0
DA:248,0
DA:256,0
DA:257,0
DA:265,0
DA:267,0
DA:269,0
DA:270,0
DA:271,0
DA:272,0
DA:273,0
DA:280,0
DA:281,0
DA:282,0
DA:283,0
DA:284,0
DA:285,0
DA:293,0
DA:294,0
DA:295,0
DA:302,0
DA:303,0
DA:304,0
DA:305,0
DA:307,0
DA:308,0
DA:309,0
DA:310,0
DA:322,0
DA:323,0
DA:324,0
DA:325,0
DA:326,0
DA:327,0
DA:328,0
DA:338,0
DA:339,0
DA:340,0
DA:341,0
DA:342,0
DA:350,0
DA:351,0
DA:352,0
DA:353,0
DA:360,0
DA:362,0
DA:363,0
DA:364,0
DA:370,0
DA:371,0
DA:372,0
DA:378,0
DA:379,0
DA:380,0
DA:381,0
DA:394,0
DA:395,0
DA:396,0
DA:397,0
DA:398,0
DA:399,0
DA:409,0
DA:410,0
DA:411,0
DA:412,0
DA:415,0
DA:416,0
DA:417,0
DA:428,0
DA:429,0
DA:430,0
DA:431,0
DA:433,0
DA:436,0
DA:437,0
DA:447,0
DA:448,0
DA:449,0
DA:450,0
DA:459,0
DA:460,0
DA:461,0
DA:463,0
DA:469,0
DA:470,0
DA:471,0
DA:472,0
DA:481,0
DA:482,0
DA:490,0
DA:491,0
DA:500,0
DA:501,0
DA:502,0
DA:511,0
DA:512,0
DA:513,0
DA:521,0
DA:522,0
DA:523,0
DA:524,0
DA:525,0
DA:526,0
DA:536,0
DA:537,0
DA:539,0
DA:547,0
DA:548,0
DA:549,0
DA:550,0
DA:551,0
DA:552,0
DA:555,0
DA:556,0
DA:570,0
DA:573,0
DA:574,0
DA:585,0
DA:586,0
DA:589,0
DA:592,0
DA:593,0
DA:602,0
DA:605,0
DA:606,0
DA:607,0
DA:610,0
DA:612,0
DA:613,0
DA:617,0
DA:621,0
DA:622,0
DA:626,0
DA:630,0
DA:634,0
DA:635,0
DA:636,0
DA:637,0
DA:638,0
DA:643,0
LF:218
LH:0
BRDA:307,0,0,0
BRDA:309,1,0,0
BRDA:86,2,0,0
BRDA:86,2,1,0
BRDA:96,3,0,0
BRDA:96,3,1,0
BRDA:123,4,0,0
BRDA:123,4,1,0
BRDA:144,5,0,0
BRDA:149,6,0,0
BRDA:149,6,1,0
BRDA:160,7,0,0
BRDA:173,8,0,0
BRDA:173,8,1,0
BRDA:173,8,2,0
BRDA:173,8,3,0
BRDA:173,8,4,0
BRDA:197,9,0,0
BRDA:197,9,1,0
BRDA:214,10,0,0
BRDA:223,11,0,0
BRDA:246,12,0,0
BRDA:256,13,0,0
BRDA:270,14,0,0
BRDA:326,15,0,0
BRDA:360,16,0,0
BRDA:380,17,0,0
BRDA:394,18,0,0
BRDA:394,19,0,0
BRDA:394,19,1,0
BRDA:396,20,0,0
BRDA:396,20,1,0
BRDA:398,21,0,0
BRDA:409,22,0,0
BRDA:416,23,0,0
BRDA:428,24,0,0
BRDA:430,25,0,0
BRDA:449,26,0,0
BRDA:460,27,0,0
BRDA:460,27,1,0
BRDA:481,28,0,0
BRDA:481,29,0,0
BRDA:481,29,1,0
BRDA:490,30,0,0
BRDA:490,31,0,0
BRDA:490,31,1,0
BRDA:501,32,0,0
BRDA:512,33,0,0
BRDA:522,34,0,0
BRDA:535,35,0,0
BRDA:536,36,0,0
BRDA:536,36,1,0
BRDA:547,37,0,0
BRDA:551,38,0,0
BRDA:551,38,1,0
BRDA:552,39,0,0
BRDA:552,39,1,0
BRDA:592,40,0,0
BRDA:606,41,0,0
BRDA:626,42,0,0
BRDA:626,42,1,0
BRF:61
BRH:0
end_of_record
TN:
SF:src\utils\helpers.ts
FN:18,(anonymous_0)
FN:22,(anonymous_1)
FN:26,(anonymous_2)
FN:30,(anonymous_3)
FN:47,(anonymous_4)
FN:59,(anonymous_5)
FN:64,(anonymous_6)
FN:71,(anonymous_7)
FN:82,(anonymous_8)
FN:83,(anonymous_9)
FN:86,(anonymous_10)
FN:103,(anonymous_11)
FN:125,(anonymous_12)
FN:126,(anonymous_13)
FN:132,(anonymous_14)
FN:138,(anonymous_15)
FN:140,(anonymous_16)
FN:147,(anonymous_17)
FN:153,(anonymous_18)
FN:157,(anonymous_19)
FN:170,(anonymous_20)
FN:180,(anonymous_21)
FN:190,(anonymous_22)
FN:203,(anonymous_23)
FN:204,(anonymous_24)
FN:211,(anonymous_25)
FN:224,(anonymous_26)
FN:234,(anonymous_27)
FN:241,(anonymous_28)
FN:248,(anonymous_29)
FN:260,(anonymous_30)
FN:271,(anonymous_31)
FN:284,(anonymous_32)
FN:295,(anonymous_33)
FN:302,(anonymous_34)
FN:305,(anonymous_35)
FN:306,(anonymous_36)
FN:322,(anonymous_37)
FN:329,(anonymous_38)
FN:344,(anonymous_39)
FN:360,(anonymous_40)
FN:378,(anonymous_41)
FN:386,(anonymous_42)
FN:398,(anonymous_43)
FN:405,(anonymous_44)
FN:412,(anonymous_45)
FN:419,(anonymous_46)
FN:420,(anonymous_47)
FN:431,(anonymous_48)
FN:442,(anonymous_49)
FN:446,(anonymous_50)
FN:459,(anonymous_51)
FNF:52
FNH:42
FNDA:5,(anonymous_0)
FNDA:4,(anonymous_1)
FNDA:5,(anonymous_2)
FNDA:2,(anonymous_3)
FNDA:1,(anonymous_4)
FNDA:1,(anonymous_5)
FNDA:0,(anonymous_6)
FNDA:1,(anonymous_7)
FNDA:2,(anonymous_8)
FNDA:2,(anonymous_9)
FNDA:5,(anonymous_10)
FNDA:1,(anonymous_11)
FNDA:3,(anonymous_12)
FNDA:3,(anonymous_13)
FNDA:1,(anonymous_14)
FNDA:3,(anonymous_15)
FNDA:1,(anonymous_16)
FNDA:1,(anonymous_17)
FNDA:4,(anonymous_18)
FNDA:1,(anonymous_19)
FNDA:5,(anonymous_20)
FNDA:1,(anonymous_21)
FNDA:0,(anonymous_22)
FNDA:0,(anonymous_23)
FNDA:0,(anonymous_24)
FNDA:0,(anonymous_25)
FNDA:0,(anonymous_26)
FNDA:1,(anonymous_27)
FNDA:1,(anonymous_28)
FNDA:2,(anonymous_29)
FNDA:1,(anonymous_30)
FNDA:2,(anonymous_31)
FNDA:1,(anonymous_32)
FNDA:0,(anonymous_33)
FNDA:0,(anonymous_34)
FNDA:0,(anonymous_35)
FNDA:0,(anonymous_36)
FNDA:3,(anonymous_37)
FNDA:3,(anonymous_38)
FNDA:1,(anonymous_39)
FNDA:1,(anonymous_40)
FNDA:5,(anonymous_41)
FNDA:5,(anonymous_42)
FNDA:7,(anonymous_43)
FNDA:5,(anonymous_44)
FNDA:4,(anonymous_45)
FNDA:3,(anonymous_46)
FNDA:8,(anonymous_47)
FNDA:1,(anonymous_48)
FNDA:1,(anonymous_49)
FNDA:1,(anonymous_50)
FNDA:1,(anonymous_51)
DA:12,1
DA:17,1
DA:19,5
DA:23,4
DA:27,5
DA:31,2
DA:43,1
DA:52,1
DA:53,1
DA:64,1
DA:65,0
DA:68,1
DA:71,1
DA:78,1
DA:83,2
DA:84,2
DA:86,2
DA:87,5
DA:88,1
DA:89,4
DA:90,1
DA:92,3
DA:96,2
DA:106,1
DA:107,3
DA:108,3
DA:110,2
DA:112,2
DA:113,2
DA:114,2
DA:119,0
DA:126,3
DA:138,1
DA:139,3
DA:140,3
DA:153,1
DA:154,4
DA:155,2
DA:156,2
DA:157,2
DA:166,1
DA:174,5
DA:184,1
DA:191,0
DA:192,0
DA:204,0
DA:205,0
DA:206,0
DA:207,0
DA:208,0
DA:211,0
DA:212,0
DA:213,0
DA:214,0
DA:215,0
DA:219,0
DA:224,0
DA:225,0
DA:226,0
DA:235,1
DA:242,1
DA:249,2
DA:256,1
DA:261,1
DA:262,1
DA:264,0
DA:272,2
DA:273,2
DA:274,2
DA:276,0
DA:277,0
DA:285,1
DA:286,1
DA:288,0
DA:296,0
DA:303,0
DA:304,0
DA:305,0
DA:306,0
DA:308,0
DA:316,1
DA:317,1
DA:323,3
DA:330,3
DA:331,3
DA:332,0
DA:333,0
DA:336,3
DA:337,3
DA:338,3
DA:348,1
DA:349,1
DA:350,1
DA:352,1
DA:354,1
DA:361,1
DA:362,1
DA:363,1
DA:365,1
DA:367,1
DA:374,1
DA:379,5
DA:380,5
DA:387,5
DA:388,5
DA:389,3
DA:391,2
DA:399,7
DA:406,5
DA:413,4
DA:420,8
DA:427,1
DA:432,1
DA:433,1
DA:434,1
DA:436,1
DA:446,1
DA:447,1
DA:448,1
DA:450,1
DA:451,1
DA:460,1
DA:461,1
DA:463,1
DA:464,1
LF:125
LH:95
BRDA:19,0,0,5
BRDA:19,0,1,4
BRDA:23,1,0,4
BRDA:23,1,1,3
BRDA:32,2,0,2
BRDA:32,2,1,2
BRDA:32,2,2,1
BRDA:32,2,3,1
BRDA:50,3,0,0
BRDA:62,4,0,0
BRDA:82,5,0,0
BRDA:82,6,0,2
BRDA:87,7,0,1
BRDA:87,7,1,4
BRDA:89,8,0,1
BRDA:89,8,1,3
BRDA:103,9,0,0
BRDA:103,10,0,0
BRDA:110,11,0,2
BRDA:110,11,1,0
BRDA:112,12,0,2
BRDA:154,13,0,2
BRDA:172,14,0,5
BRDA:182,15,0,1
BRDA:193,16,0,0
BRDA:193,16,1,0
BRDA:193,16,2,0
BRDA:193,16,3,0
BRDA:195,17,0,0
BRDA:195,17,1,0
BRDA:196,18,0,0
BRDA:196,18,1,0
BRDA:203,19,0,0
BRDA:206,20,0,0
BRDA:213,21,0,0
BRDA:274,22,0,1
BRDA:274,22,1,1
BRDA:331,23,0,0
BRDA:433,24,0,1
BRF:39
BRH:21
end_of_record
TN:
SF:src\utils\logger.ts
FN:6,(anonymous_0)
FN:27,(anonymous_1)
FN:38,(anonymous_2)
FN:42,(anonymous_3)
FN:46,(anonymous_4)
FN:84,(anonymous_5)
FN:88,(anonymous_6)
FN:92,(anonymous_7)
FN:96,(anonymous_8)
FN:101,(anonymous_9)
FN:107,(anonymous_10)
FN:112,(anonymous_11)
FN:121,(anonymous_12)
FN:123,(anonymous_13)
FN:129,(anonymous_14)
FN:134,(anonymous_15)
FN:144,(anonymous_16)
FN:145,(anonymous_17)
FN:146,(anonymous_18)
FN:147,(anonymous_19)
FN:148,(anonymous_20)
FN:150,(anonymous_21)
FN:152,(anonymous_22)
FNF:23
FNH:0
FNDA:0,(anonymous_0)
FNDA:0,(anonymous_1)
FNDA:0,(anonymous_2)
FNDA:0,(anonymous_3)
FNDA:0,(anonymous_4)
FNDA:0,(anonymous_5)
FNDA:0,(anonymous_6)
FNDA:0,(anonymous_7)
FNDA:0,(anonymous_8)
FNDA:0,(anonymous_9)
FNDA:0,(anonymous_10)
FNDA:0,(anonymous_11)
FNDA:0,(anonymous_12)
FNDA:0,(anonymous_13)
FNDA:0,(anonymous_14)
FNDA:0,(anonymous_15)
FNDA:0,(anonymous_16)
FNDA:0,(anonymous_17)
FNDA:0,(anonymous_18)
FNDA:0,(anonymous_19)
FNDA:0,(anonymous_20)
FNDA:0,(anonymous_21)
FNDA:0,(anonymous_22)
DA:6,0
DA:7,0
DA:8,0
DA:9,0
DA:10,0
DA:11,0
DA:23,0
DA:24,0
DA:25,0
DA:29,0
DA:30,0
DA:34,0
DA:39,0
DA:43,0
DA:47,0
DA:55,0
DA:58,0
DA:59,0
DA:63,0
DA:64,0
DA:65,0
DA:67,0
DA:69,0
DA:70,0
DA:72,0
DA:73,0
DA:75,0
DA:76,0
DA:78,0
DA:79,0
DA:85,0
DA:89,0
DA:93,0
DA:97,0
DA:102,0
DA:103,0
DA:108,0
DA:113,0
DA:122,0
DA:123,0
DA:125,0
DA:130,0
DA:135,0
DA:140,0
DA:143,0
DA:144,0
DA:145,0
DA:146,0
DA:147,0
DA:149,0
DA:151,0
DA:152,0
DA:163,0
DA:164,0
LF:54
LH:0
BRDA:6,0,0,0
BRDA:6,0,1,0
BRDA:29,1,0,0
BRDA:29,1,1,0
BRDA:29,2,0,0
BRDA:29,2,1,0
BRDA:58,3,0,0
BRDA:63,4,0,0
BRDA:63,5,0,0
BRDA:63,5,1,0
BRDA:63,5,2,0
BRDA:64,6,0,0
BRDA:64,6,1,0
BRDA:67,7,0,0
BRDA:67,7,1,0
BRDA:67,7,2,0
BRDA:67,7,3,0
BRDA:69,8,0,0
BRDA:69,8,1,0
BRDA:72,9,0,0
BRDA:72,9,1,0
BRDA:75,10,0,0
BRDA:75,10,1,0
BRDA:78,11,0,0
BRDA:78,11,1,0
BRDA:103,12,0,0
BRDA:103,12,1,0
BRDA:108,13,0,0
BRDA:108,13,1,0
BRDA:113,14,0,0
BRDA:113,14,1,0
BRDA:122,15,0,0
BRDA:163,16,0,0
BRF:33
BRH:0
end_of_record
